/storage/software/PyTorch/1.12.0-foss-2022a-CUDA-11.7.0/lib/python3.10/site-packages/torch/autograd/__init__.py:173: UserWarning: Error detected in MulBackward0. Traceback of forward call that caused the error:
  File "/itf-fi-ml/home/mansurd/Master/CardiacVerification/problem3/problem3.py", line 171, in <module>
    DemLV.train_model(domain, dirichlet, neumann, shape=shape, LHD=None,
  File "/itf-fi-ml/home/mansurd/Master/CardiacVerification/problem3/../../DEM.py", line 136, in train_model
    optimizer.step(closure)
  File "/storage/software/PyTorch/1.12.0-foss-2022a-CUDA-11.7.0/lib/python3.10/site-packages/torch/optim/optimizer.py", line 109, in wrapper
    return func(*args, **kwargs)
  File "/storage/software/PyTorch/1.12.0-foss-2022a-CUDA-11.7.0/lib/python3.10/site-packages/torch/autograd/grad_mode.py", line 27, in decorate_context
    return func(*args, **kwargs)
  File "/storage/software/PyTorch/1.12.0-foss-2022a-CUDA-11.7.0/lib/python3.10/site-packages/torch/optim/lbfgs.py", line 311, in step
    orig_loss = closure()
  File "/storage/software/PyTorch/1.12.0-foss-2022a-CUDA-11.7.0/lib/python3.10/site-packages/torch/autograd/grad_mode.py", line 27, in decorate_context
    return func(*args, **kwargs)
  File "/itf-fi-ml/home/mansurd/Master/CardiacVerification/problem3/../../DEM.py", line 103, in closure
    IntEnergy = self.energy(u_pred, self.x)
  File "/itf-fi-ml/home/mansurd/Master/CardiacVerification/problem3/../../EnergyModels.py", line 273, in __call__
    detF, Q, I4f0 = self._get_invariants(u, x)
  File "/itf-fi-ml/home/mansurd/Master/CardiacVerification/problem3/../../EnergyModels.py", line 260, in _get_invariants
    detF, Q = super()._get_invariants(u, x)
  File "/itf-fi-ml/home/mansurd/Master/CardiacVerification/problem3/../../EnergyModels.py", line 203, in _get_invariants
    detF, _ = super()._get_invariants(u, x)
  File "/itf-fi-ml/home/mansurd/Master/CardiacVerification/problem3/../../EnergyModels.py", line 165, in _get_invariants
    Ezz = 0.5*(Czz - 1)
 (Triggered internally at  /dev/shm/PyTorch/1.12.0/foss-2022a-CUDA-11.7.0/pytorch/torch/csrc/autograd/python_anomaly_mode.cpp:102.)
  Variable._execution_engine.run_backward(  # Calls into the C++ engine to run the backward pass
Running on GPU
cuda
Traceback (most recent call last):
  File "/itf-fi-ml/home/mansurd/Master/CardiacVerification/problem3/problem3.py", line 171, in <module>
    DemLV.train_model(domain, dirichlet, neumann, shape=shape, LHD=None, 
  File "/itf-fi-ml/home/mansurd/Master/CardiacVerification/problem3/../../DEM.py", line 136, in train_model
    optimizer.step(closure)
  File "/storage/software/PyTorch/1.12.0-foss-2022a-CUDA-11.7.0/lib/python3.10/site-packages/torch/optim/optimizer.py", line 109, in wrapper
    return func(*args, **kwargs)
  File "/storage/software/PyTorch/1.12.0-foss-2022a-CUDA-11.7.0/lib/python3.10/site-packages/torch/autograd/grad_mode.py", line 27, in decorate_context
    return func(*args, **kwargs)
  File "/storage/software/PyTorch/1.12.0-foss-2022a-CUDA-11.7.0/lib/python3.10/site-packages/torch/optim/lbfgs.py", line 311, in step
    orig_loss = closure()
  File "/storage/software/PyTorch/1.12.0-foss-2022a-CUDA-11.7.0/lib/python3.10/site-packages/torch/autograd/grad_mode.py", line 27, in decorate_context
    return func(*args, **kwargs)
  File "/itf-fi-ml/home/mansurd/Master/CardiacVerification/problem3/../../DEM.py", line 126, in closure
    loss.backward()
  File "/storage/software/PyTorch/1.12.0-foss-2022a-CUDA-11.7.0/lib/python3.10/site-packages/torch/_tensor.py", line 396, in backward
    torch.autograd.backward(self, gradient, retain_graph, create_graph, inputs=inputs)
  File "/storage/software/PyTorch/1.12.0-foss-2022a-CUDA-11.7.0/lib/python3.10/site-packages/torch/autograd/__init__.py", line 173, in backward
    Variable._execution_engine.run_backward(  # Calls into the C++ engine to run the backward pass
RuntimeError: Function 'MulBackward0' returned nan values in its 0th output.
Running on GPU
cuda
Iter:   1, Energy: -83497.77405, Int: 26190.60378, Ext: 109688.37783, Loss_change: 83497.77344
Iter:   2, Energy: -103547.82701, Int: 7429.65401, Ext: 110977.48102, Loss_change: 20050.05296
Iter:   3, Energy: -108686.22432, Int: 1970.02333, Ext: 110656.24765, Loss_change: 5138.39730
Iter:   4, Energy: -110191.66572, Int:   43.16393, Ext: 110234.82965, Loss_change: 1505.44140
Iter:   5, Energy: -110759.58609, Int: -534.34584, Ext: 110225.24025, Loss_change:  567.92036
Iter:   6, Energy: -111258.99507, Int: -1153.65010, Ext: 110105.34498, Loss_change:  499.40899
Iter:   7, Energy: -111696.22267, Int: -2015.49876, Ext: 109680.72391, Loss_change:  437.22759
Iter:   8, Energy: -112101.94314, Int: -3157.36883, Ext: 108944.57432, Loss_change:  405.72048
Iter:   9, Energy: -112472.80808, Int: -4273.00661, Ext: 108199.80147, Loss_change:  370.86494
Iter:  10, Energy: -112794.45669, Int: -5019.16215, Ext: 107775.29454, Loss_change:  321.64861
Iter:  11, Energy: -113052.79111, Int: -5364.27904, Ext: 107688.51208, Loss_change:  258.33442
Iter:  12, Energy: -113311.73720, Int: -5540.85039, Ext: 107770.88681, Loss_change:  258.94609
Iter:  13, Energy: -113537.23037, Int: -5697.46101, Ext: 107839.76936, Loss_change:  225.49317
Iter:  14, Energy: -113730.88907, Int: -5922.18702, Ext: 107808.70204, Loss_change:  193.65870
Iter:  15, Energy: -113892.27260, Int: -6131.98544, Ext: 107760.28716, Loss_change:  161.38353
Iter:  16, Energy: -114002.68074, Int: -6203.42244, Ext: 107799.25829, Loss_change:  110.40814
Iter:  17, Energy: -114088.98259, Int: -6246.14244, Ext: 107842.84015, Loss_change:   86.30185
Iter:  18, Energy: -114175.54389, Int: -6315.03468, Ext: 107860.50922, Loss_change:   86.56131
Iter:  19, Energy: -114275.85723, Int: -6463.74481, Ext: 107812.11242, Loss_change:  100.31333
Iter:  20, Energy: -114391.73517, Int: -6679.26587, Ext: 107712.46931, Loss_change:  115.87795
Iter:  21, Energy: -114544.33332, Int: -6730.47438, Ext: 107813.85894, Loss_change:  152.59814
Iter:  22, Energy: -114697.09288, Int: -6685.17485, Ext: 108011.91803, Loss_change:  152.75956
Iter:  23, Energy: -114817.16841, Int: -6539.02818, Ext: 108278.14023, Loss_change:  120.07553
Iter:  24, Energy: -114878.17277, Int: -6425.85801, Ext: 108452.31476, Loss_change:   61.00436
Iter:  25, Energy: -114946.50653, Int: -6309.11768, Ext: 108637.38885, Loss_change:   68.33376
Iter:  26, Energy: -115013.96093, Int: -6299.52114, Ext: 108714.43980, Loss_change:   67.45440
Iter:  27, Energy: -115071.82860, Int: -6360.44895, Ext: 108711.37964, Loss_change:   57.86767
Iter:  28, Energy: -115133.33510, Int: -6386.57544, Ext: 108746.75966, Loss_change:   61.50650
Iter:  29, Energy: -115180.81774, Int: -6338.08558, Ext: 108842.73216, Loss_change:   47.48264
Iter:  30, Energy: -115230.50533, Int: -6252.58611, Ext: 108977.91923, Loss_change:   49.68759
Iter:  31, Energy: -115304.04866, Int: -6151.47448, Ext: 109152.57417, Loss_change:   73.54332
Iter:  32, Energy: -115369.02660, Int: -6100.62641, Ext: 109268.40020, Loss_change:   64.97795
Iter:  33, Energy: -115435.47535, Int: -6071.45604, Ext: 109364.01931, Loss_change:   66.44874
Iter:  34, Energy: -115507.63398, Int: -6015.12374, Ext: 109492.51024, Loss_change:   72.15863
Iter:  35, Energy: -115553.82899, Int: -5915.58217, Ext: 109638.24682, Loss_change:   46.19501
Iter:  36, Energy: -115592.36536, Int: -5777.73341, Ext: 109814.63195, Loss_change:   38.53637
Iter:  37, Energy: -115658.03834, Int: -5572.15769, Ext: 110085.88065, Loss_change:   65.67299
Iter:  38, Energy: -115712.37995, Int: -5443.16700, Ext: 110269.21295, Loss_change:   54.34160
Iter:  39, Energy: -115763.98955, Int: -5403.72227, Ext: 110360.26728, Loss_change:   51.60961
Iter:  40, Energy: -115805.58484, Int: -5357.34387, Ext: 110448.24098, Loss_change:   41.59529
Iter:  41, Energy: -115846.48225, Int: -5266.45500, Ext: 110580.02725, Loss_change:   40.89740
Iter:  42, Energy: -115892.34571, Int: -5118.45589, Ext: 110773.88982, Loss_change:   45.86346
Iter:  43, Energy: -115944.61240, Int: -4922.19517, Ext: 111022.41723, Loss_change:   52.26670
Iter:  44, Energy: -116023.43205, Int: -4645.31232, Ext: 111378.11973, Loss_change:   78.81964
Iter:  45, Energy: -116078.59066, Int: -4471.67773, Ext: 111606.91292, Loss_change:   55.15861
Iter:  46, Energy: -116118.27677, Int: -4369.22245, Ext: 111749.05432, Loss_change:   39.68611
Iter:  47, Energy: -116155.14404, Int: -4292.21745, Ext: 111862.92659, Loss_change:   36.86728
Iter:  48, Energy: -116191.35366, Int: -4201.79179, Ext: 111989.56187, Loss_change:   36.20962
Iter:  49, Energy: -116231.21862, Int: -4023.47310, Ext: 112207.74552, Loss_change:   39.86496
Iter:  50, Energy: -116268.00197, Int: -3790.30362, Ext: 112477.69835, Loss_change:   36.78335
Iter:  51, Energy: -116303.42892, Int: -3541.01774, Ext: 112762.41118, Loss_change:   35.42695
Iter:  52, Energy: -116344.37566, Int: -3311.58306, Ext: 113032.79260, Loss_change:   40.94674
Iter:  53, Energy: -116379.56179, Int: -3148.75300, Ext: 113230.80878, Loss_change:   35.18613
Iter:  54, Energy: -116414.80694, Int: -3014.86573, Ext: 113399.94121, Loss_change:   35.24515
Iter:  55, Energy: -116457.79454, Int: -2840.96401, Ext: 113616.83053, Loss_change:   42.98760
Iter:  56, Energy: -116490.83958, Int: -2653.02596, Ext: 113837.81362, Loss_change:   33.04504
Iter:  57, Energy: -116516.72896, Int: -2482.69923, Ext: 114034.02973, Loss_change:   25.88938
Iter:  58, Energy: -116541.41818, Int: -2346.41038, Ext: 114195.00780, Loss_change:   24.68921
Iter:  59, Energy: -116567.26207, Int: -2251.50350, Ext: 114315.75857, Loss_change:   25.84390
Iter:  60, Energy: -116597.55815, Int: -2151.88130, Ext: 114445.67685, Loss_change:   30.29608
Iter:  61, Energy: -116616.51769, Int: -2115.39254, Ext: 114501.12516, Loss_change:   18.95954
Iter:  62, Energy: -116633.82941, Int: -2115.81412, Ext: 114518.01529, Loss_change:   17.31172
Iter:  63, Energy: -116654.68616, Int: -2128.20109, Ext: 114526.48507, Loss_change:   20.85674
Iter:  64, Energy: -116674.60639, Int: -2104.18833, Ext: 114570.41806, Loss_change:   19.92023
Iter:  65, Energy: -116696.65266, Int: -2034.66249, Ext: 114661.99017, Loss_change:   22.04627
Iter:  66, Energy: -116713.60298, Int: -1947.53151, Ext: 114766.07147, Loss_change:   16.95032
Iter:  67, Energy: -116729.45020, Int: -1853.00096, Ext: 114876.44924, Loss_change:   15.84722
Iter:  68, Energy: -116744.90156, Int: -1762.95717, Ext: 114981.94439, Loss_change:   15.45136
Iter:  69, Energy: -116756.80262, Int: -1702.61194, Ext: 115054.19069, Loss_change:   11.90107
Iter:  70, Energy: -116767.71675, Int: -1660.84626, Ext: 115106.87048, Loss_change:   10.91412
Iter:  71, Energy: -116778.55707, Int: -1635.86979, Ext: 115142.68727, Loss_change:   10.84032
Iter:  72, Energy: -116790.08005, Int: -1617.68372, Ext: 115172.39633, Loss_change:   11.52298
Iter:  73, Energy: -116804.43672, Int: -1615.52099, Ext: 115188.91573, Loss_change:   14.35667
Iter:  74, Energy: -116817.64017, Int: -1640.00177, Ext: 115177.63840, Loss_change:   13.20345
Iter:  75, Energy: -116826.16816, Int: -1665.71075, Ext: 115160.45742, Loss_change:    8.52799
Iter:  76, Energy: -116834.23942, Int: -1682.52652, Ext: 115151.71290, Loss_change:    8.07126
Iter:  77, Energy: -116844.76001, Int: -1676.91457, Ext: 115167.84545, Loss_change:   10.52059
Iter:  78, Energy: -116863.19497, Int: -1640.41428, Ext: 115222.78069, Loss_change:   18.43495
Iter:  79, Energy: -116880.21427, Int: -1576.47071, Ext: 115303.74355, Loss_change:   17.01930
Iter:  80, Energy: -116893.28616, Int: -1512.54798, Ext: 115380.73819, Loss_change:   13.07190
Iter:  81, Energy: -116901.10051, Int: -1481.23727, Ext: 115419.86324, Loss_change:    7.81434
Iter:  82, Energy: -116909.61788, Int: -1453.63471, Ext: 115455.98317, Loss_change:    8.51737
Iter:  83, Energy: -116923.99352, Int: -1391.96626, Ext: 115532.02726, Loss_change:   14.37564
Iter:  84, Energy: -116933.83379, Int: -1336.66145, Ext: 115597.17234, Loss_change:    9.84027
Iter:  85, Energy: -116944.16012, Int: -1269.23915, Ext: 115674.92098, Loss_change:   10.32633
Iter:  86, Energy: -116954.60470, Int: -1224.44897, Ext: 115730.15572, Loss_change:   10.44457
Iter:  87, Energy: -116961.42949, Int: -1201.19754, Ext: 115760.23195, Loss_change:    6.82479
Iter:  88, Energy: -116967.49491, Int: -1166.04549, Ext: 115801.44942, Loss_change:    6.06542
Iter:  89, Energy: -116977.73979, Int: -1093.49264, Ext: 115884.24714, Loss_change:   10.24487
Iter:  90, Energy: -116985.93020, Int: -1022.88771, Ext: 115963.04249, Loss_change:    8.19042
Iter:  91, Energy: -116990.93737, Int: -992.02852, Ext: 115998.90885, Loss_change:    5.00716
Iter:  92, Energy: -116996.63346, Int: -1002.02145, Ext: 115994.61200, Loss_change:    5.69609
Iter:  93, Energy: -117001.75157, Int: -1035.42136, Ext: 115966.33021, Loss_change:    5.11811
Iter:  94, Energy: -117008.61648, Int: -1072.87131, Ext: 115935.74517, Loss_change:    6.86491
Iter:  95, Energy: -117016.16380, Int: -1075.47257, Ext: 115940.69123, Loss_change:    7.54732
Iter:  96, Energy: -117020.67770, Int: -1050.55299, Ext: 115970.12472, Loss_change:    4.51390
Iter:  97, Energy: -117025.11493, Int: -1035.65953, Ext: 115989.45540, Loss_change:    4.43723
Iter:  98, Energy: -117029.41441, Int: -1040.10507, Ext: 115989.30934, Loss_change:    4.29948
Iter:  99, Energy: -117034.95635, Int: -1046.58467, Ext: 115988.37168, Loss_change:    5.54194
Iter: 100, Energy: -117039.77335, Int: -1038.73030, Ext: 116001.04305, Loss_change:    4.81700
Iter: 101, Energy: -117043.14551, Int: -1015.82652, Ext: 116027.31899, Loss_change:    3.37216
Iter: 102, Energy: -117046.59367, Int: -993.77968, Ext: 116052.81399, Loss_change:    3.44816
Iter: 103, Energy: -117049.59924, Int: -990.16069, Ext: 116059.43855, Loss_change:    3.00557
Iter: 104, Energy: -117052.12687, Int: -1004.80863, Ext: 116047.31824, Loss_change:    2.52764
Iter: 105, Energy: -117055.43706, Int: -1029.98552, Ext: 116025.45155, Loss_change:    3.31019
Iter: 106, Energy: -117059.25360, Int: -1048.35699, Ext: 116010.89661, Loss_change:    3.81654
Iter: 107, Energy: -117062.13127, Int: -1050.00150, Ext: 116012.12977, Loss_change:    2.87767
Iter: 108, Energy: -117064.97291, Int: -1049.00340, Ext: 116015.96951, Loss_change:    2.84164
Iter: 109, Energy: -117067.86086, Int: -1059.89458, Ext: 116007.96627, Loss_change:    2.88795
Iter: 110, Energy: -117070.29210, Int: -1083.53931, Ext: 115986.75278, Loss_change:    2.43124
Iter: 111, Energy: -117073.46207, Int: -1118.55680, Ext: 115954.90527, Loss_change:    3.16998
Iter: 112, Energy: -117076.21491, Int: -1144.18815, Ext: 115932.02675, Loss_change:    2.75283
Iter: 113, Energy: -117078.70346, Int: -1150.79277, Ext: 115927.91069, Loss_change:    2.48855
Iter: 114, Energy: -117081.42926, Int: -1143.98416, Ext: 115937.44510, Loss_change:    2.72580
Iter: 115, Energy: -117084.39321, Int: -1134.57918, Ext: 115949.81403, Loss_change:    2.96395
Iter: 116, Energy: -117087.64749, Int: -1128.74101, Ext: 115958.90649, Loss_change:    3.25428
Iter: 117, Energy: -117089.93350, Int: -1126.93665, Ext: 115962.99685, Loss_change:    2.28601
Iter: 118, Energy: -117092.52183, Int: -1123.18036, Ext: 115969.34147, Loss_change:    2.58833
Iter: 119, Energy: -117095.79252, Int: -1113.48551, Ext: 115982.30701, Loss_change:    3.27068
Iter: 120, Energy: -117098.38666, Int: -1111.17440, Ext: 115987.21226, Loss_change:    2.59414
Iter: 121, Energy: -117102.26168, Int: -1110.45061, Ext: 115991.81107, Loss_change:    3.87502
Iter: 122, Energy: -117106.61762, Int: -1092.49624, Ext: 116014.12138, Loss_change:    4.35594
Iter: 123, Energy: -117110.33892, Int: -1071.76997, Ext: 116038.56895, Loss_change:    3.72131
Iter: 124, Energy: -117112.37105, Int: -1067.67487, Ext: 116044.69618, Loss_change:    2.03212
Iter: 125, Energy: -117114.69360, Int: -1084.54073, Ext: 116030.15287, Loss_change:    2.32255
Iter: 126, Energy: -117118.23183, Int: -1118.96989, Ext: 115999.26194, Loss_change:    3.53823
Iter: 127, Energy: -117122.04741, Int: -1133.53907, Ext: 115988.50834, Loss_change:    3.81557
Iter: 128, Energy: -117125.16247, Int: -1121.38061, Ext: 116003.78186, Loss_change:    3.11507
Iter: 129, Energy: -117127.48919, Int: -1104.24358, Ext: 116023.24561, Loss_change:    2.32672
Iter: 130, Energy: -117130.34916, Int: -1095.61191, Ext: 116034.73725, Loss_change:    2.85997
Iter: 131, Energy: -117132.49872, Int: -1104.44020, Ext: 116028.05852, Loss_change:    2.14957
Iter: 132, Energy: -117134.60293, Int: -1111.87415, Ext: 116022.72878, Loss_change:    2.10421
Iter: 133, Energy: -117137.41468, Int: -1108.13205, Ext: 116029.28263, Loss_change:    2.81175
Iter: 134, Energy: -117139.13177, Int: -1094.97996, Ext: 116044.15181, Loss_change:    1.71708
Iter: 135, Energy: -117140.79837, Int: -1080.52529, Ext: 116060.27308, Loss_change:    1.66661
Iter: 136, Energy: -117142.58476, Int: -1075.41503, Ext: 116067.16972, Loss_change:    1.78639
Iter: 137, Energy: -117144.26582, Int: -1082.99883, Ext: 116061.26699, Loss_change:    1.68106
Iter: 138, Energy: -117146.00711, Int: -1085.46344, Ext: 116060.54366, Loss_change:    1.74129
Iter: 139, Energy: -117147.50375, Int: -1071.19935, Ext: 116076.30440, Loss_change:    1.49664
Iter: 140, Energy: -117148.93902, Int: -1043.46680, Ext: 116105.47222, Loss_change:    1.43527
Iter: 141, Energy: -117150.58275, Int: -1013.96356, Ext: 116136.61920, Loss_change:    1.64374
Iter: 142, Energy: -117152.48599, Int: -1001.63575, Ext: 116150.85024, Loss_change:    1.90323
Iter: 143, Energy: -117154.98329, Int: -1013.52380, Ext: 116141.45950, Loss_change:    2.49731
Iter: 144, Energy: -117156.52847, Int: -1026.23075, Ext: 116130.29772, Loss_change:    1.54518
Iter: 145, Energy: -117158.24766, Int: -1024.49559, Ext: 116133.75207, Loss_change:    1.71919
Iter: 146, Energy: -117159.80384, Int: -1010.46533, Ext: 116149.33851, Loss_change:    1.55618
Iter: 147, Energy: -117161.15484, Int: -998.43927, Ext: 116162.71557, Loss_change:    1.35100
Iter: 148, Energy: -117163.83155, Int: -989.34446, Ext: 116174.48709, Loss_change:    2.67671
Iter: 149, Energy: -117167.63380, Int: -982.76131, Ext: 116184.87248, Loss_change:    3.80224
Iter: 150, Energy: -117170.35761, Int: -993.84169, Ext: 116176.51592, Loss_change:    2.72382
Iter: 151, Energy: -117171.99528, Int: -1012.48386, Ext: 116159.51142, Loss_change:    1.63767
Iter: 152, Energy: -117173.58323, Int: -1032.28075, Ext: 116141.30248, Loss_change:    1.58794
Iter: 153, Energy: -117174.94400, Int: -1045.92786, Ext: 116129.01614, Loss_change:    1.36077
Iter: 154, Energy: -117176.06495, Int: -1050.89631, Ext: 116125.16864, Loss_change:    1.12095
Iter: 155, Energy: -117177.72990, Int: -1056.43501, Ext: 116121.29489, Loss_change:    1.66495
Iter: 156, Energy: -117179.41624, Int: -1062.06906, Ext: 116117.34718, Loss_change:    1.68634
Iter: 157, Energy: -117180.89113, Int: -1066.88102, Ext: 116114.01011, Loss_change:    1.47488
Iter: 158, Energy: -117182.64435, Int: -1061.68722, Ext: 116120.95713, Loss_change:    1.75322
Iter: 159, Energy: -117184.05660, Int: -1044.75588, Ext: 116139.30073, Loss_change:    1.41225
Iter: 160, Energy: -117185.30261, Int: -1021.21033, Ext: 116164.09229, Loss_change:    1.24601
Iter: 161, Energy: -117186.81589, Int: -990.08683, Ext: 116196.72906, Loss_change:    1.51327
Iter: 162, Energy: -117188.63005, Int: -956.81438, Ext: 116231.81567, Loss_change:    1.81417
Iter: 163, Energy: -117190.38689, Int: -930.46885, Ext: 116259.91804, Loss_change:    1.75683
Iter: 164, Energy: -117191.91086, Int: -916.32786, Ext: 116275.58300, Loss_change:    1.52398
Iter: 165, Energy: -117193.17198, Int: -912.52337, Ext: 116280.64861, Loss_change:    1.26111
Iter: 166, Energy: -117194.31521, Int: -917.82480, Ext: 116276.49042, Loss_change:    1.14324
Iter: 167, Energy: -117196.32512, Int: -936.00606, Ext: 116260.31906, Loss_change:    2.00990
Iter: 168, Energy: -117198.67367, Int: -955.97477, Ext: 116242.69891, Loss_change:    2.34856
Iter: 169, Energy: -117200.23418, Int: -961.09548, Ext: 116239.13871, Loss_change:    1.56051
Iter: 170, Energy: -117201.89435, Int: -955.29774, Ext: 116246.59661, Loss_change:    1.66017
Iter: 171, Energy: -117203.19623, Int: -950.14101, Ext: 116253.05522, Loss_change:    1.30188
Iter: 172, Energy: -117204.31995, Int: -954.53114, Ext: 116249.78881, Loss_change:    1.12372
Iter: 173, Energy: -117206.02535, Int: -966.63440, Ext: 116239.39095, Loss_change:    1.70540
Iter: 174, Energy: -117208.28823, Int: -973.27227, Ext: 116235.01595, Loss_change:    2.26287
Iter: 175, Energy: -117210.25212, Int: -978.67972, Ext: 116231.57239, Loss_change:    1.96389
Iter: 176, Energy: -117212.20644, Int: -981.67111, Ext: 116230.53533, Loss_change:    1.95432
Iter: 177, Energy: -117213.96516, Int: -978.94474, Ext: 116235.02042, Loss_change:    1.75872
Iter: 178, Energy: -117215.41260, Int: -966.67349, Ext: 116248.73911, Loss_change:    1.44744
Iter: 179, Energy: -117216.55119, Int: -952.53649, Ext: 116264.01471, Loss_change:    1.13859
Iter: 180, Energy: -117217.52828, Int: -944.48222, Ext: 116273.04606, Loss_change:    0.97709
Iter: 181, Energy: -117218.91139, Int: -945.05874, Ext: 116273.85265, Loss_change:    1.38311
Iter: 182, Energy: -117220.19635, Int: -957.65260, Ext: 116262.54375, Loss_change:    1.28496
Iter: 183, Energy: -117221.34933, Int: -974.87906, Ext: 116246.47027, Loss_change:    1.15298
Iter: 184, Energy: -117222.36740, Int: -992.01260, Ext: 116230.35480, Loss_change:    1.01807
Iter: 185, Energy: -117223.23067, Int: -1004.34873, Ext: 116218.88195, Loss_change:    0.86327
Iter: 186, Energy: -117224.33418, Int: -1009.80272, Ext: 116214.53145, Loss_change:    1.10350
Iter: 187, Energy: -117225.87344, Int: -999.36961, Ext: 116226.50383, Loss_change:    1.53926
Iter: 188, Energy: -117227.22707, Int: -979.47833, Ext: 116247.74874, Loss_change:    1.35363
Iter: 189, Energy: -117228.90656, Int: -967.33576, Ext: 116261.57081, Loss_change:    1.67950
Iter: 190, Energy: -117230.28951, Int: -979.53982, Ext: 116250.74970, Loss_change:    1.38295
Iter: 191, Energy: -117231.33973, Int: -997.03825, Ext: 116234.30147, Loss_change:    1.05022
Iter: 192, Energy: -117233.21131, Int: -1016.40483, Ext: 116216.80647, Loss_change:    1.87158
Iter: 193, Energy: -117234.26883, Int: -1033.14164, Ext: 116201.12719, Loss_change:    1.05752
Iter: 194, Energy: -117235.17377, Int: -1056.77790, Ext: 116178.39587, Loss_change:    0.90494
Iter: 195, Energy: -117236.10989, Int: -1080.13600, Ext: 116155.97390, Loss_change:    0.93612
Iter: 196, Energy: -117236.89180, Int: -1085.69629, Ext: 116151.19551, Loss_change:    0.78191
Iter: 197, Energy: -117237.69588, Int: -1072.25523, Ext: 116165.44065, Loss_change:    0.80408
Iter: 198, Energy: -117238.99261, Int: -1046.24516, Ext: 116192.74745, Loss_change:    1.29673
Iter: 199, Energy: -117240.54927, Int: -1025.13781, Ext: 116215.41146, Loss_change:    1.55666
Iter: 200, Energy: -117241.92127, Int: -1032.87228, Ext: 116209.04899, Loss_change:    1.37200
Iter: 201, Energy: -117243.07312, Int: -1063.71673, Ext: 116179.35639, Loss_change:    1.15185
Iter: 202, Energy: -117244.14820, Int: -1093.14643, Ext: 116151.00177, Loss_change:    1.07508
Iter: 203, Energy: -117245.10839, Int: -1098.30224, Ext: 116146.80615, Loss_change:    0.96020
Iter: 204, Energy: -117246.03724, Int: -1075.65886, Ext: 116170.37838, Loss_change:    0.92884
Iter: 205, Energy: -117247.05723, Int: -1038.87125, Ext: 116208.18598, Loss_change:    1.01999
Iter: 206, Energy: -117247.93369, Int: -1016.85201, Ext: 116231.08168, Loss_change:    0.87647
Iter: 207, Energy: -117248.68813, Int: -1017.67065, Ext: 116231.01748, Loss_change:    0.75444
Iter: 208, Energy: -117249.45979, Int: -1035.53671, Ext: 116213.92307, Loss_change:    0.77166
Iter: 209, Energy: -117250.31373, Int: -1053.90349, Ext: 116196.41023, Loss_change:    0.85394
Iter: 210, Energy: -117251.32437, Int: -1064.58539, Ext: 116186.73898, Loss_change:    1.01065
Iter: 211, Energy: -117252.52095, Int: -1070.16949, Ext: 116182.35146, Loss_change:    1.19657
Iter: 212, Energy: -117253.39437, Int: -1076.41310, Ext: 116176.98127, Loss_change:    0.87342
Iter: 213, Energy: -117254.47957, Int: -1088.72009, Ext: 116165.75949, Loss_change:    1.08520
Iter: 214, Energy: -117256.41687, Int: -1082.31850, Ext: 116174.09837, Loss_change:    1.93729
Iter: 215, Energy: -117258.30025, Int: -1052.53450, Ext: 116205.76574, Loss_change:    1.88338
Iter: 216, Energy: -117260.55668, Int: -1018.19320, Ext: 116242.36347, Loss_change:    2.25643
Iter: 217, Energy: -117262.13309, Int: -998.11200, Ext: 116264.02109, Loss_change:    1.57641
Iter: 218, Energy: -117263.71054, Int: -998.17513, Ext: 116265.53540, Loss_change:    1.57745
Iter: 219, Energy: -117264.81474, Int: -1004.38678, Ext: 116260.42797, Loss_change:    1.10420
Iter: 220, Energy: -117265.51090, Int: -1005.59580, Ext: 116259.91511, Loss_change:    0.69616
Iter: 221, Energy: -117266.32164, Int: -990.68110, Ext: 116275.64054, Loss_change:    0.81074
Iter: 222, Energy: -117267.17791, Int: -977.68671, Ext: 116289.49120, Loss_change:    0.85627
Iter: 223, Energy: -117268.09540, Int: -982.22032, Ext: 116285.87509, Loss_change:    0.91749
Iter: 224, Energy: -117268.80955, Int: -993.85953, Ext: 116274.95002, Loss_change:    0.71414
Iter: 225, Energy: -117269.83925, Int: -984.14012, Ext: 116285.69913, Loss_change:    1.02970
Iter: 226, Energy: -117270.58760, Int: -964.93283, Ext: 116305.65478, Loss_change:    0.74835
Iter: 227, Energy: -117271.42831, Int: -954.56699, Ext: 116316.86133, Loss_change:    0.84071
Iter: 228, Energy: -117272.84233, Int: -970.36463, Ext: 116302.47770, Loss_change:    1.41402
Iter: 229, Energy: -117273.76999, Int: -991.48596, Ext: 116282.28403, Loss_change:    0.92766
Iter: 230, Energy: -117274.79432, Int: -1000.58102, Ext: 116274.21330, Loss_change:    1.02433
Iter: 231, Energy: -117275.57152, Int: -1002.27068, Ext: 116273.30085, Loss_change:    0.77720
Iter: 232, Energy: -117276.74618, Int: -1001.14400, Ext: 116275.60218, Loss_change:    1.17466
Iter: 233, Energy: -117278.00500, Int: -998.32188, Ext: 116279.68312, Loss_change:    1.25882
Iter: 234, Energy: -117279.16783, Int: -995.12656, Ext: 116284.04128, Loss_change:    1.16284
Iter: 235, Energy: -117280.55045, Int: -989.15726, Ext: 116291.39318, Loss_change:    1.38261
Iter: 236, Energy: -117281.97913, Int: -980.31507, Ext: 116301.66406, Loss_change:    1.42868
Iter: 237, Energy: -117283.24245, Int: -975.84712, Ext: 116307.39533, Loss_change:    1.26333
Iter: 238, Energy: -117284.32060, Int: -971.00254, Ext: 116313.31805, Loss_change:    1.07814
Iter: 239, Energy: -117285.36110, Int: -954.99925, Ext: 116330.36184, Loss_change:    1.04050
Iter: 240, Energy: -117286.72239, Int: -933.50811, Ext: 116353.21428, Loss_change:    1.36129
Iter: 241, Energy: -117287.66835, Int: -923.64136, Ext: 116364.02699, Loss_change:    0.94596
Iter: 242, Energy: -117289.13520, Int: -908.60016, Ext: 116380.53504, Loss_change:    1.46685
Iter: 243, Energy: -117290.53199, Int: -904.93452, Ext: 116385.59746, Loss_change:    1.39678
Iter: 244, Energy: -117291.21503, Int: -916.35011, Ext: 116374.86492, Loss_change:    0.68305
Iter: 245, Energy: -117291.92693, Int: -929.64411, Ext: 116362.28281, Loss_change:    0.71189
Iter: 246, Energy: -117292.71596, Int: -933.65577, Ext: 116359.06019, Loss_change:    0.78904
Iter: 247, Energy: -117293.43591, Int: -923.57042, Ext: 116369.86549, Loss_change:    0.71995
Iter: 248, Energy: -117294.09908, Int: -905.73437, Ext: 116388.36471, Loss_change:    0.66316
Iter: 249, Energy: -117294.73158, Int: -895.09765, Ext: 116399.63393, Loss_change:    0.63250
Iter: 250, Energy: -117295.53931, Int: -902.30076, Ext: 116393.23856, Loss_change:    0.80774
Iter: 251, Energy: -117296.36884, Int: -922.87893, Ext: 116373.48990, Loss_change:    0.82953
Iter: 252, Energy: -117297.10645, Int: -935.87131, Ext: 116361.23514, Loss_change:    0.73761
Iter: 253, Energy: -117297.91594, Int: -931.36501, Ext: 116366.55094, Loss_change:    0.80950
Iter: 254, Energy: -117298.78302, Int: -911.02124, Ext: 116387.76178, Loss_change:    0.86707
Iter: 255, Energy: -117299.36591, Int: -895.32552, Ext: 116404.04040, Loss_change:    0.58290
Iter: 256, Energy: -117300.09293, Int: -894.84454, Ext: 116405.24839, Loss_change:    0.72702
Iter: 257, Energy: -117301.00126, Int: -925.61087, Ext: 116375.39039, Loss_change:    0.90833
Iter: 258, Energy: -117302.15070, Int: -979.71983, Ext: 116322.43087, Loss_change:    1.14944
Iter: 259, Energy: -117302.97091, Int: -1017.06328, Ext: 116285.90763, Loss_change:    0.82021
Iter: 260, Energy: -117303.90681, Int: -1032.59944, Ext: 116271.30737, Loss_change:    0.93590
Iter: 261, Energy: -117304.57118, Int: -1015.76882, Ext: 116288.80236, Loss_change:    0.66437
Iter: 262, Energy: -117305.25198, Int: -986.32023, Ext: 116318.93175, Loss_change:    0.68080
Iter: 263, Energy: -117306.06958, Int: -950.86018, Ext: 116355.20940, Loss_change:    0.81760
Iter: 264, Energy: -117306.73708, Int: -934.34049, Ext: 116372.39659, Loss_change:    0.66750
Iter: 265, Energy: -117307.51579, Int: -924.00891, Ext: 116383.50689, Loss_change:    0.77871
Iter: 266, Energy: -117308.40002, Int: -914.91217, Ext: 116393.48785, Loss_change:    0.88423
Iter: 267, Energy: -117309.04246, Int: -907.64567, Ext: 116401.39679, Loss_change:    0.64245
Iter: 268, Energy: -117309.67123, Int: -898.82126, Ext: 116410.84997, Loss_change:    0.62877
Iter: 269, Energy: -117310.42941, Int: -888.70221, Ext: 116421.72720, Loss_change:    0.75818
Iter: 270, Energy: -117311.40073, Int: -878.34818, Ext: 116433.05256, Loss_change:    0.97132
Iter: 271, Energy: -117312.65279, Int: -871.34167, Ext: 116441.31111, Loss_change:    1.25205
Iter: 272, Energy: -117313.46426, Int: -867.65241, Ext: 116445.81185, Loss_change:    0.81147
Iter: 273, Energy: -117314.40170, Int: -855.84888, Ext: 116458.55282, Loss_change:    0.93744
Iter: 274, Energy: -117315.28506, Int: -835.97363, Ext: 116479.31143, Loss_change:    0.88336
Iter: 275, Energy: -117315.99527, Int: -821.65980, Ext: 116494.33547, Loss_change:    0.71021
Iter: 276, Energy: -117317.28230, Int: -826.06240, Ext: 116491.21990, Loss_change:    1.28703
Iter: 277, Energy: -117318.30210, Int: -836.40168, Ext: 116481.90042, Loss_change:    1.01980
Iter: 278, Energy: -117319.21369, Int: -840.05647, Ext: 116479.15722, Loss_change:    0.91159
Iter: 279, Energy: -117320.08489, Int: -832.72806, Ext: 116487.35682, Loss_change:    0.87120
Iter: 280, Energy: -117320.91806, Int: -830.97161, Ext: 116489.94645, Loss_change:    0.83318
Iter: 281, Energy: -117321.76188, Int: -842.74346, Ext: 116479.01842, Loss_change:    0.84382
Iter: 282, Energy: -117322.47839, Int: -853.39651, Ext: 116469.08188, Loss_change:    0.71651
Iter: 283, Energy: -117323.29779, Int: -862.41604, Ext: 116460.88174, Loss_change:    0.81940
Iter: 284, Energy: -117324.29441, Int: -862.00523, Ext: 116462.28918, Loss_change:    0.99662
Iter: 285, Energy: -117325.30870, Int: -854.53565, Ext: 116470.77304, Loss_change:    1.01429
Iter: 286, Energy: -117325.90247, Int: -848.21908, Ext: 116477.68339, Loss_change:    0.59377
Iter: 287, Energy: -117326.76014, Int: -850.70598, Ext: 116476.05417, Loss_change:    0.85768
Iter: 288, Energy: -117327.73761, Int: -860.54251, Ext: 116467.19510, Loss_change:    0.97746
Iter: 289, Energy: -117328.58608, Int: -861.43352, Ext: 116467.15256, Loss_change:    0.84847
Iter: 290, Energy: -117329.72885, Int: -844.75915, Ext: 116484.96971, Loss_change:    1.14278
Iter: 291, Energy: -117330.66503, Int: -834.14066, Ext: 116496.52437, Loss_change:    0.93618
Iter: 292, Energy: -117331.42944, Int: -845.92811, Ext: 116485.50134, Loss_change:    0.76441
Iter: 293, Energy: -117332.25185, Int: -870.75017, Ext: 116461.50168, Loss_change:    0.82241
Iter: 294, Energy: -117333.07318, Int: -878.92301, Ext: 116454.15017, Loss_change:    0.82133
Iter: 295, Energy: -117333.84845, Int: -861.46443, Ext: 116472.38402, Loss_change:    0.77527
Iter: 296, Energy: -117334.95050, Int: -816.04903, Ext: 116518.90146, Loss_change:    1.10205
Iter: 297, Energy: -117336.23677, Int: -774.83639, Ext: 116561.40038, Loss_change:    1.28627
Iter: 298, Energy: -117337.30771, Int: -771.63820, Ext: 116565.66952, Loss_change:    1.07095
Iter: 299, Energy: -117338.20700, Int: -791.55946, Ext: 116546.64755, Loss_change:    0.89929
Iter: 300, Energy: -117338.90058, Int: -808.02815, Ext: 116530.87243, Loss_change:    0.69357
Running on GPU
cuda
Iter:   1, Energy: -107945.94456, Int: 1667.37009, Ext: 109613.31465, Loss_change: 107945.94531
Iter:   2, Energy: -110234.54342, Int: -250.34609, Ext: 109984.19733, Loss_change: 2288.59886
Iter:   3, Energy: -110580.75725, Int: -329.22397, Ext: 110251.53328, Loss_change:  346.21382
Iter:   4, Energy: -110708.96600, Int: -181.05096, Ext: 110527.91504, Loss_change:  128.20875
Iter:   5, Energy: -110808.85592, Int:  -12.75001, Ext: 110796.10591, Loss_change:   99.88992
Iter:   6, Energy: -111108.66398, Int: -667.76034, Ext: 110440.90364, Loss_change:  299.80806
Iter:   7, Energy: -111770.90804, Int: -2046.49719, Ext: 109724.41085, Loss_change:  662.24406
Iter:   8, Energy: -112689.92321, Int: -3776.78539, Ext: 108913.13782, Loss_change:  919.01517
Iter:   9, Energy: -113446.24293, Int: -5367.29812, Ext: 108078.94481, Loss_change:  756.31973
Iter:  10, Energy: -113785.74147, Int: -6045.82564, Ext: 107739.91583, Loss_change:  339.49853
Iter:  11, Energy: -114082.00151, Int: -6224.59910, Ext: 107857.40242, Loss_change:  296.26005
Iter:  12, Energy: -114278.69972, Int: -6383.12723, Ext: 107895.57250, Loss_change:  196.69821
Iter:  13, Energy: -114452.58758, Int: -6695.87865, Ext: 107756.70893, Loss_change:  173.88785
Iter:  14, Energy: -114573.28122, Int: -6832.51685, Ext: 107740.76437, Loss_change:  120.69365
Iter:  15, Energy: -114672.56805, Int: -6962.24413, Ext: 107710.32393, Loss_change:   99.28683
Iter:  16, Energy: -114804.41028, Int: -7203.53915, Ext: 107600.87113, Loss_change:  131.84223
Iter:  17, Energy: -114905.31437, Int: -7145.74701, Ext: 107759.56736, Loss_change:  100.90409
Iter:  18, Energy: -115014.36528, Int: -6867.79553, Ext: 108146.56975, Loss_change:  109.05092
Iter:  19, Energy: -115122.90510, Int: -6811.36973, Ext: 108311.53537, Loss_change:  108.53981
Iter:  20, Energy: -115211.50481, Int: -6834.47872, Ext: 108377.02608, Loss_change:   88.59971
Iter:  21, Energy: -115281.39531, Int: -6639.30822, Ext: 108642.08709, Loss_change:   69.89051
Iter:  22, Energy: -115355.13304, Int: -6510.34750, Ext: 108844.78554, Loss_change:   73.73773
Iter:  23, Energy: -115453.56821, Int: -6530.62446, Ext: 108922.94374, Loss_change:   98.43517
Iter:  24, Energy: -115547.69022, Int: -6470.49167, Ext: 109077.19855, Loss_change:   94.12201
Iter:  25, Energy: -115641.99536, Int: -6270.58926, Ext: 109371.40610, Loss_change:   94.30514
Iter:  26, Energy: -115729.74581, Int: -6044.57702, Ext: 109685.16879, Loss_change:   87.75045
Iter:  27, Energy: -115830.26799, Int: -5893.30872, Ext: 109936.95927, Loss_change:  100.52218
Iter:  28, Energy: -115935.21305, Int: -5702.25719, Ext: 110232.95586, Loss_change:  104.94506
Iter:  29, Energy: -116016.09199, Int: -5500.13073, Ext: 110515.96127, Loss_change:   80.87894
Iter:  30, Energy: -116117.18814, Int: -5143.97475, Ext: 110973.21338, Loss_change:  101.09614
Iter:  31, Energy: -116229.58878, Int: -4630.36990, Ext: 111599.21888, Loss_change:  112.40064
Iter:  32, Energy: -116324.20836, Int: -4127.58792, Ext: 112196.62044, Loss_change:   94.61958
Iter:  33, Energy: -116402.89135, Int: -3923.07065, Ext: 112479.82070, Loss_change:   78.68299
Iter:  34, Energy: -116485.99521, Int: -3665.32690, Ext: 112820.66831, Loss_change:   83.10386
Iter:  35, Energy: -116558.17342, Int: -3357.39378, Ext: 113200.77964, Loss_change:   72.17821
Iter:  36, Energy: -116613.74807, Int: -3151.63107, Ext: 113462.11701, Loss_change:   55.57466
Iter:  37, Energy: -116661.08531, Int: -3057.14239, Ext: 113603.94292, Loss_change:   47.33724
Iter:  38, Energy: -116711.04017, Int: -2879.96274, Ext: 113831.07743, Loss_change:   49.95486
Iter:  39, Energy: -116752.29598, Int: -2561.26219, Ext: 114191.03379, Loss_change:   41.25581
Iter:  40, Energy: -116776.25818, Int: -2470.30139, Ext: 114305.95679, Loss_change:   23.96220
Iter:  41, Energy: -116807.55121, Int: -2510.37086, Ext: 114297.18034, Loss_change:   31.29303
Iter:  42, Energy: -116831.59706, Int: -2348.92070, Ext: 114482.67636, Loss_change:   24.04586
Iter:  43, Energy: -116855.41850, Int: -2151.57040, Ext: 114703.84810, Loss_change:   23.82144
Iter:  44, Energy: -116891.24316, Int: -1954.42095, Ext: 114936.82221, Loss_change:   35.82466
Iter:  45, Energy: -116918.85919, Int: -1758.68080, Ext: 115160.17839, Loss_change:   27.61603
Iter:  46, Energy: -116937.56678, Int: -1624.78006, Ext: 115312.78673, Loss_change:   18.70760
Iter:  47, Energy: -116958.47852, Int: -1582.01099, Ext: 115376.46753, Loss_change:   20.91174
Iter:  48, Energy: -116977.16242, Int: -1588.26063, Ext: 115388.90179, Loss_change:   18.68390
Iter:  49, Energy: -116993.76397, Int: -1541.17256, Ext: 115452.59141, Loss_change:   16.60155
Iter:  50, Energy: -117010.15087, Int: -1543.42274, Ext: 115466.72813, Loss_change:   16.38690
Iter:  51, Energy: -117023.85504, Int: -1590.33308, Ext: 115433.52196, Loss_change:   13.70418
Iter:  52, Energy: -117037.14219, Int: -1576.65095, Ext: 115460.49124, Loss_change:   13.28714
Iter:  53, Energy: -117052.48082, Int: -1507.94581, Ext: 115544.53501, Loss_change:   15.33863
Iter:  54, Energy: -117067.18791, Int: -1509.28944, Ext: 115557.89847, Loss_change:   14.70709
Iter:  55, Energy: -117078.58638, Int: -1492.71741, Ext: 115585.86897, Loss_change:   11.39847
Iter:  56, Energy: -117092.59513, Int: -1411.75818, Ext: 115680.83694, Loss_change:   14.00874
Iter:  57, Energy: -117109.52668, Int: -1372.13530, Ext: 115737.39138, Loss_change:   16.93155
Iter:  58, Energy: -117119.31461, Int: -1319.07290, Ext: 115800.24170, Loss_change:    9.78793
Iter:  59, Energy: -117130.70757, Int: -1196.70110, Ext: 115934.00647, Loss_change:   11.39297
Iter:  60, Energy: -117138.29455, Int: -1229.28621, Ext: 115909.00835, Loss_change:    7.58698
Iter:  61, Energy: -117144.18134, Int: -1296.64949, Ext: 115847.53185, Loss_change:    5.88679
Iter:  62, Energy: -117151.05161, Int: -1263.12913, Ext: 115887.92248, Loss_change:    6.87027
Iter:  63, Energy: -117160.20938, Int: -1195.61396, Ext: 115964.59542, Loss_change:    9.15777
Iter:  64, Energy: -117170.71352, Int: -1190.08737, Ext: 115980.62616, Loss_change:   10.50414
Iter:  65, Energy: -117179.19220, Int: -1151.32440, Ext: 116027.86780, Loss_change:    8.47868
Iter:  66, Energy: -117192.52359, Int: -1106.26626, Ext: 116086.25733, Loss_change:   13.33139
Iter:  67, Energy: -117205.86499, Int: -1194.63977, Ext: 116011.22522, Loss_change:   13.34140
Iter:  68, Energy: -117215.33992, Int: -1304.30904, Ext: 115911.03087, Loss_change:    9.47492
Iter:  69, Energy: -117223.22569, Int: -1298.90761, Ext: 115924.31808, Loss_change:    7.88577
Iter:  70, Energy: -117229.04160, Int: -1242.86614, Ext: 115986.17547, Loss_change:    5.81591
Iter:  71, Energy: -117235.86935, Int: -1220.25569, Ext: 116015.61367, Loss_change:    6.82775
Iter:  72, Energy: -117244.40511, Int: -1253.04208, Ext: 115991.36302, Loss_change:    8.53575
Iter:  73, Energy: -117251.33680, Int: -1299.46377, Ext: 115951.87303, Loss_change:    6.93169
Iter:  74, Energy: -117256.61240, Int: -1275.07041, Ext: 115981.54199, Loss_change:    5.27560
Iter:  75, Energy: -117262.42860, Int: -1260.96859, Ext: 116001.46002, Loss_change:    5.81620
Iter:  76, Energy: -117268.94908, Int: -1278.91574, Ext: 115990.03334, Loss_change:    6.52048
Iter:  77, Energy: -117274.89197, Int: -1238.36285, Ext: 116036.52912, Loss_change:    5.94289
Iter:  78, Energy: -117280.06034, Int: -1146.29833, Ext: 116133.76202, Loss_change:    5.16838
Iter:  79, Energy: -117286.46113, Int: -1009.96767, Ext: 116276.49346, Loss_change:    6.40079
Iter:  80, Energy: -117293.74584, Int: -954.69269, Ext: 116339.05315, Loss_change:    7.28471
Iter:  81, Energy: -117300.38029, Int: -1018.04150, Ext: 116282.33879, Loss_change:    6.63445
Iter:  82, Energy: -117307.44847, Int: -1115.71202, Ext: 116191.73645, Loss_change:    7.06819
Iter:  83, Energy: -117314.90400, Int: -1064.13910, Ext: 116250.76490, Loss_change:    7.45553
Iter:  84, Energy: -117318.98833, Int: -964.02437, Ext: 116354.96397, Loss_change:    4.08433
Iter:  85, Energy: -117323.18286, Int: -936.86376, Ext: 116386.31910, Loss_change:    4.19453
Iter:  86, Energy: -117326.98246, Int: -971.32663, Ext: 116355.65583, Loss_change:    3.79960
Iter:  87, Energy: -117330.79818, Int: -978.57800, Ext: 116352.22018, Loss_change:    3.81572
Iter:  88, Energy: -117333.77974, Int: -961.97793, Ext: 116371.80181, Loss_change:    2.98156
Iter:  89, Energy: -117336.97470, Int: -926.65220, Ext: 116410.32250, Loss_change:    3.19496
Iter:  90, Energy: -117339.66707, Int: -875.12978, Ext: 116464.53729, Loss_change:    2.69237
Iter:  91, Energy: -117342.22677, Int: -851.04355, Ext: 116491.18323, Loss_change:    2.55970
Iter:  92, Energy: -117344.31165, Int: -874.65063, Ext: 116469.66103, Loss_change:    2.08488
Iter:  93, Energy: -117347.26298, Int: -914.17105, Ext: 116433.09193, Loss_change:    2.95133
Iter:  94, Energy: -117350.15657, Int: -924.04083, Ext: 116426.11574, Loss_change:    2.89359
Iter:  95, Energy: -117353.04289, Int: -904.54947, Ext: 116448.49341, Loss_change:    2.88631
Iter:  96, Energy: -117354.40765, Int: -895.32565, Ext: 116459.08200, Loss_change:    1.36476
Iter:  97, Energy: -117356.32166, Int: -891.31123, Ext: 116465.01044, Loss_change:    1.91401
Iter:  98, Energy: -117358.55350, Int: -877.83589, Ext: 116480.71761, Loss_change:    2.23184
Iter:  99, Energy: -117360.99772, Int: -883.74249, Ext: 116477.25523, Loss_change:    2.44422
Iter: 100, Energy: -117363.82334, Int: -888.99517, Ext: 116474.82817, Loss_change:    2.82562
Iter: 101, Energy: -117366.46694, Int: -854.53250, Ext: 116511.93444, Loss_change:    2.64360
Iter: 102, Energy: -117368.56661, Int: -886.40626, Ext: 116482.16036, Loss_change:    2.09968
Iter: 103, Energy: -117371.02374, Int: -911.73120, Ext: 116459.29254, Loss_change:    2.45713
Iter: 104, Energy: -117373.55508, Int: -939.18454, Ext: 116434.37054, Loss_change:    2.53134
Iter: 105, Energy: -117375.56052, Int: -938.52879, Ext: 116437.03174, Loss_change:    2.00544
Iter: 106, Energy: -117378.02222, Int: -873.27485, Ext: 116504.74737, Loss_change:    2.46170
Iter: 107, Energy: -117380.81286, Int: -827.60781, Ext: 116553.20505, Loss_change:    2.79064
Iter: 108, Energy: -117383.59918, Int: -854.99866, Ext: 116528.60053, Loss_change:    2.78632
Iter: 109, Energy: -117386.42296, Int: -854.25988, Ext: 116532.16308, Loss_change:    2.82378
Iter: 110, Energy: -117389.09121, Int: -854.70685, Ext: 116534.38436, Loss_change:    2.66825
Iter: 111, Energy: -117391.11714, Int: -874.23126, Ext: 116516.88588, Loss_change:    2.02593
Iter: 112, Energy: -117393.02469, Int: -877.63560, Ext: 116515.38909, Loss_change:    1.90756
Iter: 113, Energy: -117395.67942, Int: -912.38957, Ext: 116483.28984, Loss_change:    2.65472
Iter: 114, Energy: -117397.82636, Int: -917.22222, Ext: 116480.60414, Loss_change:    2.14694
Iter: 115, Energy: -117400.08742, Int: -867.56552, Ext: 116532.52190, Loss_change:    2.26106
Iter: 116, Energy: -117402.74645, Int: -850.23602, Ext: 116552.51042, Loss_change:    2.65903
Iter: 117, Energy: -117405.00245, Int: -841.09970, Ext: 116563.90276, Loss_change:    2.25601
Iter: 118, Energy: -117408.18487, Int: -805.65684, Ext: 116602.52803, Loss_change:    3.18241
Iter: 119, Energy: -117411.02662, Int: -829.01788, Ext: 116582.00874, Loss_change:    2.84175
Iter: 120, Energy: -117413.68499, Int: -866.16501, Ext: 116547.51998, Loss_change:    2.65837
Iter: 121, Energy: -117416.50644, Int: -874.01271, Ext: 116542.49373, Loss_change:    2.82145
Iter: 122, Energy: -117420.37359, Int: -889.34135, Ext: 116531.03224, Loss_change:    3.86715
Iter: 123, Energy: -117423.13495, Int: -909.71825, Ext: 116513.41670, Loss_change:    2.76136
Iter: 124, Energy: -117427.64464, Int: -887.98468, Ext: 116539.65996, Loss_change:    4.50969
Iter: 125, Energy: -117431.89006, Int: -856.54387, Ext: 116575.34619, Loss_change:    4.24541
Iter: 126, Energy: -117435.53354, Int: -836.16588, Ext: 116599.36766, Loss_change:    3.64349
Iter: 127, Energy: -117438.77322, Int: -776.90973, Ext: 116661.86350, Loss_change:    3.23968
Iter: 128, Energy: -117441.37404, Int: -779.09179, Ext: 116662.28225, Loss_change:    2.60082
Iter: 129, Energy: -117444.20580, Int: -874.28286, Ext: 116569.92294, Loss_change:    2.83176
Iter: 130, Energy: -117447.61395, Int: -931.87864, Ext: 116515.73532, Loss_change:    3.40815
Iter: 131, Energy: -117450.73659, Int: -990.09127, Ext: 116460.64533, Loss_change:    3.12264
Iter: 132, Energy: -117453.61627, Int: -1037.95032, Ext: 116415.66596, Loss_change:    2.87968
Iter: 133, Energy: -117456.05854, Int: -974.15889, Ext: 116481.89965, Loss_change:    2.44226
Iter: 134, Energy: -117458.74240, Int: -937.64627, Ext: 116521.09613, Loss_change:    2.68386
Iter: 135, Energy: -117461.06358, Int: -964.92320, Ext: 116496.14038, Loss_change:    2.32118
Iter: 136, Energy: -117463.69387, Int: -967.52312, Ext: 116496.17075, Loss_change:    2.63029
Iter: 137, Energy: -117466.93390, Int: -954.13499, Ext: 116512.79891, Loss_change:    3.24003
Iter: 138, Energy: -117470.15460, Int: -949.79422, Ext: 116520.36038, Loss_change:    3.22069
Iter: 139, Energy: -117472.60515, Int: -925.36223, Ext: 116547.24292, Loss_change:    2.45055
Iter: 140, Energy: -117476.15689, Int: -884.40124, Ext: 116591.75565, Loss_change:    3.55175
Iter: 141, Energy: -117478.46471, Int: -932.00120, Ext: 116546.46351, Loss_change:    2.30782
Iter: 142, Energy: -117481.26799, Int: -958.21313, Ext: 116523.05486, Loss_change:    2.80328
Iter: 143, Energy: -117483.89090, Int: -940.49067, Ext: 116543.40023, Loss_change:    2.62291
Iter: 144, Energy: -117485.78865, Int: -984.02094, Ext: 116501.76771, Loss_change:    1.89775
Iter: 145, Energy: -117488.15800, Int: -1013.27960, Ext: 116474.87840, Loss_change:    2.36935
Iter: 146, Energy: -117491.76920, Int: -1001.98033, Ext: 116489.78886, Loss_change:    3.61120
Iter: 147, Energy: -117494.75752, Int: -954.36412, Ext: 116540.39340, Loss_change:    2.98833
Iter: 148, Energy: -117497.44095, Int: -963.02585, Ext: 116534.41510, Loss_change:    2.68342
Iter: 149, Energy: -117500.04214, Int: -969.16376, Ext: 116530.87838, Loss_change:    2.60119
Iter: 150, Energy: -117502.59128, Int: -982.36832, Ext: 116520.22296, Loss_change:    2.54914
Iter: 151, Energy: -117505.09846, Int: -1007.40090, Ext: 116497.69756, Loss_change:    2.50718
Iter: 152, Energy: -117507.17968, Int: -970.96679, Ext: 116536.21289, Loss_change:    2.08122
Iter: 153, Energy: -117510.31715, Int: -986.68646, Ext: 116523.63069, Loss_change:    3.13747
Iter: 154, Energy: -117512.77464, Int: -1052.93834, Ext: 116459.83630, Loss_change:    2.45749
Iter: 155, Energy: -117515.47070, Int: -1023.47527, Ext: 116491.99543, Loss_change:    2.69606
Iter: 156, Energy: -117518.31313, Int: -968.72825, Ext: 116549.58488, Loss_change:    2.84243
Iter: 157, Energy: -117520.81402, Int: -980.31486, Ext: 116540.49916, Loss_change:    2.50089
Iter: 158, Energy: -117522.96523, Int: -974.98607, Ext: 116547.97917, Loss_change:    2.15121
Iter: 159, Energy: -117525.56426, Int: -925.63901, Ext: 116599.92525, Loss_change:    2.59903
Iter: 160, Energy: -117527.02764, Int: -932.89122, Ext: 116594.13642, Loss_change:    1.46338
Iter: 161, Energy: -117529.64705, Int: -986.24342, Ext: 116543.40363, Loss_change:    2.61941
Iter: 162, Energy: -117532.47640, Int: -1017.57059, Ext: 116514.90581, Loss_change:    2.82934
Iter: 163, Energy: -117535.43012, Int: -1015.43738, Ext: 116519.99274, Loss_change:    2.95372
Iter: 164, Energy: -117537.28381, Int: -1026.01016, Ext: 116511.27365, Loss_change:    1.85369
Iter: 165, Energy: -117539.30056, Int: -1059.49247, Ext: 116479.80809, Loss_change:    2.01675
Iter: 166, Energy: -117541.19109, Int: -1053.44820, Ext: 116487.74289, Loss_change:    1.89054
Iter: 167, Energy: -117543.49022, Int: -1039.93971, Ext: 116503.55051, Loss_change:    2.29913
Iter: 168, Energy: -117546.02352, Int: -1012.92808, Ext: 116533.09544, Loss_change:    2.53329
Iter: 169, Energy: -117548.25181, Int: -965.61763, Ext: 116582.63418, Loss_change:    2.22829
Iter: 170, Energy: -117549.62221, Int: -943.22820, Ext: 116606.39401, Loss_change:    1.37041
Iter: 171, Energy: -117551.41967, Int: -928.12902, Ext: 116623.29065, Loss_change:    1.79746
Iter: 172, Energy: -117553.08473, Int: -950.46113, Ext: 116602.62361, Loss_change:    1.66506
Iter: 173, Energy: -117554.91220, Int: -989.86294, Ext: 116565.04927, Loss_change:    1.82747
Iter: 174, Energy: -117556.80881, Int: -1034.10325, Ext: 116522.70556, Loss_change:    1.89660
Iter: 175, Energy: -117558.60972, Int: -1043.68368, Ext: 116514.92604, Loss_change:    1.80092
Iter: 176, Energy: -117560.03349, Int: -1028.38297, Ext: 116531.65052, Loss_change:    1.42377
Iter: 177, Energy: -117561.52121, Int: -1041.76991, Ext: 116519.75130, Loss_change:    1.48772
Iter: 178, Energy: -117563.19165, Int: -1047.85041, Ext: 116515.34123, Loss_change:    1.67044
Iter: 179, Energy: -117564.74210, Int: -1009.30688, Ext: 116555.43523, Loss_change:    1.55046
Iter: 180, Energy: -117566.53676, Int: -982.13080, Ext: 116584.40596, Loss_change:    1.79466
Iter: 181, Energy: -117568.70434, Int: -973.55748, Ext: 116595.14686, Loss_change:    2.16758
Iter: 182, Energy: -117570.36344, Int: -972.98767, Ext: 116597.37578, Loss_change:    1.65910
Iter: 183, Energy: -117571.93709, Int: -985.97828, Ext: 116585.95881, Loss_change:    1.57364
Iter: 184, Energy: -117573.76055, Int: -1013.89663, Ext: 116559.86391, Loss_change:    1.82346
Iter: 185, Energy: -117575.27403, Int: -981.73401, Ext: 116593.54002, Loss_change:    1.51349
Iter: 186, Energy: -117577.35175, Int: -964.42034, Ext: 116612.93141, Loss_change:    2.07772
Iter: 187, Energy: -117578.80768, Int: -988.04320, Ext: 116590.76448, Loss_change:    1.45592
Iter: 188, Energy: -117580.44022, Int: -1000.84379, Ext: 116579.59643, Loss_change:    1.63254
Iter: 189, Energy: -117581.98453, Int: -1013.77725, Ext: 116568.20727, Loss_change:    1.54431
Iter: 190, Energy: -117583.34619, Int: -1012.52960, Ext: 116570.81659, Loss_change:    1.36166
Iter: 191, Energy: -117584.93356, Int: -968.49204, Ext: 116616.44151, Loss_change:    1.58737
Iter: 192, Energy: -117586.45621, Int: -945.67344, Ext: 116640.78277, Loss_change:    1.52265
Iter: 193, Energy: -117588.05485, Int: -969.18868, Ext: 116618.86617, Loss_change:    1.59863
Iter: 194, Energy: -117589.59716, Int: -994.13576, Ext: 116595.46139, Loss_change:    1.54231
Iter: 195, Energy: -117591.62036, Int: -1000.47051, Ext: 116591.14984, Loss_change:    2.02320
Iter: 196, Energy: -117593.03468, Int: -995.98321, Ext: 116597.05147, Loss_change:    1.41432
Iter: 197, Energy: -117594.47048, Int: -1012.85980, Ext: 116581.61068, Loss_change:    1.43580
Iter: 198, Energy: -117595.99547, Int: -1039.84257, Ext: 116556.15290, Loss_change:    1.52498
Iter: 199, Energy: -117597.12893, Int: -1028.70592, Ext: 116568.42300, Loss_change:    1.13346
Iter: 200, Energy: -117598.16470, Int: -1025.92401, Ext: 116572.24069, Loss_change:    1.03577
Iter: 201, Energy: -117599.40662, Int: -1013.65226, Ext: 116585.75436, Loss_change:    1.24193
Iter: 202, Energy: -117601.51434, Int: -975.59589, Ext: 116625.91846, Loss_change:    2.10772
Iter: 203, Energy: -117603.60284, Int: -953.30058, Ext: 116650.30227, Loss_change:    2.08850
Iter: 204, Energy: -117605.32090, Int: -964.78572, Ext: 116640.53517, Loss_change:    1.71805
Iter: 205, Energy: -117606.97722, Int: -995.97765, Ext: 116610.99958, Loss_change:    1.65633
Iter: 206, Energy: -117608.39273, Int: -1018.58467, Ext: 116589.80806, Loss_change:    1.41551
Iter: 207, Energy: -117609.67603, Int: -1007.12947, Ext: 116602.54657, Loss_change:    1.28330
Iter: 208, Energy: -117611.07510, Int: -986.93849, Ext: 116624.13661, Loss_change:    1.39907
Iter: 209, Energy: -117612.98688, Int: -981.48460, Ext: 116631.50229, Loss_change:    1.91178
Iter: 210, Energy: -117614.50598, Int: -940.44165, Ext: 116674.06433, Loss_change:    1.51910
Iter: 211, Energy: -117615.83281, Int: -925.84549, Ext: 116689.98732, Loss_change:    1.32682
Iter: 212, Energy: -117617.63599, Int: -962.79063, Ext: 116654.84536, Loss_change:    1.80319
Iter: 213, Energy: -117619.20026, Int: -972.38793, Ext: 116646.81233, Loss_change:    1.56427
Iter: 214, Energy: -117620.62441, Int: -980.72736, Ext: 116639.89705, Loss_change:    1.42415
Iter: 215, Energy: -117622.20173, Int: -1028.37874, Ext: 116593.82299, Loss_change:    1.57732
Iter: 216, Energy: -117623.48555, Int: -1031.57105, Ext: 116591.91449, Loss_change:    1.28381
Iter: 217, Energy: -117624.93406, Int: -1009.43435, Ext: 116615.49971, Loss_change:    1.44851
Iter: 218, Energy: -117626.76822, Int: -1033.17665, Ext: 116593.59156, Loss_change:    1.83416
Iter: 219, Energy: -117628.76402, Int: -1057.42822, Ext: 116571.33580, Loss_change:    1.99580
Iter: 220, Energy: -117630.15518, Int: -1062.34171, Ext: 116567.81347, Loss_change:    1.39116
Iter: 221, Energy: -117631.02608, Int: -1059.77273, Ext: 116571.25335, Loss_change:    0.87090
Iter: 222, Energy: -117632.44069, Int: -1053.46723, Ext: 116578.97346, Loss_change:    1.41461
Iter: 223, Energy: -117633.91470, Int: -1025.63156, Ext: 116608.28314, Loss_change:    1.47401
Iter: 224, Energy: -117635.29491, Int: -996.72367, Ext: 116638.57124, Loss_change:    1.38020
Iter: 225, Energy: -117636.35995, Int: -995.59681, Ext: 116640.76314, Loss_change:    1.06504
Iter: 226, Energy: -117637.80115, Int: -989.64434, Ext: 116648.15681, Loss_change:    1.44120
Iter: 227, Energy: -117639.27612, Int: -1003.65801, Ext: 116635.61812, Loss_change:    1.47497
Iter: 228, Energy: -117640.58261, Int: -1016.73101, Ext: 116623.85160, Loss_change:    1.30648
Iter: 229, Energy: -117642.33188, Int: -1034.21022, Ext: 116608.12167, Loss_change:    1.74928
Iter: 230, Energy: -117643.74731, Int: -1034.47345, Ext: 116609.27386, Loss_change:    1.41543
Iter: 231, Energy: -117645.30511, Int: -994.98805, Ext: 116650.31706, Loss_change:    1.55780
Iter: 232, Energy: -117646.79199, Int: -982.07877, Ext: 116664.71322, Loss_change:    1.48689
Iter: 233, Energy: -117648.17232, Int: -1032.69469, Ext: 116615.47763, Loss_change:    1.38033
Iter: 234, Energy: -117649.26002, Int: -1062.17925, Ext: 116587.08077, Loss_change:    1.08770
Iter: 235, Energy: -117650.78076, Int: -1068.24780, Ext: 116582.53296, Loss_change:    1.52075
Iter: 236, Energy: -117652.16671, Int: -1058.42864, Ext: 116593.73807, Loss_change:    1.38595
Iter: 237, Energy: -117653.55994, Int: -1055.47745, Ext: 116598.08249, Loss_change:    1.39323
Iter: 238, Energy: -117654.82554, Int: -1070.94181, Ext: 116583.88373, Loss_change:    1.26560
Iter: 239, Energy: -117655.68687, Int: -1075.29189, Ext: 116580.39498, Loss_change:    0.86132
Iter: 240, Energy: -117657.66721, Int: -1062.02664, Ext: 116595.64058, Loss_change:    1.98035
Iter: 241, Energy: -117659.15665, Int: -1057.47735, Ext: 116601.67931, Loss_change:    1.48944
Iter: 242, Energy: -117660.58214, Int: -1042.47891, Ext: 116618.10323, Loss_change:    1.42549
Iter: 243, Energy: -117662.02411, Int: -1025.97965, Ext: 116636.04446, Loss_change:    1.44196
Iter: 244, Energy: -117663.29530, Int: -1037.79371, Ext: 116625.50159, Loss_change:    1.27120
Iter: 245, Energy: -117664.46794, Int: -1039.72237, Ext: 116624.74558, Loss_change:    1.17264
Iter: 246, Energy: -117665.98563, Int: -1036.85777, Ext: 116629.12786, Loss_change:    1.51769
Iter: 247, Energy: -117667.33132, Int: -1061.90454, Ext: 116605.42678, Loss_change:    1.34569
Iter: 248, Energy: -117668.25465, Int: -1071.40298, Ext: 116596.85167, Loss_change:    0.92333
Iter: 249, Energy: -117670.08385, Int: -1043.86412, Ext: 116626.21973, Loss_change:    1.82921
Iter: 250, Energy: -117671.44537, Int: -1055.38513, Ext: 116616.06024, Loss_change:    1.36152
Iter: 251, Energy: -117672.44358, Int: -1084.66338, Ext: 116587.78019, Loss_change:    0.99821
Iter: 252, Energy: -117673.87816, Int: -1118.41176, Ext: 116555.46640, Loss_change:    1.43458
Iter: 253, Energy: -117675.73051, Int: -1130.24031, Ext: 116545.49020, Loss_change:    1.85235
Iter: 254, Energy: -117677.00350, Int: -1132.88317, Ext: 116544.12033, Loss_change:    1.27299
Iter: 255, Energy: -117678.47729, Int: -1141.58723, Ext: 116536.89006, Loss_change:    1.47379
Iter: 256, Energy: -117679.56112, Int: -1118.73729, Ext: 116560.82383, Loss_change:    1.08383
Iter: 257, Energy: -117680.91876, Int: -1093.76691, Ext: 116587.15184, Loss_change:    1.35764
Iter: 258, Energy: -117682.49808, Int: -1109.03734, Ext: 116573.46074, Loss_change:    1.57932
Iter: 259, Energy: -117684.39392, Int: -1119.36384, Ext: 116565.03008, Loss_change:    1.89584
Iter: 260, Energy: -117685.60602, Int: -1107.39866, Ext: 116578.20736, Loss_change:    1.21210
Iter: 261, Energy: -117687.01555, Int: -1109.06599, Ext: 116577.94956, Loss_change:    1.40953
Iter: 262, Energy: -117688.10214, Int: -1110.42465, Ext: 116577.67749, Loss_change:    1.08659
Iter: 263, Energy: -117689.43894, Int: -1123.22536, Ext: 116566.21358, Loss_change:    1.33680
Iter: 264, Energy: -117690.58250, Int: -1144.00408, Ext: 116546.57843, Loss_change:    1.14356
Iter: 265, Energy: -117691.90302, Int: -1137.18190, Ext: 116554.72112, Loss_change:    1.32052
Iter: 266, Energy: -117693.77431, Int: -1111.94852, Ext: 116581.82579, Loss_change:    1.87129
Iter: 267, Energy: -117695.23191, Int: -1111.45753, Ext: 116583.77437, Loss_change:    1.45759
Iter: 268, Energy: -117695.96468, Int: -1112.47603, Ext: 116583.48865, Loss_change:    0.73278
Iter: 269, Energy: -117697.13285, Int: -1123.26870, Ext: 116573.86415, Loss_change:    1.16816
Iter: 270, Energy: -117698.25113, Int: -1133.33347, Ext: 116564.91766, Loss_change:    1.11828
Iter: 271, Energy: -117699.71647, Int: -1092.50380, Ext: 116607.21268, Loss_change:    1.46534
Iter: 272, Energy: -117701.35138, Int: -1088.28039, Ext: 116613.07098, Loss_change:    1.63490
Iter: 273, Energy: -117702.77274, Int: -1120.55177, Ext: 116582.22096, Loss_change:    1.42136
Iter: 274, Energy: -117703.92878, Int: -1132.02678, Ext: 116571.90200, Loss_change:    1.15604
Iter: 275, Energy: -117704.83004, Int: -1155.87545, Ext: 116548.95459, Loss_change:    0.90126
Iter: 276, Energy: -117705.88332, Int: -1170.51978, Ext: 116535.36354, Loss_change:    1.05328
Iter: 277, Energy: -117707.26301, Int: -1136.57557, Ext: 116570.68744, Loss_change:    1.37969
Iter: 278, Energy: -117708.89475, Int: -1151.70011, Ext: 116557.19465, Loss_change:    1.63174
Iter: 279, Energy: -117709.77416, Int: -1180.09386, Ext: 116529.68030, Loss_change:    0.87940
Iter: 280, Energy: -117710.82380, Int: -1166.52732, Ext: 116544.29648, Loss_change:    1.04964
Iter: 281, Energy: -117711.95506, Int: -1167.40815, Ext: 116544.54690, Loss_change:    1.13126
Iter: 282, Energy: -117713.23326, Int: -1184.36302, Ext: 116528.87024, Loss_change:    1.27820
Iter: 283, Energy: -117714.38643, Int: -1161.98167, Ext: 116552.40477, Loss_change:    1.15317
Iter: 284, Energy: -117715.80226, Int: -1123.98013, Ext: 116591.82213, Loss_change:    1.41583
Iter: 285, Energy: -117717.17085, Int: -1108.80883, Ext: 116608.36202, Loss_change:    1.36859
Iter: 286, Energy: -117718.40345, Int: -1134.48963, Ext: 116583.91382, Loss_change:    1.23260
Iter: 287, Energy: -117719.53137, Int: -1151.54710, Ext: 116567.98428, Loss_change:    1.12792
Iter: 288, Energy: -117720.42055, Int: -1142.84928, Ext: 116577.57126, Loss_change:    0.88917
Iter: 289, Energy: -117721.25866, Int: -1126.94885, Ext: 116594.30981, Loss_change:    0.83811
Iter: 290, Energy: -117722.16852, Int: -1123.48073, Ext: 116598.68779, Loss_change:    0.90986
Iter: 291, Energy: -117723.37612, Int: -1139.37907, Ext: 116583.99705, Loss_change:    1.20760
Iter: 292, Energy: -117724.46585, Int: -1143.71096, Ext: 116580.75489, Loss_change:    1.08973
Iter: 293, Energy: -117725.37356, Int: -1140.15371, Ext: 116585.21985, Loss_change:    0.90771
Iter: 294, Energy: -117726.38824, Int: -1158.44997, Ext: 116567.93827, Loss_change:    1.01469
Iter: 295, Energy: -117727.28355, Int: -1167.76872, Ext: 116559.51483, Loss_change:    0.89530
Iter: 296, Energy: -117728.14872, Int: -1173.37906, Ext: 116554.76967, Loss_change:    0.86518
Iter: 297, Energy: -117728.95770, Int: -1207.39834, Ext: 116521.55936, Loss_change:    0.80897
Iter: 298, Energy: -117729.65332, Int: -1211.01735, Ext: 116518.63597, Loss_change:    0.69563
Iter: 299, Energy: -117730.55660, Int: -1196.13049, Ext: 116534.42611, Loss_change:    0.90328
Iter: 300, Energy: -117731.93933, Int: -1187.77268, Ext: 116544.16665, Loss_change:    1.38272
Running on GPU
cuda
Iter:   1, Energy: -99650.63935, Int: 11333.06184, Ext: 110983.70119, Loss_change: 99650.64062
Iter:   2, Energy: -109381.87207, Int: 1054.39622, Ext: 110436.26829, Loss_change: 9731.23272
Iter:   3, Energy: -110688.40686, Int: -406.69461, Ext: 110281.71225, Loss_change: 1306.53479
Iter:   4, Energy: -111221.14169, Int: -914.07287, Ext: 110307.06883, Loss_change:  532.73483
Iter:   5, Energy: -111722.85283, Int: -2536.82743, Ext: 109186.02540, Loss_change:  501.71113
Iter:   6, Energy: -112232.26192, Int: -3995.09867, Ext: 108237.16324, Loss_change:  509.40909
Iter:   7, Energy: -112619.88685, Int: -4657.05806, Ext: 107962.82879, Loss_change:  387.62494
Iter:   8, Energy: -112972.31895, Int: -5198.73142, Ext: 107773.58752, Loss_change:  352.43210
Iter:   9, Energy: -113270.39760, Int: -5389.21953, Ext: 107881.17807, Loss_change:  298.07865
Iter:  10, Energy: -113545.71055, Int: -5577.34173, Ext: 107968.36882, Loss_change:  275.31295
Iter:  11, Energy: -113766.57052, Int: -5858.45778, Ext: 107908.11274, Loss_change:  220.85997
Iter:  12, Energy: -113998.08061, Int: -6297.78372, Ext: 107700.29689, Loss_change:  231.51009
Iter:  13, Energy: -114167.39196, Int: -6451.71313, Ext: 107715.67883, Loss_change:  169.31135
Iter:  14, Energy: -114283.49697, Int: -6575.05949, Ext: 107708.43748, Loss_change:  116.10501
Iter:  15, Energy: -114395.02800, Int: -6621.25577, Ext: 107773.77223, Loss_change:  111.53102
Iter:  16, Energy: -114529.64908, Int: -6551.73552, Ext: 107977.91355, Loss_change:  134.62108
Iter:  17, Energy: -114671.76163, Int: -6411.84560, Ext: 108259.91603, Loss_change:  142.11255
Iter:  18, Energy: -114746.23260, Int: -6402.61048, Ext: 108343.62213, Loss_change:   74.47098
Iter:  19, Energy: -114866.21989, Int: -6395.05234, Ext: 108471.16755, Loss_change:  119.98728
Iter:  20, Energy: -114930.75848, Int: -6301.99429, Ext: 108628.76419, Loss_change:   64.53860
Iter:  21, Energy: -115018.13280, Int: -6253.04717, Ext: 108765.08563, Loss_change:   87.37432
Iter:  22, Energy: -115063.28491, Int: -6180.50243, Ext: 108882.78248, Loss_change:   45.15211
Iter:  23, Energy: -115157.23704, Int: -6007.60185, Ext: 109149.63519, Loss_change:   93.95212
Iter:  24, Energy: -115224.54863, Int: -5884.08939, Ext: 109340.45924, Loss_change:   67.31159
Iter:  25, Energy: -115298.89327, Int: -5858.03595, Ext: 109440.85732, Loss_change:   74.34464
Iter:  26, Energy: -115373.76191, Int: -5713.49191, Ext: 109660.27001, Loss_change:   74.86865
Iter:  27, Energy: -115440.45188, Int: -5688.36451, Ext: 109752.08737, Loss_change:   66.68996
Iter:  28, Energy: -115510.94955, Int: -5701.93276, Ext: 109809.01678, Loss_change:   70.49767
Iter:  29, Energy: -115569.74253, Int: -5571.50818, Ext: 109998.23434, Loss_change:   58.79298
Iter:  30, Energy: -115625.66316, Int: -5559.91936, Ext: 110065.74380, Loss_change:   55.92063
Iter:  31, Energy: -115661.69530, Int: -5586.78271, Ext: 110074.91259, Loss_change:   36.03214
Iter:  32, Energy: -115740.14497, Int: -5546.95755, Ext: 110193.18742, Loss_change:   78.44967
Iter:  33, Energy: -115784.77538, Int: -5479.24456, Ext: 110305.53082, Loss_change:   44.63041
Iter:  34, Energy: -115840.91331, Int: -5338.40266, Ext: 110502.51065, Loss_change:   56.13793
Iter:  35, Energy: -115897.74309, Int: -5062.71098, Ext: 110835.03211, Loss_change:   56.82979
Iter:  36, Energy: -115969.85607, Int: -4864.34127, Ext: 111105.51480, Loss_change:   72.11297
Iter:  37, Energy: -116016.67910, Int: -4687.80235, Ext: 111328.87675, Loss_change:   46.82303
Iter:  38, Energy: -116089.96737, Int: -4460.64235, Ext: 111629.32502, Loss_change:   73.28827
Iter:  39, Energy: -116155.00758, Int: -4289.76507, Ext: 111865.24251, Loss_change:   65.04021
Iter:  40, Energy: -116199.40281, Int: -4013.02169, Ext: 112186.38112, Loss_change:   44.39523
Iter:  41, Energy: -116248.39158, Int: -3810.12700, Ext: 112438.26459, Loss_change:   48.98878
Iter:  42, Energy: -116301.29808, Int: -3701.35574, Ext: 112599.94234, Loss_change:   52.90650
Iter:  43, Energy: -116351.94749, Int: -3489.59011, Ext: 112862.35737, Loss_change:   50.64940
Iter:  44, Energy: -116409.72423, Int: -3235.29700, Ext: 113174.42723, Loss_change:   57.77675
Iter:  45, Energy: -116462.09762, Int: -3065.86782, Ext: 113396.22981, Loss_change:   52.37339
Iter:  46, Energy: -116500.28254, Int: -2962.55407, Ext: 113537.72847, Loss_change:   38.18491
Iter:  47, Energy: -116539.56416, Int: -2842.85266, Ext: 113696.71150, Loss_change:   39.28162
Iter:  48, Energy: -116564.10507, Int: -2645.61763, Ext: 113918.48745, Loss_change:   24.54091
Iter:  49, Energy: -116591.82922, Int: -2436.45735, Ext: 114155.37186, Loss_change:   27.72414
Iter:  50, Energy: -116616.97542, Int: -2343.64838, Ext: 114273.32705, Loss_change:   25.14621
Iter:  51, Energy: -116658.13548, Int: -2210.63564, Ext: 114447.49984, Loss_change:   41.16006
Iter:  52, Energy: -116683.52796, Int: -2129.20173, Ext: 114554.32623, Loss_change:   25.39248
Iter:  53, Energy: -116704.15432, Int: -2060.33720, Ext: 114643.81712, Loss_change:   20.62636
Iter:  54, Energy: -116728.19915, Int: -1922.78589, Ext: 114805.41326, Loss_change:   24.04483
Iter:  55, Energy: -116747.06260, Int: -1848.94026, Ext: 114898.12235, Loss_change:   18.86346
Iter:  56, Energy: -116767.00165, Int: -1803.82431, Ext: 114963.17734, Loss_change:   19.93904
Iter:  57, Energy: -116784.35597, Int: -1684.37219, Ext: 115099.98378, Loss_change:   17.35432
Iter:  58, Energy: -116803.30823, Int: -1587.67860, Ext: 115215.62963, Loss_change:   18.95226
Iter:  59, Energy: -116826.26683, Int: -1522.97122, Ext: 115303.29561, Loss_change:   22.95860
Iter:  60, Energy: -116838.70842, Int: -1492.69633, Ext: 115346.01209, Loss_change:   12.44160
Iter:  61, Energy: -116856.24183, Int: -1429.87697, Ext: 115426.36487, Loss_change:   17.53341
Iter:  62, Energy: -116868.97307, Int: -1424.50965, Ext: 115444.46343, Loss_change:   12.73124
Iter:  63, Energy: -116879.81398, Int: -1448.89945, Ext: 115430.91453, Loss_change:   10.84090
Iter:  64, Energy: -116889.18444, Int: -1386.78876, Ext: 115502.39568, Loss_change:    9.37047
Iter:  65, Energy: -116899.42675, Int: -1322.25054, Ext: 115577.17622, Loss_change:   10.24231
Iter:  66, Energy: -116908.47122, Int: -1335.11257, Ext: 115573.35865, Loss_change:    9.04447
Iter:  67, Energy: -116919.73059, Int: -1321.12789, Ext: 115598.60270, Loss_change:   11.25937
Iter:  68, Energy: -116931.27368, Int: -1275.37826, Ext: 115655.89542, Loss_change:   11.54309
Iter:  69, Energy: -116939.54907, Int: -1282.07444, Ext: 115657.47463, Loss_change:    8.27539
Iter:  70, Energy: -116949.54384, Int: -1300.58337, Ext: 115648.96047, Loss_change:    9.99477
Iter:  71, Energy: -116958.09357, Int: -1270.43298, Ext: 115687.66059, Loss_change:    8.54973
Iter:  72, Energy: -116965.08390, Int: -1268.62148, Ext: 115696.46242, Loss_change:    6.99033
Iter:  73, Energy: -116974.66437, Int: -1297.66417, Ext: 115677.00021, Loss_change:    9.58047
Iter:  74, Energy: -116985.25915, Int: -1275.77905, Ext: 115709.48010, Loss_change:   10.59477
Iter:  75, Energy: -116992.56967, Int: -1239.08010, Ext: 115753.48957, Loss_change:    7.31053
Iter:  76, Energy: -116999.97166, Int: -1250.49434, Ext: 115749.47732, Loss_change:    7.40199
Iter:  77, Energy: -117008.16160, Int: -1292.21213, Ext: 115715.94947, Loss_change:    8.18994
Iter:  78, Energy: -117015.16770, Int: -1290.13022, Ext: 115725.03749, Loss_change:    7.00610
Iter:  79, Energy: -117024.51436, Int: -1292.24931, Ext: 115732.26505, Loss_change:    9.34666
Iter:  80, Energy: -117031.87800, Int: -1289.23859, Ext: 115742.63940, Loss_change:    7.36364
Iter:  81, Energy: -117038.48101, Int: -1226.58477, Ext: 115811.89624, Loss_change:    6.60301
Iter:  82, Energy: -117045.66289, Int: -1176.36210, Ext: 115869.30078, Loss_change:    7.18188
Iter:  83, Energy: -117052.27491, Int: -1190.00129, Ext: 115862.27362, Loss_change:    6.61203
Iter:  84, Energy: -117057.88645, Int: -1199.65902, Ext: 115858.22743, Loss_change:    5.61153
Iter:  85, Energy: -117064.78989, Int: -1228.31193, Ext: 115836.47795, Loss_change:    6.90344
Iter:  86, Energy: -117070.61846, Int: -1263.39196, Ext: 115807.22651, Loss_change:    5.82858
Iter:  87, Energy: -117076.98015, Int: -1254.62559, Ext: 115822.35456, Loss_change:    6.36169
Iter:  88, Energy: -117082.59446, Int: -1189.87030, Ext: 115892.72417, Loss_change:    5.61431
Iter:  89, Energy: -117087.93344, Int: -1168.11456, Ext: 115919.81888, Loss_change:    5.33897
Iter:  90, Energy: -117093.97294, Int: -1163.57062, Ext: 115930.40231, Loss_change:    6.03950
Iter:  91, Energy: -117097.33679, Int: -1139.55181, Ext: 115957.78498, Loss_change:    3.36385
Iter:  92, Energy: -117100.61607, Int: -1103.47132, Ext: 115997.14475, Loss_change:    3.27928
Iter:  93, Energy: -117104.92565, Int: -1054.73371, Ext: 116050.19195, Loss_change:    4.30958
Iter:  94, Energy: -117108.19079, Int: -1048.80089, Ext: 116059.38990, Loss_change:    3.26514
Iter:  95, Energy: -117112.26403, Int: -1050.07762, Ext: 116062.18641, Loss_change:    4.07323
Iter:  96, Energy: -117116.59457, Int: -1054.36824, Ext: 116062.22633, Loss_change:    4.33054
Iter:  97, Energy: -117120.54151, Int: -1099.11969, Ext: 116021.42183, Loss_change:    3.94695
Iter:  98, Energy: -117123.78490, Int: -1116.86055, Ext: 116006.92435, Loss_change:    3.24339
Iter:  99, Energy: -117127.15017, Int: -1107.35394, Ext: 116019.79623, Loss_change:    3.36527
Iter: 100, Energy: -117130.57812, Int: -1080.04354, Ext: 116050.53458, Loss_change:    3.42795
Iter: 101, Energy: -117135.08141, Int: -1029.18367, Ext: 116105.89774, Loss_change:    4.50329
Iter: 102, Energy: -117139.03272, Int: -1029.92142, Ext: 116109.11130, Loss_change:    3.95131
Iter: 103, Energy: -117142.29796, Int: -1051.03761, Ext: 116091.26034, Loss_change:    3.26524
Iter: 104, Energy: -117145.34801, Int: -1039.51838, Ext: 116105.82963, Loss_change:    3.05005
Iter: 105, Energy: -117149.27368, Int: -1029.67561, Ext: 116119.59807, Loss_change:    3.92567
Iter: 106, Energy: -117151.77392, Int: -1013.35014, Ext: 116138.42377, Loss_change:    2.50024
Iter: 107, Energy: -117154.41570, Int: -1002.83824, Ext: 116151.57746, Loss_change:    2.64179
Iter: 108, Energy: -117156.08863, Int: -1007.39306, Ext: 116148.69557, Loss_change:    1.67293
Iter: 109, Energy: -117158.89927, Int: -999.86533, Ext: 116159.03393, Loss_change:    2.81063
Iter: 110, Energy: -117160.93672, Int: -994.11082, Ext: 116166.82590, Loss_change:    2.03745
Iter: 111, Energy: -117163.73936, Int: -965.09022, Ext: 116198.64914, Loss_change:    2.80264
Iter: 112, Energy: -117166.75701, Int: -938.81151, Ext: 116227.94550, Loss_change:    3.01765
Iter: 113, Energy: -117169.85055, Int: -965.56635, Ext: 116204.28419, Loss_change:    3.09353
Iter: 114, Energy: -117172.44619, Int: -961.68369, Ext: 116210.76250, Loss_change:    2.59565
Iter: 115, Energy: -117174.53719, Int: -921.94143, Ext: 116252.59575, Loss_change:    2.09099
Iter: 116, Energy: -117177.24900, Int: -935.98085, Ext: 116241.26816, Loss_change:    2.71182
Iter: 117, Energy: -117178.88252, Int: -938.48325, Ext: 116240.39928, Loss_change:    1.63352
Iter: 118, Energy: -117181.28837, Int: -906.97546, Ext: 116274.31291, Loss_change:    2.40585
Iter: 119, Energy: -117183.25658, Int: -939.73209, Ext: 116243.52450, Loss_change:    1.96821
Iter: 120, Energy: -117184.80746, Int: -986.41681, Ext: 116198.39065, Loss_change:    1.55087
Iter: 121, Energy: -117187.18313, Int: -1001.26289, Ext: 116185.92024, Loss_change:    2.37567
Iter: 122, Energy: -117189.15005, Int: -1009.79239, Ext: 116179.35766, Loss_change:    1.96692
Iter: 123, Energy: -117191.93403, Int: -994.44964, Ext: 116197.48438, Loss_change:    2.78397
Iter: 124, Energy: -117194.82903, Int: -958.30359, Ext: 116236.52544, Loss_change:    2.89500
Iter: 125, Energy: -117196.82605, Int: -966.93386, Ext: 116229.89218, Loss_change:    1.99702
Iter: 126, Energy: -117199.45664, Int: -976.95792, Ext: 116222.49872, Loss_change:    2.63059
Iter: 127, Energy: -117201.68887, Int: -967.80307, Ext: 116233.88581, Loss_change:    2.23224
Iter: 128, Energy: -117204.93178, Int: -952.72038, Ext: 116252.21140, Loss_change:    3.24290
Iter: 129, Energy: -117208.06840, Int: -936.51358, Ext: 116271.55482, Loss_change:    3.13662
Iter: 130, Energy: -117210.38539, Int: -953.92382, Ext: 116256.46157, Loss_change:    2.31699
Iter: 131, Energy: -117212.41215, Int: -957.51920, Ext: 116254.89295, Loss_change:    2.02676
Iter: 132, Energy: -117215.62759, Int: -939.66277, Ext: 116275.96482, Loss_change:    3.21544
Iter: 133, Energy: -117217.67312, Int: -945.56137, Ext: 116272.11176, Loss_change:    2.04554
Iter: 134, Energy: -117220.37528, Int: -942.93927, Ext: 116277.43601, Loss_change:    2.70215
Iter: 135, Energy: -117222.38614, Int: -955.81989, Ext: 116266.56625, Loss_change:    2.01087
Iter: 136, Energy: -117224.57152, Int: -973.44412, Ext: 116251.12740, Loss_change:    2.18538
Iter: 137, Energy: -117227.07038, Int: -929.98641, Ext: 116297.08396, Loss_change:    2.49885
Iter: 138, Energy: -117230.25234, Int: -931.30040, Ext: 116298.95194, Loss_change:    3.18196
Iter: 139, Energy: -117233.06625, Int: -950.22543, Ext: 116282.84082, Loss_change:    2.81392
Iter: 140, Energy: -117235.12257, Int: -914.17062, Ext: 116320.95194, Loss_change:    2.05631
Iter: 141, Energy: -117238.07535, Int: -906.72458, Ext: 116331.35077, Loss_change:    2.95278
Iter: 142, Energy: -117240.67160, Int: -911.57856, Ext: 116329.09304, Loss_change:    2.59626
Iter: 143, Energy: -117245.04003, Int: -894.46227, Ext: 116350.57775, Loss_change:    4.36842
Iter: 144, Energy: -117248.95131, Int: -925.47464, Ext: 116323.47667, Loss_change:    3.91129
Iter: 145, Energy: -117252.59746, Int: -944.28591, Ext: 116308.31155, Loss_change:    3.64614
Iter: 146, Energy: -117256.60278, Int: -910.36474, Ext: 116346.23804, Loss_change:    4.00532
Iter: 147, Energy: -117258.62910, Int: -901.70929, Ext: 116356.91982, Loss_change:    2.02632
Iter: 148, Energy: -117262.47272, Int: -869.40328, Ext: 116393.06944, Loss_change:    3.84362
Iter: 149, Energy: -117265.60510, Int: -857.75208, Ext: 116407.85301, Loss_change:    3.13238
Iter: 150, Energy: -117267.97580, Int: -875.89344, Ext: 116392.08236, Loss_change:    2.37070
Iter: 151, Energy: -117270.70221, Int: -865.46469, Ext: 116405.23752, Loss_change:    2.72641
Iter: 152, Energy: -117274.06798, Int: -883.82547, Ext: 116390.24251, Loss_change:    3.36577
Iter: 153, Energy: -117275.67957, Int: -917.35121, Ext: 116358.32836, Loss_change:    1.61159
Iter: 154, Energy: -117278.35359, Int: -934.39072, Ext: 116343.96286, Loss_change:    2.67402
Iter: 155, Energy: -117280.43663, Int: -952.21597, Ext: 116328.22066, Loss_change:    2.08304
Iter: 156, Energy: -117283.05868, Int: -966.06343, Ext: 116316.99525, Loss_change:    2.62205
Iter: 157, Energy: -117284.51058, Int: -974.04889, Ext: 116310.46169, Loss_change:    1.45190
Iter: 158, Energy: -117285.85845, Int: -960.17090, Ext: 116325.68755, Loss_change:    1.34787
Iter: 159, Energy: -117288.07587, Int: -943.07772, Ext: 116344.99815, Loss_change:    2.21742
Iter: 160, Energy: -117290.94069, Int: -979.13487, Ext: 116311.80582, Loss_change:    2.86482
Iter: 161, Energy: -117292.95539, Int: -956.49333, Ext: 116336.46206, Loss_change:    2.01470
Iter: 162, Energy: -117295.03485, Int: -952.75264, Ext: 116342.28221, Loss_change:    2.07947
Iter: 163, Energy: -117296.36586, Int: -991.97932, Ext: 116304.38654, Loss_change:    1.33101
Iter: 164, Energy: -117297.86748, Int: -973.40384, Ext: 116324.46364, Loss_change:    1.50162
Iter: 165, Energy: -117300.08120, Int: -928.81095, Ext: 116371.27025, Loss_change:    2.21372
Iter: 166, Energy: -117302.49516, Int: -909.37545, Ext: 116393.11971, Loss_change:    2.41397
Iter: 167, Energy: -117304.03974, Int: -890.95010, Ext: 116413.08964, Loss_change:    1.54457
Iter: 168, Energy: -117305.99522, Int: -871.58828, Ext: 116434.40693, Loss_change:    1.95548
Iter: 169, Energy: -117307.32059, Int: -855.14634, Ext: 116452.17425, Loss_change:    1.32538
Iter: 170, Energy: -117309.13895, Int: -848.08768, Ext: 116461.05127, Loss_change:    1.81836
Iter: 171, Energy: -117310.74493, Int: -851.43536, Ext: 116459.30957, Loss_change:    1.60598
Iter: 172, Energy: -117312.73207, Int: -863.48735, Ext: 116449.24472, Loss_change:    1.98714
Iter: 173, Energy: -117314.95095, Int: -863.91231, Ext: 116451.03864, Loss_change:    2.21888
Iter: 174, Energy: -117317.10694, Int: -844.19982, Ext: 116472.90712, Loss_change:    2.15598
Iter: 175, Energy: -117319.10919, Int: -879.25496, Ext: 116439.85423, Loss_change:    2.00226
Iter: 176, Energy: -117320.77160, Int: -869.87735, Ext: 116450.89425, Loss_change:    1.66241
Iter: 177, Energy: -117322.49998, Int: -847.97582, Ext: 116474.52417, Loss_change:    1.72838
Iter: 178, Energy: -117324.18660, Int: -887.31707, Ext: 116436.86953, Loss_change:    1.68661
Iter: 179, Energy: -117325.57612, Int: -885.13403, Ext: 116440.44209, Loss_change:    1.38953
Iter: 180, Energy: -117327.34345, Int: -857.21587, Ext: 116470.12758, Loss_change:    1.76733
Iter: 181, Energy: -117329.08003, Int: -861.47349, Ext: 116467.60654, Loss_change:    1.73658
Iter: 182, Energy: -117331.07573, Int: -868.53847, Ext: 116462.53726, Loss_change:    1.99570
Iter: 183, Energy: -117332.66388, Int: -890.97177, Ext: 116441.69211, Loss_change:    1.58815
Iter: 184, Energy: -117334.79700, Int: -890.66777, Ext: 116444.12922, Loss_change:    2.13312
Iter: 185, Energy: -117336.20304, Int: -866.69914, Ext: 116469.50390, Loss_change:    1.40605
Iter: 186, Energy: -117336.84625, Int: -865.24452, Ext: 116471.60172, Loss_change:    0.64321
Iter: 187, Energy: -117337.74484, Int: -881.77793, Ext: 116455.96691, Loss_change:    0.89859
Iter: 188, Energy: -117338.78888, Int: -881.44564, Ext: 116457.34324, Loss_change:    1.04405
Iter: 189, Energy: -117340.60394, Int: -899.66003, Ext: 116440.94390, Loss_change:    1.81505
Iter: 190, Energy: -117341.67457, Int: -905.27791, Ext: 116436.39666, Loss_change:    1.07064
Iter: 191, Energy: -117342.50952, Int: -879.70301, Ext: 116462.80651, Loss_change:    0.83495
Iter: 192, Energy: -117342.91016, Int: -880.78252, Ext: 116462.12764, Loss_change:    0.40063
Iter: 193, Energy: -117343.50729, Int: -893.53899, Ext: 116449.96830, Loss_change:    0.59714
Iter: 194, Energy: -117343.96693, Int: -904.34644, Ext: 116439.62049, Loss_change:    0.45964
Iter: 195, Energy: -117344.85479, Int: -895.58244, Ext: 116449.27235, Loss_change:    0.88786
Iter: 196, Energy: -117345.14736, Int: -887.63139, Ext: 116457.51597, Loss_change:    0.29256
Iter: 197, Energy: -117345.81869, Int: -874.59474, Ext: 116471.22395, Loss_change:    0.67134
Iter: 198, Energy: -117346.30868, Int: -869.51635, Ext: 116476.79233, Loss_change:    0.48999
Iter: 199, Energy: -117347.27403, Int: -858.40562, Ext: 116488.86841, Loss_change:    0.96534
Iter: 200, Energy: -117348.19569, Int: -845.56225, Ext: 116502.63344, Loss_change:    0.92167
Iter: 201, Energy: -117349.29576, Int: -822.75554, Ext: 116526.54023, Loss_change:    1.10007
Iter: 202, Energy: -117350.43995, Int: -804.10583, Ext: 116546.33412, Loss_change:    1.14418
Iter: 203, Energy: -117351.24336, Int: -806.70860, Ext: 116544.53477, Loss_change:    0.80342
Iter: 204, Energy: -117352.29482, Int: -794.13107, Ext: 116558.16375, Loss_change:    1.05146
Iter: 205, Energy: -117353.43693, Int: -784.07490, Ext: 116569.36204, Loss_change:    1.14211
Iter: 206, Energy: -117354.56290, Int: -780.06858, Ext: 116574.49432, Loss_change:    1.12597
Iter: 207, Energy: -117355.87656, Int: -764.23242, Ext: 116591.64414, Loss_change:    1.31366
Iter: 208, Energy: -117356.81415, Int: -796.03786, Ext: 116560.77630, Loss_change:    0.93760
Iter: 209, Energy: -117357.98101, Int: -847.76396, Ext: 116510.21705, Loss_change:    1.16686
Iter: 210, Energy: -117358.96717, Int: -856.98697, Ext: 116501.98021, Loss_change:    0.98616
Iter: 211, Energy: -117359.65969, Int: -860.27701, Ext: 116499.38268, Loss_change:    0.69252
Iter: 212, Energy: -117360.64835, Int: -862.65708, Ext: 116497.99127, Loss_change:    0.98866
Iter: 213, Energy: -117361.79005, Int: -861.10197, Ext: 116500.68808, Loss_change:    1.14170
Iter: 214, Energy: -117362.80329, Int: -885.06194, Ext: 116477.74135, Loss_change:    1.01324
Iter: 215, Energy: -117363.52149, Int: -889.06679, Ext: 116474.45471, Loss_change:    0.71821
Iter: 216, Energy: -117364.18732, Int: -890.24994, Ext: 116473.93738, Loss_change:    0.66583
Iter: 217, Energy: -117364.39960, Int: -897.33494, Ext: 116467.06466, Loss_change:    0.21228
Iter: 218, Energy: -117365.23499, Int: -904.01503, Ext: 116461.21996, Loss_change:    0.83539
Iter: 219, Energy: -117365.45028, Int: -899.56231, Ext: 116465.88797, Loss_change:    0.21529
Iter: 220, Energy: -117365.85704, Int: -897.59756, Ext: 116468.25948, Loss_change:    0.40676
Iter: 221, Energy: -117366.45246, Int: -903.12066, Ext: 116463.33179, Loss_change:    0.59542
Iter: 222, Energy: -117366.94729, Int: -895.62567, Ext: 116471.32162, Loss_change:    0.49483
Iter: 223, Energy: -117367.71513, Int: -880.07451, Ext: 116487.64061, Loss_change:    0.76784
Iter: 224, Energy: -117368.56450, Int: -883.36176, Ext: 116485.20274, Loss_change:    0.84938
Iter: 225, Energy: -117369.19051, Int: -887.04734, Ext: 116482.14317, Loss_change:    0.62601
Iter: 226, Energy: -117370.21898, Int: -860.07404, Ext: 116510.14494, Loss_change:    1.02847
Iter: 227, Energy: -117370.79254, Int: -834.63253, Ext: 116536.16001, Loss_change:    0.57355
Iter: 228, Energy: -117371.37639, Int: -827.13217, Ext: 116544.24423, Loss_change:    0.58386
Iter: 229, Energy: -117372.26534, Int: -829.27439, Ext: 116542.99095, Loss_change:    0.88895
Iter: 230, Energy: -117373.24966, Int: -858.50494, Ext: 116514.74472, Loss_change:    0.98432
Iter: 231, Energy: -117374.32262, Int: -886.25138, Ext: 116488.07123, Loss_change:    1.07295
Iter: 232, Energy: -117375.26578, Int: -865.81681, Ext: 116509.44897, Loss_change:    0.94316
Iter: 233, Energy: -117375.87394, Int: -847.57401, Ext: 116528.29993, Loss_change:    0.60816
Iter: 234, Energy: -117376.40951, Int: -860.52417, Ext: 116515.88534, Loss_change:    0.53558
Iter: 235, Energy: -117377.12901, Int: -881.58988, Ext: 116495.53914, Loss_change:    0.71950
Iter: 236, Energy: -117378.09196, Int: -901.39984, Ext: 116476.69211, Loss_change:    0.96295
Iter: 237, Energy: -117378.91578, Int: -915.18392, Ext: 116463.73186, Loss_change:    0.82383
Iter: 238, Energy: -117379.58361, Int: -916.88709, Ext: 116462.69652, Loss_change:    0.66783
Iter: 239, Energy: -117380.50891, Int: -906.47187, Ext: 116474.03704, Loss_change:    0.92530
Iter: 240, Energy: -117381.34922, Int: -917.97195, Ext: 116463.37727, Loss_change:    0.84031
Iter: 241, Energy: -117382.53309, Int: -939.48342, Ext: 116443.04967, Loss_change:    1.18386
Iter: 242, Energy: -117383.32559, Int: -909.30093, Ext: 116474.02466, Loss_change:    0.79250
Iter: 243, Energy: -117384.19481, Int: -872.12428, Ext: 116512.07053, Loss_change:    0.86922
Iter: 244, Energy: -117385.48809, Int: -875.42789, Ext: 116510.06020, Loss_change:    1.29328
Iter: 245, Energy: -117386.19182, Int: -879.58670, Ext: 116506.60512, Loss_change:    0.70373
Iter: 246, Energy: -117387.24564, Int: -873.81265, Ext: 116513.43299, Loss_change:    1.05382
Iter: 247, Energy: -117388.01193, Int: -885.66740, Ext: 116502.34453, Loss_change:    0.76629
Iter: 248, Energy: -117388.78985, Int: -908.12115, Ext: 116480.66870, Loss_change:    0.77792
Iter: 249, Energy: -117389.28638, Int: -918.10971, Ext: 116471.17666, Loss_change:    0.49652
Iter: 250, Energy: -117390.44107, Int: -898.19318, Ext: 116492.24789, Loss_change:    1.15470
Iter: 251, Energy: -117391.41729, Int: -847.37761, Ext: 116544.03968, Loss_change:    0.97622
Iter: 252, Energy: -117392.22198, Int: -838.24920, Ext: 116553.97278, Loss_change:    0.80468
Iter: 253, Energy: -117392.89438, Int: -831.52191, Ext: 116561.37247, Loss_change:    0.67241
Iter: 254, Energy: -117393.57563, Int: -809.33849, Ext: 116584.23714, Loss_change:    0.68124
Iter: 255, Energy: -117394.22986, Int: -796.25119, Ext: 116597.97867, Loss_change:    0.65424
Iter: 256, Energy: -117394.83404, Int: -782.60508, Ext: 116612.22896, Loss_change:    0.60417
Iter: 257, Energy: -117395.70998, Int: -788.41518, Ext: 116607.29480, Loss_change:    0.87594
Iter: 258, Energy: -117396.45882, Int: -815.77272, Ext: 116580.68609, Loss_change:    0.74884
Iter: 259, Energy: -117396.97340, Int: -801.62294, Ext: 116595.35046, Loss_change:    0.51458
Iter: 260, Energy: -117397.28361, Int: -784.36186, Ext: 116612.92176, Loss_change:    0.31022
Iter: 261, Energy: -117397.87436, Int: -812.62994, Ext: 116585.24443, Loss_change:    0.59075
Iter: 262, Energy: -117398.51423, Int: -844.79966, Ext: 116553.71456, Loss_change:    0.63986
Iter: 263, Energy: -117399.14188, Int: -854.83935, Ext: 116544.30252, Loss_change:    0.62765
Iter: 264, Energy: -117399.82505, Int: -866.72968, Ext: 116533.09537, Loss_change:    0.68318
Iter: 265, Energy: -117400.17642, Int: -864.82800, Ext: 116535.34842, Loss_change:    0.35137
Iter: 266, Energy: -117400.44395, Int: -861.06677, Ext: 116539.37718, Loss_change:    0.26753
Iter: 267, Energy: -117400.81279, Int: -866.34301, Ext: 116534.46978, Loss_change:    0.36884
Iter: 268, Energy: -117401.41798, Int: -864.96423, Ext: 116536.45375, Loss_change:    0.60519
Iter: 269, Energy: -117402.03948, Int: -889.08943, Ext: 116512.95005, Loss_change:    0.62151
Iter: 270, Energy: -117402.59028, Int: -905.28778, Ext: 116497.30250, Loss_change:    0.55080
Iter: 271, Energy: -117403.39586, Int: -914.90958, Ext: 116488.48629, Loss_change:    0.80558
Iter: 272, Energy: -117403.99483, Int: -937.63038, Ext: 116466.36445, Loss_change:    0.59897
Iter: 273, Energy: -117404.61216, Int: -924.27555, Ext: 116480.33661, Loss_change:    0.61733
Iter: 274, Energy: -117405.10405, Int: -888.22533, Ext: 116516.87872, Loss_change:    0.49189
Iter: 275, Energy: -117405.87213, Int: -892.42106, Ext: 116513.45107, Loss_change:    0.76808
Iter: 276, Energy: -117406.66198, Int: -906.90664, Ext: 116499.75535, Loss_change:    0.78985
Iter: 277, Energy: -117407.10379, Int: -883.98468, Ext: 116523.11910, Loss_change:    0.44180
Iter: 278, Energy: -117407.65972, Int: -860.79613, Ext: 116546.86359, Loss_change:    0.55594
Iter: 279, Energy: -117408.44329, Int: -811.85358, Ext: 116596.58971, Loss_change:    0.78357
Iter: 280, Energy: -117409.08124, Int: -788.42721, Ext: 116620.65403, Loss_change:    0.63795
Iter: 281, Energy: -117409.63205, Int: -787.04408, Ext: 116622.58797, Loss_change:    0.55081
Iter: 282, Energy: -117409.98425, Int: -774.59260, Ext: 116635.39165, Loss_change:    0.35220
Iter: 283, Energy: -117410.66337, Int: -775.33479, Ext: 116635.32858, Loss_change:    0.67911
Iter: 284, Energy: -117411.12985, Int: -801.13226, Ext: 116609.99760, Loss_change:    0.46649
Iter: 285, Energy: -117411.89200, Int: -815.96579, Ext: 116595.92620, Loss_change:    0.76214
Iter: 286, Energy: -117412.76329, Int: -837.05295, Ext: 116575.71034, Loss_change:    0.87129
Iter: 287, Energy: -117413.73700, Int: -852.19414, Ext: 116561.54286, Loss_change:    0.97372
Iter: 288, Energy: -117414.28146, Int: -849.43922, Ext: 116564.84224, Loss_change:    0.54446
Iter: 289, Energy: -117414.63102, Int: -854.64088, Ext: 116559.99014, Loss_change:    0.34956
Iter: 290, Energy: -117414.94599, Int: -858.94089, Ext: 116556.00510, Loss_change:    0.31497
Iter: 291, Energy: -117415.15900, Int: -860.84701, Ext: 116554.31199, Loss_change:    0.21301
Iter: 292, Energy: -117415.57521, Int: -872.50885, Ext: 116543.06636, Loss_change:    0.41621
Iter: 293, Energy: -117416.08500, Int: -880.24315, Ext: 116535.84185, Loss_change:    0.50979
Iter: 294, Energy: -117416.60240, Int: -879.83347, Ext: 116536.76892, Loss_change:    0.51740
Iter: 295, Energy: -117417.04593, Int: -882.52360, Ext: 116534.52234, Loss_change:    0.44354
Iter: 296, Energy: -117417.41393, Int: -880.80526, Ext: 116536.60867, Loss_change:    0.36800
Iter: 297, Energy: -117417.60737, Int: -878.72778, Ext: 116538.87959, Loss_change:    0.19343
Iter: 298, Energy: -117417.94446, Int: -872.91708, Ext: 116545.02738, Loss_change:    0.33710
Iter: 299, Energy: -117418.09486, Int: -870.69202, Ext: 116547.40284, Loss_change:    0.15040
Iter: 300, Energy: -117418.50226, Int: -868.96907, Ext: 116549.53319, Loss_change:    0.40739
