Running on GPU
Iter:   1, Energy:    8.86616, Int:    8.85031, Ext:   -0.01586, Loss_change:    8.86616
Iter:   2, Energy:    3.58579, Int:    3.57277, Ext:   -0.01301, Loss_change:    5.28038
Iter:   3, Energy:    0.70470, Int:    0.69619, Ext:   -0.00851, Loss_change:    2.88109
Iter:   4, Energy:    0.14083, Int:    0.13580, Ext:   -0.00503, Loss_change:    0.56387
Iter:   5, Energy:    0.05328, Int:    0.05349, Ext:    0.00021, Loss_change:    0.08754
Iter:   6, Energy:    0.02507, Int:    0.03001, Ext:    0.00494, Loss_change:    0.02822
Iter:   7, Energy:    0.01439, Int:    0.02005, Ext:    0.00566, Loss_change:    0.01068
Iter:   8, Energy:    0.00689, Int:    0.01112, Ext:    0.00423, Loss_change:    0.00750
Iter:   9, Energy:    0.00216, Int:    0.00642, Ext:    0.00425, Loss_change:    0.00473
Iter:  10, Energy:   -0.00032, Int:    0.00470, Ext:    0.00503, Loss_change:    0.00249
Iter:  11, Energy:   -0.00159, Int:    0.00371, Ext:    0.00530, Loss_change:    0.00127
Iter:  12, Energy:   -0.00202, Int:    0.00332, Ext:    0.00534, Loss_change:    0.00043
Iter:  13, Energy:   -0.00229, Int:    0.00321, Ext:    0.00550, Loss_change:    0.00027
Iter:  14, Energy:   -0.00260, Int:    0.00310, Ext:    0.00570, Loss_change:    0.00031
Iter:  15, Energy:   -0.00308, Int:    0.00300, Ext:    0.00608, Loss_change:    0.00049
Iter:  16, Energy:   -0.00325, Int:    0.00313, Ext:    0.00638, Loss_change:    0.00017
Iter:  17, Energy:   -0.00353, Int:    0.00338, Ext:    0.00691, Loss_change:    0.00028
Iter:  18, Energy:   -0.00410, Int:    0.00333, Ext:    0.00742, Loss_change:    0.00057
Iter:  19, Energy:   -0.00432, Int:    0.00316, Ext:    0.00748, Loss_change:    0.00023
Iter:  20, Energy:   -0.00543, Int:    0.00365, Ext:    0.00908, Loss_change:    0.00111
Iter:  21, Energy:   -0.00614, Int:    0.00443, Ext:    0.01057, Loss_change:    0.00071
Iter:  22, Energy:   -0.00643, Int:    0.00510, Ext:    0.01153, Loss_change:    0.00029
Iter:  23, Energy:   -0.00671, Int:    0.00536, Ext:    0.01208, Loss_change:    0.00028
Iter:  24, Energy:   -0.00737, Int:    0.00594, Ext:    0.01331, Loss_change:    0.00066
Iter:  25, Energy:   -0.00837, Int:    0.00706, Ext:    0.01543, Loss_change:    0.00100
Iter:  26, Energy:   -0.00909, Int:    0.00847, Ext:    0.01756, Loss_change:    0.00071
Iter:  27, Energy:   -0.01009, Int:    0.01009, Ext:    0.02018, Loss_change:    0.00101
Iter:  28, Energy:   -0.01098, Int:    0.01026, Ext:    0.02124, Loss_change:    0.00088
Iter:  29, Energy:   -0.01196, Int:    0.00942, Ext:    0.02138, Loss_change:    0.00099
Iter:  30, Energy:   -0.01247, Int:    0.00960, Ext:    0.02207, Loss_change:    0.00051
Iter:  31, Energy:   -0.01298, Int:    0.01132, Ext:    0.02430, Loss_change:    0.00051
Iter:  32, Energy:   -0.01344, Int:    0.01243, Ext:    0.02588, Loss_change:    0.00047
Iter:  33, Energy:   -0.01386, Int:    0.01278, Ext:    0.02664, Loss_change:    0.00042
Iter:  34, Energy:   -0.01448, Int:    0.01395, Ext:    0.02842, Loss_change:    0.00061
Iter:  35, Energy:   -0.01486, Int:    0.01508, Ext:    0.02994, Loss_change:    0.00039
Iter:  36, Energy:   -0.01518, Int:    0.01596, Ext:    0.03114, Loss_change:    0.00032
Iter:  37, Energy:   -0.01571, Int:    0.01608, Ext:    0.03179, Loss_change:    0.00053
Iter:  38, Energy:   -0.01601, Int:    0.01594, Ext:    0.03195, Loss_change:    0.00030
Iter:  39, Energy:   -0.01621, Int:    0.01657, Ext:    0.03278, Loss_change:    0.00019
Iter:  40, Energy:   -0.01638, Int:    0.01719, Ext:    0.03357, Loss_change:    0.00018
Iter:  41, Energy:   -0.01654, Int:    0.01648, Ext:    0.03302, Loss_change:    0.00015
Iter:  42, Energy:   -0.01692, Int:    0.01523, Ext:    0.03215, Loss_change:    0.00038
Iter:  43, Energy:   -0.01713, Int:    0.01506, Ext:    0.03219, Loss_change:    0.00021
Iter:  44, Energy:   -0.01734, Int:    0.01528, Ext:    0.03261, Loss_change:    0.00021
Iter:  45, Energy:   -0.01748, Int:    0.01551, Ext:    0.03300, Loss_change:    0.00015
Iter:  46, Energy:   -0.01768, Int:    0.01577, Ext:    0.03344, Loss_change:    0.00019
Iter:  47, Energy:   -0.01777, Int:    0.01534, Ext:    0.03312, Loss_change:    0.00010
Iter:  48, Energy:   -0.01788, Int:    0.01492, Ext:    0.03280, Loss_change:    0.00011
Iter:  49, Energy:   -0.01797, Int:    0.01528, Ext:    0.03325, Loss_change:    0.00008
Iter:  50, Energy:   -0.01818, Int:    0.01654, Ext:    0.03472, Loss_change:    0.00021
Iter:  51, Energy:   -0.01839, Int:    0.01735, Ext:    0.03574, Loss_change:    0.00021
Iter:  52, Energy:   -0.01866, Int:    0.01759, Ext:    0.03625, Loss_change:    0.00027
Iter:  53, Energy:   -0.01883, Int:    0.01776, Ext:    0.03659, Loss_change:    0.00017
Iter:  54, Energy:   -0.01894, Int:    0.01774, Ext:    0.03668, Loss_change:    0.00011
Iter:  55, Energy:   -0.01907, Int:    0.01784, Ext:    0.03691, Loss_change:    0.00014
Iter:  56, Energy:   -0.01917, Int:    0.01807, Ext:    0.03724, Loss_change:    0.00010
Iter:  57, Energy:   -0.01922, Int:    0.01848, Ext:    0.03770, Loss_change:    0.00004
Iter:  58, Energy:   -0.01934, Int:    0.01892, Ext:    0.03826, Loss_change:    0.00013
Iter:  59, Energy:   -0.01947, Int:    0.01907, Ext:    0.03854, Loss_change:    0.00013
Iter:  60, Energy:   -0.01956, Int:    0.01938, Ext:    0.03894, Loss_change:    0.00008
Iter:  61, Energy:   -0.01963, Int:    0.01983, Ext:    0.03946, Loss_change:    0.00008
Iter:  62, Energy:   -0.01970, Int:    0.02004, Ext:    0.03974, Loss_change:    0.00006
Iter:  63, Energy:   -0.01977, Int:    0.02008, Ext:    0.03985, Loss_change:    0.00007
Iter:  64, Energy:   -0.01986, Int:    0.02006, Ext:    0.03991, Loss_change:    0.00009
Iter:  65, Energy:   -0.01994, Int:    0.01992, Ext:    0.03985, Loss_change:    0.00008
Iter:  66, Energy:   -0.02000, Int:    0.01989, Ext:    0.03990, Loss_change:    0.00007
Iter:  67, Energy:   -0.02007, Int:    0.01981, Ext:    0.03988, Loss_change:    0.00007
Iter:  68, Energy:   -0.02014, Int:    0.01951, Ext:    0.03965, Loss_change:    0.00007
Iter:  69, Energy:   -0.02022, Int:    0.01935, Ext:    0.03957, Loss_change:    0.00008
Iter:  70, Energy:   -0.02033, Int:    0.01971, Ext:    0.04004, Loss_change:    0.00011
Iter:  71, Energy:   -0.02043, Int:    0.01974, Ext:    0.04017, Loss_change:    0.00010
Iter:  72, Energy:   -0.02051, Int:    0.01977, Ext:    0.04028, Loss_change:    0.00008
Iter:  73, Energy:   -0.02057, Int:    0.01995, Ext:    0.04051, Loss_change:    0.00006
Iter:  74, Energy:   -0.02067, Int:    0.01969, Ext:    0.04036, Loss_change:    0.00010
Iter:  75, Energy:   -0.02076, Int:    0.01934, Ext:    0.04011, Loss_change:    0.00010
Iter:  76, Energy:   -0.02081, Int:    0.01909, Ext:    0.03990, Loss_change:    0.00005
Iter:  77, Energy:   -0.02085, Int:    0.01894, Ext:    0.03979, Loss_change:    0.00004
Iter:  78, Energy:   -0.02089, Int:    0.01899, Ext:    0.03988, Loss_change:    0.00004
Iter:  79, Energy:   -0.02095, Int:    0.01925, Ext:    0.04020, Loss_change:    0.00006
Iter:  80, Energy:   -0.02101, Int:    0.01924, Ext:    0.04025, Loss_change:    0.00006
Iter:  81, Energy:   -0.02106, Int:    0.01918, Ext:    0.04024, Loss_change:    0.00004
Iter:  82, Energy:   -0.02124, Int:    0.01970, Ext:    0.04095, Loss_change:    0.00019
Iter:  83, Energy:   -0.02134, Int:    0.02002, Ext:    0.04136, Loss_change:    0.00010
Iter:  84, Energy:   -0.02139, Int:    0.02010, Ext:    0.04150, Loss_change:    0.00005
Iter:  85, Energy:   -0.02145, Int:    0.02015, Ext:    0.04160, Loss_change:    0.00005
Iter:  86, Energy:   -0.02147, Int:    0.02015, Ext:    0.04162, Loss_change:    0.00003
Iter:  87, Energy:   -0.02152, Int:    0.02032, Ext:    0.04183, Loss_change:    0.00004
Iter:  88, Energy:   -0.02155, Int:    0.02060, Ext:    0.04216, Loss_change:    0.00004
Iter:  89, Energy:   -0.02163, Int:    0.02081, Ext:    0.04244, Loss_change:    0.00008
Iter:  90, Energy:   -0.02167, Int:    0.02092, Ext:    0.04259, Loss_change:    0.00004
Iter:  91, Energy:   -0.02169, Int:    0.02105, Ext:    0.04274, Loss_change:    0.00002
Iter:  92, Energy:   -0.02175, Int:    0.02113, Ext:    0.04288, Loss_change:    0.00006
Iter:  93, Energy:   -0.02179, Int:    0.02110, Ext:    0.04289, Loss_change:    0.00004
Iter:  94, Energy:   -0.02189, Int:    0.02099, Ext:    0.04287, Loss_change:    0.00009
Iter:  95, Energy:   -0.02192, Int:    0.02090, Ext:    0.04282, Loss_change:    0.00004
Iter:  96, Energy:   -0.02194, Int:    0.02090, Ext:    0.04284, Loss_change:    0.00002
Iter:  97, Energy:   -0.02195, Int:    0.02093, Ext:    0.04288, Loss_change:    0.00001
Iter:  98, Energy:   -0.02196, Int:    0.02091, Ext:    0.04287, Loss_change:    0.00001
Iter:  99, Energy:   -0.02197, Int:    0.02085, Ext:    0.04282, Loss_change:    0.00001
Iter: 100, Energy:   -0.02201, Int:    0.02077, Ext:    0.04278, Loss_change:    0.00004
Iter:   1, Energy:    5.08989, Int:    5.07419, Ext:   -0.01570, Loss_change:    5.08989
Iter:   2, Energy:    1.04058, Int:    1.02480, Ext:   -0.01578, Loss_change:    4.04931
Iter:   3, Energy:    0.15922, Int:    0.14539, Ext:   -0.01383, Loss_change:    0.88136
Iter:   4, Energy:    0.05790, Int:    0.05052, Ext:   -0.00738, Loss_change:    0.10132
Iter:   5, Energy:    0.02727, Int:    0.02685, Ext:   -0.00042, Loss_change:    0.03063
Iter:   6, Energy:    0.01595, Int:    0.01789, Ext:    0.00194, Loss_change:    0.01132
Iter:   7, Energy:    0.00471, Int:    0.00754, Ext:    0.00283, Loss_change:    0.01124
Iter:   8, Energy:    0.00222, Int:    0.00571, Ext:    0.00349, Loss_change:    0.00249
Iter:   9, Energy:   -0.00058, Int:    0.00555, Ext:    0.00613, Loss_change:    0.00280
Iter:  10, Energy:   -0.00234, Int:    0.00618, Ext:    0.00851, Loss_change:    0.00176
Iter:  11, Energy:   -0.00333, Int:    0.00584, Ext:    0.00917, Loss_change:    0.00099
Iter:  12, Energy:   -0.00472, Int:    0.00563, Ext:    0.01035, Loss_change:    0.00139
Iter:  13, Energy:   -0.00573, Int:    0.00628, Ext:    0.01201, Loss_change:    0.00101
Iter:  14, Energy:   -0.00663, Int:    0.00746, Ext:    0.01409, Loss_change:    0.00090
Iter:  15, Energy:   -0.00724, Int:    0.00784, Ext:    0.01508, Loss_change:    0.00061
Iter:  16, Energy:   -0.00806, Int:    0.00786, Ext:    0.01591, Loss_change:    0.00081
Iter:  17, Energy:   -0.00899, Int:    0.00815, Ext:    0.01714, Loss_change:    0.00093
Iter:  18, Energy:   -0.00950, Int:    0.00831, Ext:    0.01781, Loss_change:    0.00051
Iter:  19, Energy:   -0.01030, Int:    0.00950, Ext:    0.01981, Loss_change:    0.00080
Iter:  20, Energy:   -0.01082, Int:    0.00979, Ext:    0.02061, Loss_change:    0.00052
Iter:  21, Energy:   -0.01177, Int:    0.00930, Ext:    0.02107, Loss_change:    0.00095
Iter:  22, Energy:   -0.01246, Int:    0.01008, Ext:    0.02254, Loss_change:    0.00069
Iter:  23, Energy:   -0.01280, Int:    0.01113, Ext:    0.02393, Loss_change:    0.00034
Iter:  24, Energy:   -0.01325, Int:    0.01174, Ext:    0.02498, Loss_change:    0.00045
Iter:  25, Energy:   -0.01379, Int:    0.01350, Ext:    0.02729, Loss_change:    0.00055
Iter:  26, Energy:   -0.01423, Int:    0.01512, Ext:    0.02935, Loss_change:    0.00043
Iter:  27, Energy:   -0.01481, Int:    0.01602, Ext:    0.03083, Loss_change:    0.00058
Iter:  28, Energy:   -0.01519, Int:    0.01540, Ext:    0.03060, Loss_change:    0.00038
Iter:  29, Energy:   -0.01554, Int:    0.01606, Ext:    0.03160, Loss_change:    0.00035
Iter:  30, Energy:   -0.01581, Int:    0.01753, Ext:    0.03333, Loss_change:    0.00027
Iter:  31, Energy:   -0.01616, Int:    0.01776, Ext:    0.03392, Loss_change:    0.00036
Iter:  32, Energy:   -0.01640, Int:    0.01674, Ext:    0.03314, Loss_change:    0.00024
Iter:  33, Energy:   -0.01659, Int:    0.01654, Ext:    0.03313, Loss_change:    0.00019
Iter:  34, Energy:   -0.01678, Int:    0.01722, Ext:    0.03400, Loss_change:    0.00019
Iter:  35, Energy:   -0.01698, Int:    0.01769, Ext:    0.03467, Loss_change:    0.00021
Iter:  36, Energy:   -0.01721, Int:    0.01713, Ext:    0.03434, Loss_change:    0.00023
Iter:  37, Energy:   -0.01736, Int:    0.01702, Ext:    0.03439, Loss_change:    0.00015
Iter:  38, Energy:   -0.01760, Int:    0.01767, Ext:    0.03527, Loss_change:    0.00023
Iter:  39, Energy:   -0.01772, Int:    0.01808, Ext:    0.03580, Loss_change:    0.00013
Iter:  40, Energy:   -0.01782, Int:    0.01831, Ext:    0.03613, Loss_change:    0.00009
Iter:  41, Energy:   -0.01794, Int:    0.01880, Ext:    0.03674, Loss_change:    0.00012
Iter:  42, Energy:   -0.01812, Int:    0.01900, Ext:    0.03712, Loss_change:    0.00018
Iter:  43, Energy:   -0.01848, Int:    0.01837, Ext:    0.03685, Loss_change:    0.00036
Iter:  44, Energy:   -0.01879, Int:    0.01825, Ext:    0.03704, Loss_change:    0.00031
Iter:  45, Energy:   -0.01903, Int:    0.01851, Ext:    0.03755, Loss_change:    0.00024
Iter:  46, Energy:   -0.01920, Int:    0.01872, Ext:    0.03792, Loss_change:    0.00017
Iter:  47, Energy:   -0.01930, Int:    0.01895, Ext:    0.03825, Loss_change:    0.00010
Iter:  48, Energy:   -0.01940, Int:    0.01901, Ext:    0.03842, Loss_change:    0.00011
Iter:  49, Energy:   -0.01950, Int:    0.01923, Ext:    0.03873, Loss_change:    0.00010
Iter:  50, Energy:   -0.01961, Int:    0.01940, Ext:    0.03901, Loss_change:    0.00011
Iter:  51, Energy:   -0.01969, Int:    0.01962, Ext:    0.03930, Loss_change:    0.00008
Iter:  52, Energy:   -0.01974, Int:    0.01971, Ext:    0.03945, Loss_change:    0.00005
Iter:  53, Energy:   -0.01979, Int:    0.01946, Ext:    0.03925, Loss_change:    0.00005
Iter:  54, Energy:   -0.01989, Int:    0.01916, Ext:    0.03904, Loss_change:    0.00009
Iter:  55, Energy:   -0.01996, Int:    0.01936, Ext:    0.03933, Loss_change:    0.00008
Iter:  56, Energy:   -0.02011, Int:    0.01952, Ext:    0.03963, Loss_change:    0.00014
Iter:  57, Energy:   -0.02021, Int:    0.01916, Ext:    0.03937, Loss_change:    0.00010
Iter:  58, Energy:   -0.02026, Int:    0.01902, Ext:    0.03928, Loss_change:    0.00006
Iter:  59, Energy:   -0.02031, Int:    0.01900, Ext:    0.03931, Loss_change:    0.00004
Iter:  60, Energy:   -0.02041, Int:    0.01864, Ext:    0.03905, Loss_change:    0.00010
Iter:  61, Energy:   -0.02049, Int:    0.01838, Ext:    0.03887, Loss_change:    0.00008
Iter:  62, Energy:   -0.02067, Int:    0.01862, Ext:    0.03929, Loss_change:    0.00017
Iter:  63, Energy:   -0.02077, Int:    0.01900, Ext:    0.03978, Loss_change:    0.00011
Iter:  64, Energy:   -0.02084, Int:    0.01895, Ext:    0.03979, Loss_change:    0.00007
Iter:  65, Energy:   -0.02096, Int:    0.01903, Ext:    0.03999, Loss_change:    0.00012
Iter:  66, Energy:   -0.02111, Int:    0.01936, Ext:    0.04047, Loss_change:    0.00015
Iter:  67, Energy:   -0.02120, Int:    0.01962, Ext:    0.04082, Loss_change:    0.00009
Iter:  68, Energy:   -0.02125, Int:    0.01977, Ext:    0.04102, Loss_change:    0.00005
Iter:  69, Energy:   -0.02128, Int:    0.01972, Ext:    0.04100, Loss_change:    0.00003
Iter:  70, Energy:   -0.02133, Int:    0.01987, Ext:    0.04120, Loss_change:    0.00005
Iter:  71, Energy:   -0.02139, Int:    0.01997, Ext:    0.04136, Loss_change:    0.00006
Iter:  72, Energy:   -0.02145, Int:    0.01997, Ext:    0.04142, Loss_change:    0.00006
Iter:  73, Energy:   -0.02150, Int:    0.02007, Ext:    0.04157, Loss_change:    0.00004
Iter:  74, Energy:   -0.02152, Int:    0.02016, Ext:    0.04167, Loss_change:    0.00002
Iter:  75, Energy:   -0.02158, Int:    0.02045, Ext:    0.04203, Loss_change:    0.00007
Iter:  76, Energy:   -0.02168, Int:    0.02081, Ext:    0.04249, Loss_change:    0.00009
Iter:  77, Energy:   -0.02171, Int:    0.02091, Ext:    0.04262, Loss_change:    0.00003
Iter:  78, Energy:   -0.02177, Int:    0.02099, Ext:    0.04275, Loss_change:    0.00006
Iter:  79, Energy:   -0.02181, Int:    0.02123, Ext:    0.04304, Loss_change:    0.00004
Iter:  80, Energy:   -0.02183, Int:    0.02122, Ext:    0.04305, Loss_change:    0.00002
Iter:  81, Energy:   -0.02186, Int:    0.02124, Ext:    0.04310, Loss_change:    0.00003
Iter:  82, Energy:   -0.02189, Int:    0.02135, Ext:    0.04323, Loss_change:    0.00002
Iter:  83, Energy:   -0.02194, Int:    0.02149, Ext:    0.04343, Loss_change:    0.00005
Iter:  84, Energy:   -0.02200, Int:    0.02165, Ext:    0.04365, Loss_change:    0.00007
Iter:  85, Energy:   -0.02206, Int:    0.02201, Ext:    0.04407, Loss_change:    0.00006
Iter:  86, Energy:   -0.02210, Int:    0.02219, Ext:    0.04429, Loss_change:    0.00004
Iter:  87, Energy:   -0.02217, Int:    0.02221, Ext:    0.04438, Loss_change:    0.00007
Iter:  88, Energy:   -0.02219, Int:    0.02220, Ext:    0.04439, Loss_change:    0.00002
Iter:  89, Energy:   -0.02221, Int:    0.02221, Ext:    0.04441, Loss_change:    0.00002
Iter:  90, Energy:   -0.02224, Int:    0.02231, Ext:    0.04455, Loss_change:    0.00003
Iter:  91, Energy:   -0.02232, Int:    0.02229, Ext:    0.04461, Loss_change:    0.00008
Iter:  92, Energy:   -0.02239, Int:    0.02200, Ext:    0.04439, Loss_change:    0.00007
Iter:  93, Energy:   -0.02242, Int:    0.02196, Ext:    0.04438, Loss_change:    0.00003
Iter:  94, Energy:   -0.02244, Int:    0.02197, Ext:    0.04441, Loss_change:    0.00003
Iter:  95, Energy:   -0.02248, Int:    0.02167, Ext:    0.04414, Loss_change:    0.00004
Iter:  96, Energy:   -0.02250, Int:    0.02143, Ext:    0.04393, Loss_change:    0.00003
Iter:  97, Energy:   -0.02255, Int:    0.02123, Ext:    0.04378, Loss_change:    0.00004
Iter:  98, Energy:   -0.02260, Int:    0.02090, Ext:    0.04350, Loss_change:    0.00005
Iter:  99, Energy:   -0.02263, Int:    0.02083, Ext:    0.04345, Loss_change:    0.00003
Iter: 100, Energy:   -0.02266, Int:    0.02093, Ext:    0.04359, Loss_change:    0.00004
Iter:   1, Energy:    0.81243, Int:    0.84802, Ext:    0.03559, Loss_change:    0.81243
Iter:   2, Energy:    0.05264, Int:    0.06759, Ext:    0.01495, Loss_change:    0.75979
Iter:   3, Energy:    0.01431, Int:    0.02319, Ext:    0.00888, Loss_change:    0.03833
Iter:   4, Energy:   -0.00038, Int:    0.01088, Ext:    0.01126, Loss_change:    0.01469
Iter:   5, Energy:   -0.00477, Int:    0.00708, Ext:    0.01185, Loss_change:    0.00438
Iter:   6, Energy:   -0.00704, Int:    0.00659, Ext:    0.01363, Loss_change:    0.00228
Iter:   7, Energy:   -0.00894, Int:    0.00662, Ext:    0.01556, Loss_change:    0.00189
Iter:   8, Energy:   -0.01106, Int:    0.00744, Ext:    0.01850, Loss_change:    0.00212
Iter:   9, Energy:   -0.01269, Int:    0.00929, Ext:    0.02198, Loss_change:    0.00163
Iter:  10, Energy:   -0.01427, Int:    0.01124, Ext:    0.02551, Loss_change:    0.00158
Iter:  11, Energy:   -0.01520, Int:    0.01482, Ext:    0.03003, Loss_change:    0.00094
Iter:  12, Energy:   -0.01611, Int:    0.01491, Ext:    0.03102, Loss_change:    0.00091
Iter:  13, Energy:   -0.01664, Int:    0.01610, Ext:    0.03274, Loss_change:    0.00053
Iter:  14, Energy:   -0.01716, Int:    0.01657, Ext:    0.03373, Loss_change:    0.00051
Iter:  15, Energy:   -0.01749, Int:    0.01830, Ext:    0.03579, Loss_change:    0.00034
Iter:  16, Energy:   -0.01782, Int:    0.01870, Ext:    0.03652, Loss_change:    0.00032
Iter:  17, Energy:   -0.01805, Int:    0.01791, Ext:    0.03596, Loss_change:    0.00023
Iter:  18, Energy:   -0.01817, Int:    0.01626, Ext:    0.03443, Loss_change:    0.00012
Iter:  19, Energy:   -0.01847, Int:    0.01685, Ext:    0.03532, Loss_change:    0.00030
Iter:  20, Energy:   -0.01871, Int:    0.01793, Ext:    0.03664, Loss_change:    0.00023
Iter:  21, Energy:   -0.01890, Int:    0.01867, Ext:    0.03757, Loss_change:    0.00020
Iter:  22, Energy:   -0.01898, Int:    0.01839, Ext:    0.03736, Loss_change:    0.00007
Iter:  23, Energy:   -0.01927, Int:    0.01932, Ext:    0.03859, Loss_change:    0.00029
Iter:  24, Energy:   -0.01936, Int:    0.01902, Ext:    0.03838, Loss_change:    0.00010
Iter:  25, Energy:   -0.01954, Int:    0.01823, Ext:    0.03777, Loss_change:    0.00018
Iter:  26, Energy:   -0.01960, Int:    0.01839, Ext:    0.03799, Loss_change:    0.00005
Iter:  27, Energy:   -0.01962, Int:    0.01844, Ext:    0.03806, Loss_change:    0.00002
Iter:  28, Energy:   -0.01972, Int:    0.01855, Ext:    0.03827, Loss_change:    0.00010
Iter:  29, Energy:   -0.01979, Int:    0.01894, Ext:    0.03873, Loss_change:    0.00007
Iter:  30, Energy:   -0.01987, Int:    0.01975, Ext:    0.03963, Loss_change:    0.00008
Iter:  31, Energy:   -0.01995, Int:    0.01991, Ext:    0.03986, Loss_change:    0.00008
Iter:  32, Energy:   -0.02007, Int:    0.01916, Ext:    0.03923, Loss_change:    0.00011
Iter:  33, Energy:   -0.02031, Int:    0.02042, Ext:    0.04073, Loss_change:    0.00024
Iter:  34, Energy:   -0.02043, Int:    0.02142, Ext:    0.04185, Loss_change:    0.00012
Iter:  35, Energy:   -0.02046, Int:    0.02159, Ext:    0.04205, Loss_change:    0.00003
Iter:  36, Energy:   -0.02062, Int:    0.02115, Ext:    0.04177, Loss_change:    0.00016
Iter:  37, Energy:   -0.02071, Int:    0.02056, Ext:    0.04126, Loss_change:    0.00009
Iter:  38, Energy:   -0.02073, Int:    0.02049, Ext:    0.04121, Loss_change:    0.00002
Iter:  39, Energy:   -0.02083, Int:    0.01956, Ext:    0.04039, Loss_change:    0.00010
Iter:  40, Energy:   -0.02089, Int:    0.01994, Ext:    0.04083, Loss_change:    0.00006
Iter:  41, Energy:   -0.02093, Int:    0.01993, Ext:    0.04086, Loss_change:    0.00004
Iter:  42, Energy:   -0.02099, Int:    0.02058, Ext:    0.04156, Loss_change:    0.00005
Iter:  43, Energy:   -0.02105, Int:    0.02134, Ext:    0.04239, Loss_change:    0.00006
Iter:  44, Energy:   -0.02112, Int:    0.02073, Ext:    0.04185, Loss_change:    0.00007
Iter:  45, Energy:   -0.02116, Int:    0.02076, Ext:    0.04192, Loss_change:    0.00004
Iter:  46, Energy:   -0.02125, Int:    0.02060, Ext:    0.04184, Loss_change:    0.00008
Iter:  47, Energy:   -0.02130, Int:    0.02060, Ext:    0.04189, Loss_change:    0.00005
Iter:  48, Energy:   -0.02135, Int:    0.02059, Ext:    0.04194, Loss_change:    0.00005
Iter:  49, Energy:   -0.02137, Int:    0.02078, Ext:    0.04215, Loss_change:    0.00002
Iter:  50, Energy:   -0.02143, Int:    0.02118, Ext:    0.04261, Loss_change:    0.00006
Iter:  51, Energy:   -0.02149, Int:    0.02172, Ext:    0.04321, Loss_change:    0.00006
Iter:  52, Energy:   -0.02156, Int:    0.02141, Ext:    0.04298, Loss_change:    0.00007
Iter:  53, Energy:   -0.02165, Int:    0.02093, Ext:    0.04258, Loss_change:    0.00009
Iter:  54, Energy:   -0.02167, Int:    0.02112, Ext:    0.04280, Loss_change:    0.00002
Iter:  55, Energy:   -0.02169, Int:    0.02152, Ext:    0.04321, Loss_change:    0.00002
Iter:  56, Energy:   -0.02172, Int:    0.02173, Ext:    0.04345, Loss_change:    0.00003
Iter:  57, Energy:   -0.02181, Int:    0.02119, Ext:    0.04300, Loss_change:    0.00008
Iter:  58, Energy:   -0.02185, Int:    0.02089, Ext:    0.04274, Loss_change:    0.00004
Iter:  59, Energy:   -0.02188, Int:    0.02110, Ext:    0.04298, Loss_change:    0.00003
Iter:  60, Energy:   -0.02191, Int:    0.02132, Ext:    0.04323, Loss_change:    0.00003
Iter:  61, Energy:   -0.02201, Int:    0.02183, Ext:    0.04383, Loss_change:    0.00009
Iter:  62, Energy:   -0.02210, Int:    0.02200, Ext:    0.04410, Loss_change:    0.00009
Iter:  63, Energy:   -0.02211, Int:    0.02212, Ext:    0.04423, Loss_change:    0.00001
Iter:  64, Energy:   -0.02216, Int:    0.02168, Ext:    0.04384, Loss_change:    0.00004
Iter:  65, Energy:   -0.02219, Int:    0.02204, Ext:    0.04424, Loss_change:    0.00004
Iter:  66, Energy:   -0.02225, Int:    0.02219, Ext:    0.04444, Loss_change:    0.00005
Iter:  67, Energy:   -0.02227, Int:    0.02206, Ext:    0.04433, Loss_change:    0.00002
Iter:  68, Energy:   -0.02231, Int:    0.02202, Ext:    0.04433, Loss_change:    0.00004
Iter:  69, Energy:   -0.02234, Int:    0.02253, Ext:    0.04487, Loss_change:    0.00003
Iter:  70, Energy:   -0.02239, Int:    0.02211, Ext:    0.04450, Loss_change:    0.00004
Iter:  71, Energy:   -0.02247, Int:    0.02154, Ext:    0.04402, Loss_change:    0.00009
Iter:  72, Energy:   -0.02249, Int:    0.02178, Ext:    0.04428, Loss_change:    0.00002
Iter:  73, Energy:   -0.02255, Int:    0.02174, Ext:    0.04429, Loss_change:    0.00005
Iter:  74, Energy:   -0.02267, Int:    0.02177, Ext:    0.04445, Loss_change:    0.00013
Iter:  75, Energy:   -0.02273, Int:    0.02168, Ext:    0.04442, Loss_change:    0.00006
Iter:  76, Energy:   -0.02278, Int:    0.02174, Ext:    0.04452, Loss_change:    0.00005
Iter:  77, Energy:   -0.02284, Int:    0.02172, Ext:    0.04455, Loss_change:    0.00005
Iter:  78, Energy:   -0.02292, Int:    0.02207, Ext:    0.04499, Loss_change:    0.00008
Iter:  79, Energy:   -0.02281, Int:    0.02215, Ext:    0.04495, Loss_change:    0.00011
Iter:  80, Energy:   -0.02297, Int:    0.02190, Ext:    0.04487, Loss_change:    0.00016
Iter:  81, Energy:   -0.02298, Int:    0.02167, Ext:    0.04465, Loss_change:    0.00001
Iter:  82, Energy:   -0.02300, Int:    0.02162, Ext:    0.04462, Loss_change:    0.00002
Iter:  83, Energy:   -0.02302, Int:    0.02126, Ext:    0.04428, Loss_change:    0.00002
Iter:  84, Energy:   -0.02306, Int:    0.02144, Ext:    0.04450, Loss_change:    0.00004
Iter:  85, Energy:   -0.02311, Int:    0.02139, Ext:    0.04450, Loss_change:    0.00005
Iter:  86, Energy:   -0.02316, Int:    0.02140, Ext:    0.04457, Loss_change:    0.00005
Iter:  87, Energy:   -0.02319, Int:    0.02165, Ext:    0.04484, Loss_change:    0.00003
Iter:  88, Energy:   -0.02322, Int:    0.02213, Ext:    0.04535, Loss_change:    0.00003
Iter:  89, Energy:   -0.02326, Int:    0.02273, Ext:    0.04599, Loss_change:    0.00004
Iter:  90, Energy:   -0.02328, Int:    0.02255, Ext:    0.04583, Loss_change:    0.00002
Iter:  91, Energy:   -0.02329, Int:    0.02268, Ext:    0.04598, Loss_change:    0.00002
Iter:  92, Energy:   -0.02331, Int:    0.02271, Ext:    0.04601, Loss_change:    0.00001
Iter:  93, Energy:   -0.02332, Int:    0.02291, Ext:    0.04623, Loss_change:    0.00001
Iter:  94, Energy:   -0.02335, Int:    0.02301, Ext:    0.04636, Loss_change:    0.00003
Iter:  95, Energy:   -0.02307, Int:    0.02395, Ext:    0.04702, Loss_change:    0.00028
Iter:  96, Energy:   -0.02338, Int:    0.02292, Ext:    0.04629, Loss_change:    0.00031
Iter:  97, Energy:   -0.02340, Int:    0.02286, Ext:    0.04625, Loss_change:    0.00002
Iter:  98, Energy:   -0.02342, Int:    0.02286, Ext:    0.04628, Loss_change:    0.00003
Iter:  99, Energy:   -0.02344, Int:    0.02303, Ext:    0.04647, Loss_change:    0.00002
Iter: 100, Energy:   -0.02345, Int:    0.02295, Ext:    0.04640, Loss_change:    0.00001
