Running on GPU
Experiment nr. 0
num_n, num_l
Model at epoch 299 stored with energy change:  0.00000, 
Model at epoch 276 stored with energy change:  0.00000, 
Model at epoch 282 stored with energy change:  0.00000, 
Model at epoch 293 stored with energy change:  0.00000, 
Model at epoch 268 stored with energy change:  0.00000, 
Model at epoch 283 stored with energy change:  0.00000, 
Model at epoch 206 stored with energy change:  0.00001, 
Model at epoch 209 stored with energy change:  0.00000, 
Model at epoch 186 stored with energy change:  0.00001, 
Model at epoch 238 stored with energy change:  0.00000, 
Model at epoch 229 stored with energy change:  0.00000, 
Model at epoch 133 stored with energy change:  0.00000, 
Model at epoch 162 stored with energy change:  0.00002, 
Model at epoch 282 stored with energy change:  0.00000, 
Model at epoch 155 stored with energy change:  0.00001, 
Model at epoch 286 stored with energy change:  0.00000, 
U_norms_i
[[0.0551335  0.05595021 0.05501078 0.05503281]
 [0.05485083 0.05414826 0.05413442 0.05413718]
 [0.05397027 0.05446713 0.05440132 0.02395084]
 [0.05405631 0.05519973 0.05258473 0.05456378]]
U_norms
[[0.0551335  0.05595021 0.05501078 0.05503281]
 [0.05485083 0.05414826 0.05413442 0.05413718]
 [0.05397027 0.05446713 0.05440132 0.02395084]
 [0.05405631 0.05519973 0.05258473 0.05456378]]
Experiment nr. 1
num_n, num_l
Model at epoch 292 stored with energy change:  0.00000, 
Model at epoch 256 stored with energy change:  0.00001, 
Model at epoch 179 stored with energy change:  0.00000, 
Model at epoch 267 stored with energy change:  0.00000, 
Model at epoch 216 stored with energy change:  0.00000, 
Model at epoch 283 stored with energy change:  0.00000, 
Model at epoch 107 stored with energy change:  0.00001, 
Model at epoch 162 stored with energy change:  0.00001, 
Model at epoch 247 stored with energy change:  0.00000, 
Model at epoch 134 stored with energy change:  0.00010, 
Model at epoch 282 stored with energy change:  0.00000, 
Model at epoch 276 stored with energy change:  0.00000, 
Model at epoch 140 stored with energy change:  0.00004, 
Model at epoch 273 stored with energy change:  0.00000, 
Model at epoch 288 stored with energy change:  0.00000, 
Model at epoch 207 stored with energy change:  0.00000, 
U_norms_i
[[0.05502044 0.05430225 0.05479458 0.05473712]
 [0.0533983  0.05472604 0.05433714 0.05350368]
 [0.05396416 0.05380816 0.05477798 0.05487805]
 [0.04330576 0.05404036 0.05425224 0.05569084]]
U_norms
[[0.11015395 0.11025246 0.10980536 0.10976993]
 [0.10824912 0.1088743  0.10847156 0.10764086]
 [0.10793443 0.10827529 0.1091793  0.0788289 ]
 [0.09736207 0.10924009 0.10683697 0.11025462]]
Experiment nr. 2
num_n, num_l
Model at epoch 174 stored with energy change:  0.00001, 
Model at epoch 294 stored with energy change:  0.00000, 
Model at epoch 272 stored with energy change:  0.00000, 
Model at epoch 284 stored with energy change:  0.00000, 
Model at epoch 167 stored with energy change:  0.00001, 
Model at epoch 164 stored with energy change:  0.00000, 
Model at epoch 217 stored with energy change:  0.00001, 
Model at epoch 294 stored with energy change:  0.00000, 
Model at epoch 243 stored with energy change:  0.00001, 
Model at epoch 181 stored with energy change:  0.00000, 
Model at epoch 271 stored with energy change:  0.00000, 
Model at epoch 199 stored with energy change:  0.00000, 
Model at epoch 231 stored with energy change:  0.00000, 
Model at epoch 299 stored with energy change:  0.00000, 
Model at epoch 258 stored with energy change:  0.00000, 
Model at epoch 241 stored with energy change:  0.00000, 
U_norms_i
[[0.05470412 0.05527662 0.05482582 0.05444111]
 [0.05271196 0.05258531 0.04179158 0.05471678]
 [0.05536555 0.05347956 0.05505144 0.05467273]
 [0.05151132 0.05396514 0.05326103 0.05417829]]
U_norms
[[0.16485807 0.16552908 0.16463118 0.16421103]
 [0.16096108 0.16145961 0.15026315 0.16235765]
 [0.16329998 0.16175484 0.16423075 0.13350162]
 [0.14887339 0.16320524 0.160098   0.16443291]]
Experiment nr. 3
num_n, num_l
Model at epoch 263 stored with energy change:  0.00000, 
Model at epoch 157 stored with energy change:  0.00000, 
Model at epoch 293 stored with energy change:  0.00000, 
Model at epoch 130 stored with energy change:  0.00000, 
Model at epoch 192 stored with energy change:  0.00000, 
Model at epoch 175 stored with energy change:  0.00001, 
Model at epoch 166 stored with energy change:  0.00000, 
Model at epoch 155 stored with energy change:  0.00001, 
Model at epoch 286 stored with energy change:  0.00000, 
Model at epoch 176 stored with energy change:  0.00000, 
Model at epoch 149 stored with energy change:  0.00008, 
Model at epoch 205 stored with energy change:  0.00001, 
Model at epoch 293 stored with energy change:  0.00000, 
Model at epoch 267 stored with energy change:  0.00000, 
Model at epoch 263 stored with energy change:  0.00000, 
Model at epoch 132 stored with energy change:  0.00001, 
U_norms_i
[[0.05453087 0.05329224 0.05550527 0.05527494]
 [0.05180096 0.05271455 0.05355966 0.05373127]
 [0.05404383 0.05497888 0.07118604 0.0539165 ]
 [0.05426166 0.05434644 0.05538746 0.05452833]]
U_norms
[[0.21938893 0.21882132 0.22013645 0.21948598]
 [0.21276204 0.21417417 0.2038228  0.21608892]
 [0.21734381 0.21673372 0.23541678 0.18741812]
 [0.20313505 0.21755168 0.21548546 0.21896124]]
Experiment nr. 4
num_n, num_l
Model at epoch 155 stored with energy change:  0.00002, 
Model at epoch 263 stored with energy change:  0.00000, 
Model at epoch 258 stored with energy change:  0.00000, 
Model at epoch 165 stored with energy change:  0.00000, 
Model at epoch 268 stored with energy change:  0.00000, 
Model at epoch 173 stored with energy change:  0.00000, 
Model at epoch 266 stored with energy change:  0.00000, 
Model at epoch 294 stored with energy change:  0.00000, 
Model at epoch 150 stored with energy change:  0.00001, 
Model at epoch 200 stored with energy change:  0.00000, 
Model at epoch 134 stored with energy change:  0.00008, 
Model at epoch 166 stored with energy change:  0.00000, 
Model at epoch 173 stored with energy change:  0.00007, 
Model at epoch 221 stored with energy change:  0.00000, 
Model at epoch 143 stored with energy change:  0.00000, 
Model at epoch 220 stored with energy change:  0.00000, 
U_norms_i
[[0.05425697 0.05569071 0.05518234 0.05463875]
 [0.05517995 0.0389166  0.05343035 0.05339194]
 [0.03130849 0.05487622 0.1034729  0.05383386]
 [0.04461765 0.05370313 0.05080828 0.05428653]]
U_norms
[[0.2736459  0.27451203 0.27531879 0.27412473]
 [0.26794199 0.25309077 0.25725316 0.26948086]
 [0.24865231 0.27160994 0.33888968 0.24125198]
 [0.2477527  0.27125481 0.26629375 0.27324777]]
[[0.05472918 0.05490241 0.05506376 0.05482495]
 [0.0535884  0.05061815 0.05145063 0.05389617]
 [0.04973046 0.05432199 0.06777794 0.0482504 ]
 [0.04955054 0.05425096 0.05325875 0.05464955]]
tid: 55757.30s
tid: 929.29m
tid: 15.49t
