Ns and lrs
Iter:   0, Energy:  109.70683, Int:  116.12143, Ext:    6.41460, Eval loss:   22.11799, Loss_change: 109.70683
Iter:   1, Energy:   50.60008, Int:   55.89780, Ext:    5.29772, Eval loss:   10.11128, Loss_change: 59.10675
Iter:   2, Energy:   26.42385, Int:   31.17973, Ext:    4.75588, Eval loss:    5.24901, Loss_change: 24.17622
Iter:   3, Energy:   15.23010, Int:   19.73483, Ext:    4.50473, Eval loss:    2.97759, Loss_change: 11.19375
Iter:   4, Energy:    9.02381, Int:   13.45612, Ext:    4.43231, Eval loss:    1.71404, Loss_change:  6.20630
Iter:   5, Energy:    5.14920, Int:    9.65108, Ext:    4.50188, Eval loss:    0.92553, Loss_change:  3.87461
Iter:   6, Energy:    2.50502, Int:    7.21096, Ext:    4.70594, Eval loss:    0.38869, Loss_change:  2.64418
Iter:   7, Energy:    0.59026, Int:    5.62301, Ext:    5.03275, Eval loss:    0.00048, Loss_change:  1.91475
Iter:   8, Energy:   -0.86959, Int:    4.61008, Ext:    5.47967, Eval loss:   -0.29729, Loss_change:  1.45985
Iter:   9, Energy:   -2.04117, Int:    4.01340, Ext:    6.05457, Eval loss:   -0.53761, Loss_change:  1.17159
Iter:  10, Energy:   -3.02531, Int:    3.72773, Ext:    6.75304, Eval loss:   -0.74501, Loss_change:  0.98414
Iter:  11, Energy:   -3.85674, Int:    3.68459, Ext:    7.54133, Eval loss:   -0.92454, Loss_change:  0.83143
Iter:  12, Energy:   -4.56418, Int:    3.81173, Ext:    8.37591, Eval loss:   -1.08239, Loss_change:  0.70744
Iter:  13, Energy:   -5.11215, Int:    4.04224, Ext:    9.15438, Eval loss:   -1.21013, Loss_change:  0.54797
Iter:  14, Energy:   -5.51710, Int:    4.31427, Ext:    9.83137, Eval loss:   -1.30876, Loss_change:  0.40495
Iter:  15, Energy:   -5.82838, Int:    4.60310, Ext:   10.43149, Eval loss:   -1.38795, Loss_change:  0.31129
Iter:  16, Energy:   -6.05885, Int:    4.88161, Ext:   10.94045, Eval loss:   -1.44978, Loss_change:  0.23046
Iter:  17, Energy:   -6.23563, Int:    5.14593, Ext:   11.38155, Eval loss:   -1.49961, Loss_change:  0.17678
Iter:  18, Energy:   -6.37288, Int:    5.38267, Ext:   11.75555, Eval loss:   -1.53956, Loss_change:  0.13726
Iter:  19, Energy:   -6.47857, Int:    5.58795, Ext:   12.06652, Eval loss:   -1.57176, Loss_change:  0.10569
Iter:  20, Energy:   -6.56632, Int:    5.77093, Ext:   12.33725, Eval loss:   -1.59900, Loss_change:  0.08775
Iter:  21, Energy:   -6.64879, Int:    5.93205, Ext:   12.58084, Eval loss:   -1.62415, Loss_change:  0.08247
Iter:  22, Energy:   -6.72247, Int:    6.07072, Ext:   12.79319, Eval loss:   -1.64627, Loss_change:  0.07368
Iter:  23, Energy:   -6.79005, Int:    6.18183, Ext:   12.97188, Eval loss:   -1.66590, Loss_change:  0.06758
Iter:  24, Energy:   -6.85004, Int:    6.26826, Ext:   13.11830, Eval loss:   -1.68265, Loss_change:  0.05999
Iter:  25, Energy:   -6.90405, Int:    6.32712, Ext:   13.23116, Eval loss:   -1.69715, Loss_change:  0.05401
Iter:  26, Energy:   -6.95689, Int:    6.35704, Ext:   13.31393, Eval loss:   -1.70993, Loss_change:  0.05284
Iter:  27, Energy:   -7.00893, Int:    6.37361, Ext:   13.38254, Eval loss:   -1.72235, Loss_change:  0.05204
Iter:  28, Energy:   -7.06439, Int:    6.38657, Ext:   13.45096, Eval loss:   -1.73498, Loss_change:  0.05546
Iter:  29, Energy:   -7.11172, Int:    6.39815, Ext:   13.50987, Eval loss:   -1.74545, Loss_change:  0.04733
Iter:  30, Energy:   -7.14872, Int:    6.40653, Ext:   13.55525, Eval loss:   -1.75348, Loss_change:  0.03700
Iter:  31, Energy:   -7.17623, Int:    6.42067, Ext:   13.59690, Eval loss:   -1.75990, Loss_change:  0.02751
Iter:  32, Energy:   -7.19972, Int:    6.43940, Ext:   13.63912, Eval loss:   -1.76543, Loss_change:  0.02349
Iter:  33, Energy:   -7.22046, Int:    6.46337, Ext:   13.68383, Eval loss:   -1.77076, Loss_change:  0.02074
Iter:  34, Energy:   -7.24325, Int:    6.48678, Ext:   13.73003, Eval loss:   -1.77680, Loss_change:  0.02279
Iter:  35, Energy:   -7.26487, Int:    6.51189, Ext:   13.77676, Eval loss:   -1.78260, Loss_change:  0.02162
Iter:  36, Energy:   -7.28687, Int:    6.53499, Ext:   13.82187, Eval loss:   -1.78844, Loss_change:  0.02200
Iter:  37, Energy:   -7.30839, Int:    6.55451, Ext:   13.86290, Eval loss:   -1.79408, Loss_change:  0.02152
Iter:  38, Energy:   -7.32801, Int:    6.57226, Ext:   13.90026, Eval loss:   -1.79909, Loss_change:  0.01962
Iter:  39, Energy:   -7.34864, Int:    6.58533, Ext:   13.93397, Eval loss:   -1.80395, Loss_change:  0.02063
Iter:  40, Energy:   -7.37629, Int:    6.60083, Ext:   13.97713, Eval loss:   -1.80970, Loss_change:  0.02765
Iter:  41, Energy:   -7.40306, Int:    6.61474, Ext:   14.01780, Eval loss:   -1.81464, Loss_change:  0.02677
Iter:  42, Energy:   -7.42535, Int:    6.62328, Ext:   14.04863, Eval loss:   -1.81831, Loss_change:  0.02229
Iter:  43, Energy:   -7.44363, Int:    6.62925, Ext:   14.07288, Eval loss:   -1.82125, Loss_change:  0.01828
Iter:  44, Energy:   -7.45750, Int:    6.63442, Ext:   14.09193, Eval loss:   -1.82343, Loss_change:  0.01387
Iter:  45, Energy:   -7.46893, Int:    6.63866, Ext:   14.10758, Eval loss:   -1.82534, Loss_change:  0.01142
Iter:  46, Energy:   -7.47860, Int:    6.64565, Ext:   14.12425, Eval loss:   -1.82713, Loss_change:  0.00967
Iter:  47, Energy:   -7.48648, Int:    6.65477, Ext:   14.14124, Eval loss:   -1.82890, Loss_change:  0.00788
Iter:  48, Energy:   -7.49327, Int:    6.66703, Ext:   14.16030, Eval loss:   -1.83059, Loss_change:  0.00679
Iter:  49, Energy:   -7.49926, Int:    6.68060, Ext:   14.17985, Eval loss:   -1.83230, Loss_change:  0.00599
Iter:  50, Energy:   -7.50454, Int:    6.69614, Ext:   14.20068, Eval loss:   -1.83406, Loss_change:  0.00528
Iter:  51, Energy:   -7.50961, Int:    6.71181, Ext:   14.22142, Eval loss:   -1.83585, Loss_change:  0.00507
Iter:  52, Energy:   -7.51542, Int:    6.73083, Ext:   14.24625, Eval loss:   -1.83799, Loss_change:  0.00581
Iter:  53, Energy:   -7.52183, Int:    6.74937, Ext:   14.27119, Eval loss:   -1.84046, Loss_change:  0.00640
Iter:  54, Energy:   -7.52814, Int:    6.76551, Ext:   14.29366, Eval loss:   -1.84284, Loss_change:  0.00632
Iter:  55, Energy:   -7.53414, Int:    6.78047, Ext:   14.31461, Eval loss:   -1.84515, Loss_change:  0.00599
Iter:  56, Energy:   -7.53940, Int:    6.79200, Ext:   14.33139, Eval loss:   -1.84717, Loss_change:  0.00526
Iter:  57, Energy:   -7.54394, Int:    6.79903, Ext:   14.34297, Eval loss:   -1.84900, Loss_change:  0.00455
Iter:  58, Energy:   -7.54759, Int:    6.80538, Ext:   14.35297, Eval loss:   -1.85044, Loss_change:  0.00365
Iter:  59, Energy:   -7.55075, Int:    6.81008, Ext:   14.36083, Eval loss:   -1.85165, Loss_change:  0.00316
Iter:  60, Energy:   -7.55358, Int:    6.81374, Ext:   14.36732, Eval loss:   -1.85271, Loss_change:  0.00283
Iter:  61, Energy:   -7.55742, Int:    6.81784, Ext:   14.37526, Eval loss:   -1.85386, Loss_change:  0.00384
Iter:  62, Energy:   -7.56393, Int:    6.82026, Ext:   14.38419, Eval loss:   -1.85532, Loss_change:  0.00651
Iter:  63, Energy:   -7.57150, Int:    6.82194, Ext:   14.39345, Eval loss:   -1.85656, Loss_change:  0.00758
Iter:  64, Energy:   -7.57889, Int:    6.81558, Ext:   14.39447, Eval loss:   -1.85742, Loss_change:  0.00739
Iter:  65, Energy:   -7.58621, Int:    6.81400, Ext:   14.40022, Eval loss:   -1.85800, Loss_change:  0.00732
Iter:  66, Energy:   -7.59302, Int:    6.81144, Ext:   14.40445, Eval loss:   -1.85828, Loss_change:  0.00680
Iter:  67, Energy:   -7.59930, Int:    6.81088, Ext:   14.41018, Eval loss:   -1.85832, Loss_change:  0.00628
Iter:  68, Energy:   -7.60447, Int:    6.81114, Ext:   14.41561, Eval loss:   -1.85819, Loss_change:  0.00518
Iter:  69, Energy:   -7.60874, Int:    6.81380, Ext:   14.42254, Eval loss:   -1.85796, Loss_change:  0.00426
Iter:  70, Energy:   -7.61216, Int:    6.81498, Ext:   14.42715, Eval loss:   -1.85764, Loss_change:  0.00343
Iter:  71, Energy:   -7.61518, Int:    6.81501, Ext:   14.43019, Eval loss:   -1.85739, Loss_change:  0.00302
Iter:  72, Energy:   -7.61773, Int:    6.81372, Ext:   14.43145, Eval loss:   -1.85714, Loss_change:  0.00255
Iter:  73, Energy:   -7.61993, Int:    6.81354, Ext:   14.43347, Eval loss:   -1.85696, Loss_change:  0.00220
Iter:  74, Energy:   -7.62190, Int:    6.81183, Ext:   14.43374, Eval loss:   -1.85685, Loss_change:  0.00197
Iter:  75, Energy:   -7.62372, Int:    6.81182, Ext:   14.43554, Eval loss:   -1.85680, Loss_change:  0.00181
Iter:  76, Energy:   -7.62539, Int:    6.81036, Ext:   14.43575, Eval loss:   -1.85681, Loss_change:  0.00167
Iter:  77, Energy:   -7.62703, Int:    6.81020, Ext:   14.43723, Eval loss:   -1.85690, Loss_change:  0.00165
Iter:  78, Energy:   -7.62865, Int:    6.80977, Ext:   14.43841, Eval loss:   -1.85708, Loss_change:  0.00161
Iter:  79, Energy:   -7.63028, Int:    6.80933, Ext:   14.43961, Eval loss:   -1.85736, Loss_change:  0.00164
Iter:  80, Energy:   -7.63196, Int:    6.80900, Ext:   14.44096, Eval loss:   -1.85772, Loss_change:  0.00168
Iter:  81, Energy:   -7.63399, Int:    6.80933, Ext:   14.44332, Eval loss:   -1.85828, Loss_change:  0.00203
Iter:  82, Energy:   -7.63679, Int:    6.80930, Ext:   14.44609, Eval loss:   -1.85922, Loss_change:  0.00279
Iter:  83, Energy:   -7.64024, Int:    6.81221, Ext:   14.45246, Eval loss:   -1.86053, Loss_change:  0.00346
Iter:  84, Energy:   -7.64538, Int:    6.81564, Ext:   14.46102, Eval loss:   -1.86249, Loss_change:  0.00513
Iter:  85, Energy:   -7.65156, Int:    6.82469, Ext:   14.47624, Eval loss:   -1.86488, Loss_change:  0.00618
Iter:  86, Energy:   -7.65695, Int:    6.83154, Ext:   14.48849, Eval loss:   -1.86700, Loss_change:  0.00539
Iter:  87, Energy:   -7.66113, Int:    6.83745, Ext:   14.49858, Eval loss:   -1.86857, Loss_change:  0.00418
Iter:  88, Energy:   -7.66458, Int:    6.84647, Ext:   14.51105, Eval loss:   -1.86995, Loss_change:  0.00345
Iter:  89, Energy:   -7.66730, Int:    6.85446, Ext:   14.52176, Eval loss:   -1.87105, Loss_change:  0.00272
Iter:  90, Energy:   -7.66939, Int:    6.86008, Ext:   14.52947, Eval loss:   -1.87191, Loss_change:  0.00210
Iter:  91, Energy:   -7.67113, Int:    6.86519, Ext:   14.53632, Eval loss:   -1.87258, Loss_change:  0.00173
Iter:  92, Energy:   -7.67278, Int:    6.87029, Ext:   14.54308, Eval loss:   -1.87320, Loss_change:  0.00166
Iter:  93, Energy:   -7.67461, Int:    6.87362, Ext:   14.54823, Eval loss:   -1.87375, Loss_change:  0.00183
Iter:  94, Energy:   -7.67642, Int:    6.87670, Ext:   14.55311, Eval loss:   -1.87426, Loss_change:  0.00181
Iter:  95, Energy:   -7.67825, Int:    6.87834, Ext:   14.55658, Eval loss:   -1.87461, Loss_change:  0.00183
Iter:  96, Energy:   -7.68006, Int:    6.88046, Ext:   14.56052, Eval loss:   -1.87488, Loss_change:  0.00181
Iter:  97, Energy:   -7.68191, Int:    6.87995, Ext:   14.56186, Eval loss:   -1.87510, Loss_change:  0.00185
Iter:  98, Energy:   -7.68406, Int:    6.87856, Ext:   14.56262, Eval loss:   -1.87519, Loss_change:  0.00215
Iter:  99, Energy:   -7.68621, Int:    6.87811, Ext:   14.56432, Eval loss:   -1.87524, Loss_change:  0.00215
Iter: 100, Energy:   -7.68843, Int:    6.87898, Ext:   14.56741, Eval loss:   -1.87537, Loss_change:  0.00222
Iter: 101, Energy:   -7.69045, Int:    6.87938, Ext:   14.56983, Eval loss:   -1.87552, Loss_change:  0.00203
Iter: 102, Energy:   -7.69243, Int:    6.88318, Ext:   14.57561, Eval loss:   -1.87567, Loss_change:  0.00198
Iter: 103, Energy:   -7.69429, Int:    6.88566, Ext:   14.57996, Eval loss:   -1.87602, Loss_change:  0.00186
Iter: 104, Energy:   -7.69608, Int:    6.88765, Ext:   14.58373, Eval loss:   -1.87647, Loss_change:  0.00178
Iter: 105, Energy:   -7.69770, Int:    6.88936, Ext:   14.58706, Eval loss:   -1.87690, Loss_change:  0.00162
Iter: 106, Energy:   -7.69909, Int:    6.89118, Ext:   14.59027, Eval loss:   -1.87736, Loss_change:  0.00140
Iter: 107, Energy:   -7.70038, Int:    6.89079, Ext:   14.59117, Eval loss:   -1.87793, Loss_change:  0.00129
Iter: 108, Energy:   -7.70165, Int:    6.89272, Ext:   14.59437, Eval loss:   -1.87829, Loss_change:  0.00127
Iter: 109, Energy:   -7.70304, Int:    6.89308, Ext:   14.59612, Eval loss:   -1.87858, Loss_change:  0.00138
Iter: 110, Energy:   -7.70458, Int:    6.89510, Ext:   14.59968, Eval loss:   -1.87893, Loss_change:  0.00154
Iter: 111, Energy:   -7.70600, Int:    6.89494, Ext:   14.60094, Eval loss:   -1.87917, Loss_change:  0.00142
Iter: 112, Energy:   -7.70719, Int:    6.89584, Ext:   14.60303, Eval loss:   -1.87935, Loss_change:  0.00119
Iter: 113, Energy:   -7.70822, Int:    6.89775, Ext:   14.60597, Eval loss:   -1.87952, Loss_change:  0.00103
Iter: 114, Energy:   -7.70917, Int:    6.89716, Ext:   14.60633, Eval loss:   -1.87963, Loss_change:  0.00095
Iter: 115, Energy:   -7.71017, Int:    6.89485, Ext:   14.60502, Eval loss:   -1.87977, Loss_change:  0.00100
Iter: 116, Energy:   -7.71129, Int:    6.89641, Ext:   14.60770, Eval loss:   -1.87989, Loss_change:  0.00112
Iter: 117, Energy:   -7.71246, Int:    6.89833, Ext:   14.61079, Eval loss:   -1.87994, Loss_change:  0.00117
Iter: 118, Energy:   -7.71365, Int:    6.90050, Ext:   14.61415, Eval loss:   -1.87991, Loss_change:  0.00119
Iter: 119, Energy:   -7.71484, Int:    6.90298, Ext:   14.61782, Eval loss:   -1.87983, Loss_change:  0.00119
Iter: 120, Energy:   -7.71599, Int:    6.90385, Ext:   14.61985, Eval loss:   -1.87961, Loss_change:  0.00115
Iter: 121, Energy:   -7.71716, Int:    6.90407, Ext:   14.62122, Eval loss:   -1.87947, Loss_change:  0.00116
Iter: 122, Energy:   -7.71826, Int:    6.90738, Ext:   14.62565, Eval loss:   -1.87937, Loss_change:  0.00111
Iter: 123, Energy:   -7.71927, Int:    6.90940, Ext:   14.62866, Eval loss:   -1.87928, Loss_change:  0.00100
Iter: 124, Energy:   -7.72018, Int:    6.91266, Ext:   14.63284, Eval loss:   -1.87920, Loss_change:  0.00092
Iter: 125, Energy:   -7.72111, Int:    6.91535, Ext:   14.63646, Eval loss:   -1.87921, Loss_change:  0.00093
Iter: 126, Energy:   -7.72217, Int:    6.91851, Ext:   14.64068, Eval loss:   -1.87920, Loss_change:  0.00106
Iter: 127, Energy:   -7.72335, Int:    6.91889, Ext:   14.64224, Eval loss:   -1.87923, Loss_change:  0.00118
Iter: 128, Energy:   -7.72442, Int:    6.91911, Ext:   14.64353, Eval loss:   -1.87936, Loss_change:  0.00107
Iter: 129, Energy:   -7.72543, Int:    6.91896, Ext:   14.64438, Eval loss:   -1.87952, Loss_change:  0.00101
Iter: 130, Energy:   -7.72629, Int:    6.91858, Ext:   14.64487, Eval loss:   -1.87971, Loss_change:  0.00086
Iter: 131, Energy:   -7.72707, Int:    6.91802, Ext:   14.64508, Eval loss:   -1.87995, Loss_change:  0.00078
Iter: 132, Energy:   -7.72781, Int:    6.91689, Ext:   14.64470, Eval loss:   -1.88022, Loss_change:  0.00074
Iter: 133, Energy:   -7.72852, Int:    6.91493, Ext:   14.64345, Eval loss:   -1.88045, Loss_change:  0.00071
Iter: 134, Energy:   -7.72920, Int:    6.91295, Ext:   14.64215, Eval loss:   -1.88069, Loss_change:  0.00069
Iter: 135, Energy:   -7.72982, Int:    6.91171, Ext:   14.64153, Eval loss:   -1.88092, Loss_change:  0.00062
Iter: 136, Energy:   -7.73042, Int:    6.90965, Ext:   14.64007, Eval loss:   -1.88113, Loss_change:  0.00060
Iter: 137, Energy:   -7.73105, Int:    6.90852, Ext:   14.63957, Eval loss:   -1.88139, Loss_change:  0.00064
Iter: 138, Energy:   -7.73182, Int:    6.90612, Ext:   14.63795, Eval loss:   -1.88163, Loss_change:  0.00077
Iter: 139, Energy:   -7.73264, Int:    6.90390, Ext:   14.63654, Eval loss:   -1.88185, Loss_change:  0.00081
Iter: 140, Energy:   -7.73342, Int:    6.90138, Ext:   14.63480, Eval loss:   -1.88204, Loss_change:  0.00079
Iter: 141, Energy:   -7.73415, Int:    6.90129, Ext:   14.63544, Eval loss:   -1.88228, Loss_change:  0.00072
Iter: 142, Energy:   -7.73478, Int:    6.89819, Ext:   14.63297, Eval loss:   -1.88239, Loss_change:  0.00064
Iter: 143, Energy:   -7.73532, Int:    6.89630, Ext:   14.63163, Eval loss:   -1.88249, Loss_change:  0.00054
Iter: 144, Energy:   -7.73579, Int:    6.89551, Ext:   14.63129, Eval loss:   -1.88257, Loss_change:  0.00046
Iter: 145, Energy:   -7.73619, Int:    6.89426, Ext:   14.63045, Eval loss:   -1.88263, Loss_change:  0.00041
Iter: 146, Energy:   -7.73655, Int:    6.89358, Ext:   14.63014, Eval loss:   -1.88270, Loss_change:  0.00036
Iter: 147, Energy:   -7.73689, Int:    6.89332, Ext:   14.63021, Eval loss:   -1.88277, Loss_change:  0.00033
Iter: 148, Energy:   -7.73726, Int:    6.89468, Ext:   14.63194, Eval loss:   -1.88285, Loss_change:  0.00037
Iter: 149, Energy:   -7.73772, Int:    6.89672, Ext:   14.63444, Eval loss:   -1.88293, Loss_change:  0.00046
Iter: 150, Energy:   -7.73838, Int:    6.90221, Ext:   14.64058, Eval loss:   -1.88316, Loss_change:  0.00066
Iter: 151, Energy:   -7.73914, Int:    6.90783, Ext:   14.64697, Eval loss:   -1.88340, Loss_change:  0.00076
Iter: 152, Energy:   -7.73986, Int:    6.91331, Ext:   14.65317, Eval loss:   -1.88360, Loss_change:  0.00072
Iter: 153, Energy:   -7.74049, Int:    6.91927, Ext:   14.65976, Eval loss:   -1.88378, Loss_change:  0.00063
Iter: 154, Energy:   -7.74102, Int:    6.92481, Ext:   14.66583, Eval loss:   -1.88400, Loss_change:  0.00053
Iter: 155, Energy:   -7.74145, Int:    6.92857, Ext:   14.67002, Eval loss:   -1.88412, Loss_change:  0.00044
Iter: 156, Energy:   -7.74185, Int:    6.93190, Ext:   14.67375, Eval loss:   -1.88424, Loss_change:  0.00040
Iter: 157, Energy:   -7.74224, Int:    6.93477, Ext:   14.67701, Eval loss:   -1.88435, Loss_change:  0.00038
Iter: 158, Energy:   -7.74273, Int:    6.93752, Ext:   14.68025, Eval loss:   -1.88443, Loss_change:  0.00049
Iter: 159, Energy:   -7.74339, Int:    6.93853, Ext:   14.68192, Eval loss:   -1.88444, Loss_change:  0.00066
Iter: 160, Energy:   -7.74409, Int:    6.93897, Ext:   14.68305, Eval loss:   -1.88444, Loss_change:  0.00070
Iter: 161, Energy:   -7.74486, Int:    6.93944, Ext:   14.68430, Eval loss:   -1.88440, Loss_change:  0.00077
Iter: 162, Energy:   -7.74562, Int:    6.93809, Ext:   14.68371, Eval loss:   -1.88430, Loss_change:  0.00076
Iter: 163, Energy:   -7.74626, Int:    6.93565, Ext:   14.68191, Eval loss:   -1.88420, Loss_change:  0.00064
Iter: 164, Energy:   -7.74678, Int:    6.93476, Ext:   14.68155, Eval loss:   -1.88412, Loss_change:  0.00052
Iter: 165, Energy:   -7.74724, Int:    6.93291, Ext:   14.68015, Eval loss:   -1.88401, Loss_change:  0.00046
Iter: 166, Energy:   -7.74762, Int:    6.93206, Ext:   14.67968, Eval loss:   -1.88391, Loss_change:  0.00038
Iter: 167, Energy:   -7.74796, Int:    6.93088, Ext:   14.67884, Eval loss:   -1.88382, Loss_change:  0.00034
Iter: 168, Energy:   -7.74831, Int:    6.92923, Ext:   14.67755, Eval loss:   -1.88369, Loss_change:  0.00035
Iter: 169, Energy:   -7.74868, Int:    6.92878, Ext:   14.67746, Eval loss:   -1.88362, Loss_change:  0.00036
Iter: 170, Energy:   -7.74910, Int:    6.92879, Ext:   14.67789, Eval loss:   -1.88359, Loss_change:  0.00042
Iter: 171, Energy:   -7.74952, Int:    6.92971, Ext:   14.67922, Eval loss:   -1.88356, Loss_change:  0.00042
Iter: 172, Energy:   -7.74990, Int:    6.93145, Ext:   14.68135, Eval loss:   -1.88355, Loss_change:  0.00038
Iter: 173, Energy:   -7.75024, Int:    6.93295, Ext:   14.68320, Eval loss:   -1.88356, Loss_change:  0.00034
Iter: 174, Energy:   -7.75054, Int:    6.93397, Ext:   14.68451, Eval loss:   -1.88355, Loss_change:  0.00030
Iter: 175, Energy:   -7.75082, Int:    6.93621, Ext:   14.68702, Eval loss:   -1.88357, Loss_change:  0.00027
Iter: 176, Energy:   -7.75103, Int:    6.93807, Ext:   14.68911, Eval loss:   -1.88360, Loss_change:  0.00022
Iter: 177, Energy:   -7.75123, Int:    6.93985, Ext:   14.69108, Eval loss:   -1.88362, Loss_change:  0.00020
Iter: 178, Energy:   -7.75142, Int:    6.94168, Ext:   14.69311, Eval loss:   -1.88363, Loss_change:  0.00019
Iter: 179, Energy:   -7.75168, Int:    6.94351, Ext:   14.69519, Eval loss:   -1.88365, Loss_change:  0.00025
Iter: 180, Energy:   -7.75196, Int:    6.94468, Ext:   14.69664, Eval loss:   -1.88368, Loss_change:  0.00028
Iter: 181, Energy:   -7.75224, Int:    6.94532, Ext:   14.69757, Eval loss:   -1.88371, Loss_change:  0.00028
Iter: 182, Energy:   -7.75251, Int:    6.94508, Ext:   14.69759, Eval loss:   -1.88372, Loss_change:  0.00027
Iter: 183, Energy:   -7.75275, Int:    6.94502, Ext:   14.69777, Eval loss:   -1.88375, Loss_change:  0.00024
Iter: 184, Energy:   -7.75296, Int:    6.94422, Ext:   14.69718, Eval loss:   -1.88375, Loss_change:  0.00021
Iter: 185, Energy:   -7.75313, Int:    6.94341, Ext:   14.69654, Eval loss:   -1.88375, Loss_change:  0.00017
Iter: 186, Energy:   -7.75329, Int:    6.94243, Ext:   14.69571, Eval loss:   -1.88374, Loss_change:  0.00016
Iter: 187, Energy:   -7.75349, Int:    6.94031, Ext:   14.69380, Eval loss:   -1.88373, Loss_change:  0.00021
Iter: 188, Energy:   -7.75371, Int:    6.93740, Ext:   14.69111, Eval loss:   -1.88369, Loss_change:  0.00022
Iter: 189, Energy:   -7.75392, Int:    6.93463, Ext:   14.68855, Eval loss:   -1.88366, Loss_change:  0.00021
Iter: 190, Energy:   -7.75411, Int:    6.93220, Ext:   14.68630, Eval loss:   -1.88363, Loss_change:  0.00019
Iter: 191, Energy:   -7.75426, Int:    6.93020, Ext:   14.68447, Eval loss:   -1.88362, Loss_change:  0.00016
Iter: 192, Energy:   -7.75439, Int:    6.92827, Ext:   14.68266, Eval loss:   -1.88359, Loss_change:  0.00013
Iter: 193, Energy:   -7.75450, Int:    6.92679, Ext:   14.68130, Eval loss:   -1.88356, Loss_change:  0.00011
Iter: 194, Energy:   -7.75461, Int:    6.92535, Ext:   14.67996, Eval loss:   -1.88352, Loss_change:  0.00010
Iter: 195, Energy:   -7.75471, Int:    6.92391, Ext:   14.67862, Eval loss:   -1.88349, Loss_change:  0.00010
Iter: 196, Energy:   -7.75481, Int:    6.92348, Ext:   14.67829, Eval loss:   -1.88351, Loss_change:  0.00010
Iter: 197, Energy:   -7.75493, Int:    6.92262, Ext:   14.67755, Eval loss:   -1.88349, Loss_change:  0.00012
Iter: 198, Energy:   -7.75511, Int:    6.92202, Ext:   14.67713, Eval loss:   -1.88347, Loss_change:  0.00017
Iter: 199, Energy:   -7.75531, Int:    6.92232, Ext:   14.67763, Eval loss:   -1.88346, Loss_change:  0.00020
Iter: 200, Energy:   -7.75550, Int:    6.92357, Ext:   14.67907, Eval loss:   -1.88347, Loss_change:  0.00019
Iter: 201, Energy:   -7.75567, Int:    6.92532, Ext:   14.68099, Eval loss:   -1.88350, Loss_change:  0.00017
Iter: 202, Energy:   -7.75583, Int:    6.92728, Ext:   14.68310, Eval loss:   -1.88352, Loss_change:  0.00015
Iter: 203, Energy:   -7.75595, Int:    6.92918, Ext:   14.68513, Eval loss:   -1.88354, Loss_change:  0.00013
Iter: 204, Energy:   -7.75605, Int:    6.93108, Ext:   14.68714, Eval loss:   -1.88354, Loss_change:  0.00010
Iter: 205, Energy:   -7.75614, Int:    6.93268, Ext:   14.68882, Eval loss:   -1.88356, Loss_change:  0.00009
Iter: 206, Energy:   -7.75622, Int:    6.93412, Ext:   14.69034, Eval loss:   -1.88355, Loss_change:  0.00008
Iter: 207, Energy:   -7.75629, Int:    6.93565, Ext:   14.69194, Eval loss:   -1.88355, Loss_change:  0.00007
Iter: 208, Energy:   -7.75635, Int:    6.93711, Ext:   14.69347, Eval loss:   -1.88356, Loss_change:  0.00007
Iter: 209, Energy:   -7.75643, Int:    6.93863, Ext:   14.69507, Eval loss:   -1.88356, Loss_change:  0.00008
Iter: 210, Energy:   -7.75653, Int:    6.94027, Ext:   14.69679, Eval loss:   -1.88357, Loss_change:  0.00009
Iter: 211, Energy:   -7.75664, Int:    6.94144, Ext:   14.69808, Eval loss:   -1.88354, Loss_change:  0.00011
Iter: 212, Energy:   -7.75675, Int:    6.94170, Ext:   14.69845, Eval loss:   -1.88350, Loss_change:  0.00012
Iter: 213, Energy:   -7.75690, Int:    6.94178, Ext:   14.69868, Eval loss:   -1.88344, Loss_change:  0.00014
Iter: 214, Energy:   -7.75706, Int:    6.94140, Ext:   14.69846, Eval loss:   -1.88339, Loss_change:  0.00016
Iter: 215, Energy:   -7.75722, Int:    6.94040, Ext:   14.69762, Eval loss:   -1.88338, Loss_change:  0.00017
Iter: 216, Energy:   -7.75739, Int:    6.93908, Ext:   14.69647, Eval loss:   -1.88338, Loss_change:  0.00017
Iter: 217, Energy:   -7.75755, Int:    6.93723, Ext:   14.69478, Eval loss:   -1.88337, Loss_change:  0.00016
Iter: 218, Energy:   -7.75770, Int:    6.93566, Ext:   14.69336, Eval loss:   -1.88339, Loss_change:  0.00015
Iter: 219, Energy:   -7.75783, Int:    6.93416, Ext:   14.69199, Eval loss:   -1.88344, Loss_change:  0.00013
Iter: 220, Energy:   -7.75796, Int:    6.93247, Ext:   14.69042, Eval loss:   -1.88342, Loss_change:  0.00013
Iter: 221, Energy:   -7.75809, Int:    6.93119, Ext:   14.68928, Eval loss:   -1.88352, Loss_change:  0.00014
Iter: 222, Energy:   -7.75824, Int:    6.92992, Ext:   14.68816, Eval loss:   -1.88362, Loss_change:  0.00014
Iter: 223, Energy:   -7.75837, Int:    6.92918, Ext:   14.68755, Eval loss:   -1.88372, Loss_change:  0.00014
Iter: 224, Energy:   -7.75850, Int:    6.92888, Ext:   14.68739, Eval loss:   -1.88384, Loss_change:  0.00013
Iter: 225, Energy:   -7.75862, Int:    6.92883, Ext:   14.68745, Eval loss:   -1.88396, Loss_change:  0.00012
Iter: 226, Energy:   -7.75873, Int:    6.92849, Ext:   14.68721, Eval loss:   -1.88404, Loss_change:  0.00011
Iter: 227, Energy:   -7.75883, Int:    6.92845, Ext:   14.68728, Eval loss:   -1.88412, Loss_change:  0.00010
Iter: 228, Energy:   -7.75892, Int:    6.92874, Ext:   14.68766, Eval loss:   -1.88418, Loss_change:  0.00009
Iter: 229, Energy:   -7.75901, Int:    6.92905, Ext:   14.68805, Eval loss:   -1.88422, Loss_change:  0.00009
Iter: 230, Energy:   -7.75909, Int:    6.92927, Ext:   14.68836, Eval loss:   -1.88424, Loss_change:  0.00008
Iter: 231, Energy:   -7.75915, Int:    6.92954, Ext:   14.68869, Eval loss:   -1.88424, Loss_change:  0.00007
Iter: 232, Energy:   -7.75922, Int:    6.92988, Ext:   14.68910, Eval loss:   -1.88423, Loss_change:  0.00006
Iter: 233, Energy:   -7.75927, Int:    6.93013, Ext:   14.68941, Eval loss:   -1.88421, Loss_change:  0.00006
Iter: 234, Energy:   -7.75933, Int:    6.93053, Ext:   14.68986, Eval loss:   -1.88418, Loss_change:  0.00005
Iter: 235, Energy:   -7.75938, Int:    6.93102, Ext:   14.69040, Eval loss:   -1.88414, Loss_change:  0.00005
Iter: 236, Energy:   -7.75944, Int:    6.93141, Ext:   14.69085, Eval loss:   -1.88406, Loss_change:  0.00006
Iter: 237, Energy:   -7.75951, Int:    6.93169, Ext:   14.69121, Eval loss:   -1.88398, Loss_change:  0.00007
Iter: 238, Energy:   -7.75959, Int:    6.93191, Ext:   14.69150, Eval loss:   -1.88390, Loss_change:  0.00007
Iter: 239, Energy:   -7.75965, Int:    6.93216, Ext:   14.69181, Eval loss:   -1.88381, Loss_change:  0.00007
Iter: 240, Energy:   -7.75972, Int:    6.93221, Ext:   14.69193, Eval loss:   -1.88376, Loss_change:  0.00007
Iter: 241, Energy:   -7.75980, Int:    6.93231, Ext:   14.69210, Eval loss:   -1.88369, Loss_change:  0.00008
Iter: 242, Energy:   -7.75989, Int:    6.93269, Ext:   14.69258, Eval loss:   -1.88365, Loss_change:  0.00009
Iter: 243, Energy:   -7.75998, Int:    6.93273, Ext:   14.69271, Eval loss:   -1.88363, Loss_change:  0.00010
Iter: 244, Energy:   -7.76008, Int:    6.93302, Ext:   14.69310, Eval loss:   -1.88364, Loss_change:  0.00010
Iter: 245, Energy:   -7.76018, Int:    6.93340, Ext:   14.69358, Eval loss:   -1.88368, Loss_change:  0.00010
Iter: 246, Energy:   -7.76028, Int:    6.93392, Ext:   14.69420, Eval loss:   -1.88377, Loss_change:  0.00009
Iter: 247, Energy:   -7.76037, Int:    6.93473, Ext:   14.69510, Eval loss:   -1.88386, Loss_change:  0.00009
Iter: 248, Energy:   -7.76045, Int:    6.93529, Ext:   14.69574, Eval loss:   -1.88396, Loss_change:  0.00009
Iter: 249, Energy:   -7.76056, Int:    6.93578, Ext:   14.69634, Eval loss:   -1.88408, Loss_change:  0.00010
Iter: 250, Energy:   -7.76068, Int:    6.93688, Ext:   14.69756, Eval loss:   -1.88417, Loss_change:  0.00012
Iter: 251, Energy:   -7.76084, Int:    6.93843, Ext:   14.69927, Eval loss:   -1.88431, Loss_change:  0.00016
Iter: 252, Energy:   -7.76100, Int:    6.93963, Ext:   14.70064, Eval loss:   -1.88438, Loss_change:  0.00016
Iter: 253, Energy:   -7.76114, Int:    6.94001, Ext:   14.70115, Eval loss:   -1.88438, Loss_change:  0.00014
Iter: 254, Energy:   -7.76125, Int:    6.94037, Ext:   14.70162, Eval loss:   -1.88440, Loss_change:  0.00011
Iter: 255, Energy:   -7.76134, Int:    6.94045, Ext:   14.70179, Eval loss:   -1.88441, Loss_change:  0.00009
Iter: 256, Energy:   -7.76141, Int:    6.94065, Ext:   14.70206, Eval loss:   -1.88440, Loss_change:  0.00007
Iter: 257, Energy:   -7.76149, Int:    6.94095, Ext:   14.70244, Eval loss:   -1.88440, Loss_change:  0.00008
Iter: 258, Energy:   -7.76159, Int:    6.94058, Ext:   14.70218, Eval loss:   -1.88438, Loss_change:  0.00010
Iter: 259, Energy:   -7.76170, Int:    6.93996, Ext:   14.70166, Eval loss:   -1.88434, Loss_change:  0.00010
Iter: 260, Energy:   -7.76180, Int:    6.93908, Ext:   14.70089, Eval loss:   -1.88429, Loss_change:  0.00010
Iter: 261, Energy:   -7.76189, Int:    6.93827, Ext:   14.70016, Eval loss:   -1.88426, Loss_change:  0.00009
Iter: 262, Energy:   -7.76198, Int:    6.93719, Ext:   14.69917, Eval loss:   -1.88417, Loss_change:  0.00009
Iter: 263, Energy:   -7.76206, Int:    6.93638, Ext:   14.69844, Eval loss:   -1.88408, Loss_change:  0.00008
Iter: 264, Energy:   -7.76212, Int:    6.93563, Ext:   14.69775, Eval loss:   -1.88401, Loss_change:  0.00006
Iter: 265, Energy:   -7.76219, Int:    6.93447, Ext:   14.69665, Eval loss:   -1.88392, Loss_change:  0.00006
Iter: 266, Energy:   -7.76225, Int:    6.93360, Ext:   14.69585, Eval loss:   -1.88383, Loss_change:  0.00007
Iter: 267, Energy:   -7.76232, Int:    6.93296, Ext:   14.69528, Eval loss:   -1.88374, Loss_change:  0.00007
Iter: 268, Energy:   -7.76239, Int:    6.93213, Ext:   14.69453, Eval loss:   -1.88366, Loss_change:  0.00007
Iter: 269, Energy:   -7.76248, Int:    6.93194, Ext:   14.69441, Eval loss:   -1.88358, Loss_change:  0.00008
Iter: 270, Energy:   -7.76256, Int:    6.93174, Ext:   14.69431, Eval loss:   -1.88348, Loss_change:  0.00009
Iter: 271, Energy:   -7.76266, Int:    6.93200, Ext:   14.69466, Eval loss:   -1.88343, Loss_change:  0.00010
Iter: 272, Energy:   -7.76279, Int:    6.93280, Ext:   14.69559, Eval loss:   -1.88339, Loss_change:  0.00012
Iter: 273, Energy:   -7.76292, Int:    6.93426, Ext:   14.69717, Eval loss:   -1.88338, Loss_change:  0.00013
Iter: 274, Energy:   -7.76304, Int:    6.93541, Ext:   14.69845, Eval loss:   -1.88338, Loss_change:  0.00012
Iter: 275, Energy:   -7.76315, Int:    6.93700, Ext:   14.70015, Eval loss:   -1.88340, Loss_change:  0.00012
Iter: 276, Energy:   -7.76326, Int:    6.93856, Ext:   14.70182, Eval loss:   -1.88343, Loss_change:  0.00010
Iter: 277, Energy:   -7.76333, Int:    6.93994, Ext:   14.70328, Eval loss:   -1.88345, Loss_change:  0.00008
Iter: 278, Energy:   -7.76340, Int:    6.94101, Ext:   14.70441, Eval loss:   -1.88348, Loss_change:  0.00006
Iter: 279, Energy:   -7.76342, Int:    6.94138, Ext:   14.70479, Eval loss:   -1.88349, Loss_change:  0.00002
Iter: 280, Energy:   -7.76346, Int:    6.94213, Ext:   14.70559, Eval loss:   -1.88352, Loss_change:  0.00005
Iter: 281, Energy:   -7.76348, Int:    6.94261, Ext:   14.70609, Eval loss:   -1.88353, Loss_change:  0.00002
Iter: 282, Energy:   -7.76351, Int:    6.94300, Ext:   14.70651, Eval loss:   -1.88354, Loss_change:  0.00002
Iter: 283, Energy:   -7.76351, Int:    6.94336, Ext:   14.70687, Eval loss:   -1.88356, Loss_change:  0.00001
Iter: 284, Energy:   -7.76355, Int:    6.94404, Ext:   14.70759, Eval loss:   -1.88359, Loss_change:  0.00004
Iter: 285, Energy:   -7.76360, Int:    6.94470, Ext:   14.70830, Eval loss:   -1.88363, Loss_change:  0.00005
Iter: 286, Energy:   -7.76366, Int:    6.94557, Ext:   14.70923, Eval loss:   -1.88367, Loss_change:  0.00005
Iter: 287, Energy:   -7.76372, Int:    6.94606, Ext:   14.70978, Eval loss:   -1.88370, Loss_change:  0.00006
Iter: 288, Energy:   -7.76379, Int:    6.94640, Ext:   14.71019, Eval loss:   -1.88373, Loss_change:  0.00007
Iter: 289, Energy:   -7.76385, Int:    6.94645, Ext:   14.71030, Eval loss:   -1.88375, Loss_change:  0.00006
Iter: 290, Energy:   -7.76392, Int:    6.94606, Ext:   14.70998, Eval loss:   -1.88376, Loss_change:  0.00006
Iter: 291, Energy:   -7.76398, Int:    6.94572, Ext:   14.70969, Eval loss:   -1.88375, Loss_change:  0.00006
Iter: 292, Energy:   -7.76406, Int:    6.94550, Ext:   14.70956, Eval loss:   -1.88376, Loss_change:  0.00008
Iter: 293, Energy:   -7.76417, Int:    6.94440, Ext:   14.70857, Eval loss:   -1.88371, Loss_change:  0.00012
Iter: 294, Energy:   -7.76429, Int:    6.94367, Ext:   14.70796, Eval loss:   -1.88365, Loss_change:  0.00012
Iter: 295, Energy:   -7.76440, Int:    6.94314, Ext:   14.70754, Eval loss:   -1.88358, Loss_change:  0.00010
Iter: 296, Energy:   -7.76451, Int:    6.94234, Ext:   14.70685, Eval loss:   -1.88353, Loss_change:  0.00011
Iter: 297, Energy:   -7.76462, Int:    6.94329, Ext:   14.70791, Eval loss:   -1.88356, Loss_change:  0.00011
Iter: 298, Energy:   -7.76472, Int:    6.94299, Ext:   14.70771, Eval loss:   -1.88354, Loss_change:  0.00011
Iter: 299, Energy:   -7.76483, Int:    6.94255, Ext:   14.70737, Eval loss:   -1.88352, Loss_change:  0.00010
Iter: 300, Energy:   -7.76493, Int:    6.94208, Ext:   14.70701, Eval loss:   -1.88351, Loss_change:  0.00010
Iter:   0, Energy:   37.78621, Int:   39.06778, Ext:    1.28157, Eval loss:    6.99687, Loss_change: 37.78621
Iter:   1, Energy:    7.25659, Int:    9.52269, Ext:    2.26610, Eval loss:    1.30120, Loss_change: 30.52962
Iter:   2, Energy:    1.77149, Int:    5.51194, Ext:    3.74045, Eval loss:    0.20900, Loss_change:  5.48509
Iter:   3, Energy:   -3.34346, Int:    4.17492, Ext:    7.51838, Eval loss:   -0.86980, Loss_change:  5.11496
Iter:   4, Energy:   -5.49515, Int:    4.62657, Ext:   10.12172, Eval loss:   -1.32828, Loss_change:  2.15169
Iter:   5, Energy:   -6.32868, Int:    5.47056, Ext:   11.79924, Eval loss:   -1.52998, Loss_change:  0.83353
Iter:   6, Energy:   -6.62203, Int:    6.02360, Ext:   12.64564, Eval loss:   -1.61781, Loss_change:  0.29336
Iter:   7, Energy:   -6.80547, Int:    6.37622, Ext:   13.18170, Eval loss:   -1.67677, Loss_change:  0.18344
Iter:   8, Energy:   -6.88706, Int:    6.42304, Ext:   13.31010, Eval loss:   -1.69991, Loss_change:  0.08158
Iter:   9, Energy:   -6.93622, Int:    6.36344, Ext:   13.29966, Eval loss:   -1.71083, Loss_change:  0.04916
Iter:  10, Energy:   -7.01958, Int:    6.29583, Ext:   13.31541, Eval loss:   -1.72595, Loss_change:  0.08335
Iter:  11, Energy:   -7.08761, Int:    6.31247, Ext:   13.40007, Eval loss:   -1.73664, Loss_change:  0.06803
Iter:  12, Energy:   -7.14097, Int:    6.37618, Ext:   13.51715, Eval loss:   -1.74516, Loss_change:  0.05336
Iter:  13, Energy:   -7.17323, Int:    6.43762, Ext:   13.61086, Eval loss:   -1.75255, Loss_change:  0.03226
Iter:  14, Energy:   -7.19618, Int:    6.48102, Ext:   13.67720, Eval loss:   -1.76027, Loss_change:  0.02295
Iter:  15, Energy:   -7.21602, Int:    6.50448, Ext:   13.72050, Eval loss:   -1.76872, Loss_change:  0.01984
Iter:  16, Energy:   -7.23435, Int:    6.50892, Ext:   13.74328, Eval loss:   -1.77613, Loss_change:  0.01833
Iter:  17, Energy:   -7.25231, Int:    6.51306, Ext:   13.76537, Eval loss:   -1.78170, Loss_change:  0.01795
Iter:  18, Energy:   -7.27478, Int:    6.53474, Ext:   13.80951, Eval loss:   -1.78686, Loss_change:  0.02247
Iter:  19, Energy:   -7.30348, Int:    6.54113, Ext:   13.84460, Eval loss:   -1.79115, Loss_change:  0.02870
Iter:  20, Energy:   -7.33043, Int:    6.56446, Ext:   13.89489, Eval loss:   -1.79579, Loss_change:  0.02695
Iter:  21, Energy:   -7.35262, Int:    6.59140, Ext:   13.94402, Eval loss:   -1.80102, Loss_change:  0.02219
Iter:  22, Energy:   -7.39241, Int:    6.61330, Ext:   14.00571, Eval loss:   -1.81000, Loss_change:  0.03978
Iter:  23, Energy:   -7.41121, Int:    6.60351, Ext:   14.01472, Eval loss:   -1.81353, Loss_change:  0.01881
Iter:  24, Energy:   -7.42258, Int:    6.59346, Ext:   14.01605, Eval loss:   -1.81578, Loss_change:  0.01137
Iter:  25, Energy:   -7.43768, Int:    6.59934, Ext:   14.03702, Eval loss:   -1.81930, Loss_change:  0.01510
Iter:  26, Energy:   -7.44988, Int:    6.61951, Ext:   14.06939, Eval loss:   -1.82257, Loss_change:  0.01220
Iter:  27, Energy:   -7.46120, Int:    6.65613, Ext:   14.11733, Eval loss:   -1.82664, Loss_change:  0.01132
Iter:  28, Energy:   -7.47643, Int:    6.71072, Ext:   14.18715, Eval loss:   -1.83271, Loss_change:  0.01523
Iter:  29, Energy:   -7.49097, Int:    6.75367, Ext:   14.24464, Eval loss:   -1.83790, Loss_change:  0.01454
Iter:  30, Energy:   -7.50409, Int:    6.75140, Ext:   14.25548, Eval loss:   -1.84033, Loss_change:  0.01312
Iter:  31, Energy:   -7.51918, Int:    6.70301, Ext:   14.22219, Eval loss:   -1.84022, Loss_change:  0.01509
Iter:  32, Energy:   -7.53438, Int:    6.69520, Ext:   14.22959, Eval loss:   -1.84142, Loss_change:  0.01521
Iter:  33, Energy:   -7.55074, Int:    6.72277, Ext:   14.27351, Eval loss:   -1.84523, Loss_change:  0.01636
Iter:  34, Energy:   -7.56325, Int:    6.75226, Ext:   14.31551, Eval loss:   -1.84951, Loss_change:  0.01251
Iter:  35, Energy:   -7.57242, Int:    6.75342, Ext:   14.32584, Eval loss:   -1.85222, Loss_change:  0.00917
Iter:  36, Energy:   -7.57928, Int:    6.74130, Ext:   14.32059, Eval loss:   -1.85314, Loss_change:  0.00686
Iter:  37, Energy:   -7.58685, Int:    6.74600, Ext:   14.33285, Eval loss:   -1.85457, Loss_change:  0.00757
Iter:  38, Energy:   -7.59473, Int:    6.77605, Ext:   14.37078, Eval loss:   -1.85732, Loss_change:  0.00788
Iter:  39, Energy:   -7.60342, Int:    6.79547, Ext:   14.39889, Eval loss:   -1.85989, Loss_change:  0.00869
Iter:  40, Energy:   -7.61019, Int:    6.79260, Ext:   14.40279, Eval loss:   -1.86119, Loss_change:  0.00677
Iter:  41, Energy:   -7.61537, Int:    6.79005, Ext:   14.40542, Eval loss:   -1.86177, Loss_change:  0.00518
Iter:  42, Energy:   -7.62101, Int:    6.80981, Ext:   14.43083, Eval loss:   -1.86291, Loss_change:  0.00564
Iter:  43, Energy:   -7.62615, Int:    6.84322, Ext:   14.46938, Eval loss:   -1.86426, Loss_change:  0.00514
Iter:  44, Energy:   -7.63093, Int:    6.85982, Ext:   14.49076, Eval loss:   -1.86526, Loss_change:  0.00478
Iter:  45, Energy:   -7.63499, Int:    6.84936, Ext:   14.48435, Eval loss:   -1.86466, Loss_change:  0.00406
Iter:  46, Energy:   -7.63801, Int:    6.82796, Ext:   14.46597, Eval loss:   -1.86354, Loss_change:  0.00302
Iter:  47, Energy:   -7.64121, Int:    6.81908, Ext:   14.46028, Eval loss:   -1.86276, Loss_change:  0.00320
Iter:  48, Energy:   -7.64692, Int:    6.83859, Ext:   14.48551, Eval loss:   -1.86336, Loss_change:  0.00571
Iter:  49, Energy:   -7.65401, Int:    6.87497, Ext:   14.52898, Eval loss:   -1.86544, Loss_change:  0.00708
Iter:  50, Energy:   -7.65893, Int:    6.88784, Ext:   14.54677, Eval loss:   -1.86649, Loss_change:  0.00493
Iter:  51, Energy:   -7.66297, Int:    6.87426, Ext:   14.53723, Eval loss:   -1.86643, Loss_change:  0.00404
Iter:  52, Energy:   -7.66676, Int:    6.85448, Ext:   14.52124, Eval loss:   -1.86628, Loss_change:  0.00380
Iter:  53, Energy:   -7.67059, Int:    6.84554, Ext:   14.51613, Eval loss:   -1.86724, Loss_change:  0.00383
Iter:  54, Energy:   -7.67524, Int:    6.84737, Ext:   14.52261, Eval loss:   -1.86898, Loss_change:  0.00465
Iter:  55, Energy:   -7.67926, Int:    6.85589, Ext:   14.53515, Eval loss:   -1.87002, Loss_change:  0.00402
Iter:  56, Energy:   -7.68164, Int:    6.86519, Ext:   14.54683, Eval loss:   -1.87004, Loss_change:  0.00238
Iter:  57, Energy:   -7.68385, Int:    6.87924, Ext:   14.56309, Eval loss:   -1.87034, Loss_change:  0.00221
Iter:  58, Energy:   -7.68623, Int:    6.90067, Ext:   14.58690, Eval loss:   -1.87165, Loss_change:  0.00238
Iter:  59, Energy:   -7.68755, Int:    6.90869, Ext:   14.59624, Eval loss:   -1.87276, Loss_change:  0.00132
Iter:  60, Energy:   -7.68909, Int:    6.90108, Ext:   14.59017, Eval loss:   -1.87364, Loss_change:  0.00153
Iter:  61, Energy:   -7.69032, Int:    6.88568, Ext:   14.57600, Eval loss:   -1.87367, Loss_change:  0.00123
Iter:  62, Energy:   -7.69247, Int:    6.86549, Ext:   14.55796, Eval loss:   -1.87385, Loss_change:  0.00215
Iter:  63, Energy:   -7.69584, Int:    6.85836, Ext:   14.55420, Eval loss:   -1.87499, Loss_change:  0.00337
Iter:  64, Energy:   -7.69743, Int:    6.86951, Ext:   14.56694, Eval loss:   -1.87580, Loss_change:  0.00159
Iter:  65, Energy:   -7.69938, Int:    6.87993, Ext:   14.57931, Eval loss:   -1.87662, Loss_change:  0.00195
Iter:  66, Energy:   -7.70106, Int:    6.88761, Ext:   14.58866, Eval loss:   -1.87759, Loss_change:  0.00167
Iter:  67, Energy:   -7.70227, Int:    6.89181, Ext:   14.59408, Eval loss:   -1.87854, Loss_change:  0.00121
Iter:  68, Energy:   -7.70388, Int:    6.89879, Ext:   14.60267, Eval loss:   -1.87954, Loss_change:  0.00161
Iter:  69, Energy:   -7.70528, Int:    6.90790, Ext:   14.61318, Eval loss:   -1.88026, Loss_change:  0.00140
Iter:  70, Energy:   -7.70676, Int:    6.91029, Ext:   14.61705, Eval loss:   -1.88060, Loss_change:  0.00148
Iter:  71, Energy:   -7.70859, Int:    6.91183, Ext:   14.62042, Eval loss:   -1.88068, Loss_change:  0.00183
Iter:  72, Energy:   -7.70998, Int:    6.91092, Ext:   14.62091, Eval loss:   -1.88032, Loss_change:  0.00139
Iter:  73, Energy:   -7.71133, Int:    6.90451, Ext:   14.61584, Eval loss:   -1.87944, Loss_change:  0.00135
Iter:  74, Energy:   -7.71350, Int:    6.89211, Ext:   14.60561, Eval loss:   -1.87801, Loss_change:  0.00217
Iter:  75, Energy:   -7.71531, Int:    6.88578, Ext:   14.60110, Eval loss:   -1.87734, Loss_change:  0.00181
Iter:  76, Energy:   -7.71697, Int:    6.88907, Ext:   14.60603, Eval loss:   -1.87760, Loss_change:  0.00165
Iter:  77, Energy:   -7.71819, Int:    6.90256, Ext:   14.62076, Eval loss:   -1.87876, Loss_change:  0.00123
Iter:  78, Energy:   -7.71913, Int:    6.91483, Ext:   14.63397, Eval loss:   -1.88013, Loss_change:  0.00094
Iter:  79, Energy:   -7.72014, Int:    6.92476, Ext:   14.64490, Eval loss:   -1.88131, Loss_change:  0.00101
Iter:  80, Energy:   -7.72138, Int:    6.93382, Ext:   14.65520, Eval loss:   -1.88186, Loss_change:  0.00124
Iter:  81, Energy:   -7.72243, Int:    6.92597, Ext:   14.64839, Eval loss:   -1.88151, Loss_change:  0.00104
Iter:  82, Energy:   -7.72301, Int:    6.91650, Ext:   14.63951, Eval loss:   -1.88106, Loss_change:  0.00058
Iter:  83, Energy:   -7.72368, Int:    6.90775, Ext:   14.63143, Eval loss:   -1.88071, Loss_change:  0.00067
Iter:  84, Energy:   -7.72456, Int:    6.90260, Ext:   14.62716, Eval loss:   -1.88070, Loss_change:  0.00089
Iter:  85, Energy:   -7.72565, Int:    6.89702, Ext:   14.62267, Eval loss:   -1.88086, Loss_change:  0.00109
Iter:  86, Energy:   -7.72668, Int:    6.90282, Ext:   14.62950, Eval loss:   -1.88208, Loss_change:  0.00102
Iter:  87, Energy:   -7.72742, Int:    6.90680, Ext:   14.63422, Eval loss:   -1.88322, Loss_change:  0.00074
Iter:  88, Energy:   -7.72830, Int:    6.91170, Ext:   14.64000, Eval loss:   -1.88418, Loss_change:  0.00088
Iter:  89, Energy:   -7.72937, Int:    6.91947, Ext:   14.64884, Eval loss:   -1.88438, Loss_change:  0.00107
Iter:  90, Energy:   -7.73016, Int:    6.92638, Ext:   14.65653, Eval loss:   -1.88389, Loss_change:  0.00079
Iter:  91, Energy:   -7.73086, Int:    6.92916, Ext:   14.66002, Eval loss:   -1.88344, Loss_change:  0.00071
Iter:  92, Energy:   -7.73187, Int:    6.93185, Ext:   14.66372, Eval loss:   -1.88337, Loss_change:  0.00101
Iter:  93, Energy:   -7.73252, Int:    6.92986, Ext:   14.66237, Eval loss:   -1.88359, Loss_change:  0.00064
Iter:  94, Energy:   -7.73332, Int:    6.92148, Ext:   14.65480, Eval loss:   -1.88346, Loss_change:  0.00081
Iter:  95, Energy:   -7.73395, Int:    6.91787, Ext:   14.65182, Eval loss:   -1.88318, Loss_change:  0.00062
Iter:  96, Energy:   -7.73460, Int:    6.91488, Ext:   14.64949, Eval loss:   -1.88271, Loss_change:  0.00065
Iter:  97, Energy:   -7.73509, Int:    6.91918, Ext:   14.65427, Eval loss:   -1.88274, Loss_change:  0.00049
Iter:  98, Energy:   -7.73535, Int:    6.91762, Ext:   14.65298, Eval loss:   -1.88269, Loss_change:  0.00026
Iter:  99, Energy:   -7.73564, Int:    6.91017, Ext:   14.64581, Eval loss:   -1.88252, Loss_change:  0.00029
Iter: 100, Energy:   -7.73611, Int:    6.89652, Ext:   14.63262, Eval loss:   -1.88212, Loss_change:  0.00046
Iter: 101, Energy:   -7.73660, Int:    6.89048, Ext:   14.62708, Eval loss:   -1.88191, Loss_change:  0.00049
Iter: 102, Energy:   -7.73739, Int:    6.90112, Ext:   14.63851, Eval loss:   -1.88194, Loss_change:  0.00079
Iter: 103, Energy:   -7.73785, Int:    6.91414, Ext:   14.65199, Eval loss:   -1.88207, Loss_change:  0.00047
Iter: 104, Energy:   -7.73851, Int:    6.92368, Ext:   14.66218, Eval loss:   -1.88181, Loss_change:  0.00066
Iter: 105, Energy:   -7.73934, Int:    6.91946, Ext:   14.65880, Eval loss:   -1.88107, Loss_change:  0.00083
Iter: 106, Energy:   -7.73977, Int:    6.91397, Ext:   14.65374, Eval loss:   -1.88073, Loss_change:  0.00043
Iter: 107, Energy:   -7.74017, Int:    6.91246, Ext:   14.65263, Eval loss:   -1.88082, Loss_change:  0.00041
Iter: 108, Energy:   -7.74056, Int:    6.91746, Ext:   14.65802, Eval loss:   -1.88124, Loss_change:  0.00039
Iter: 109, Energy:   -7.74100, Int:    6.92510, Ext:   14.66610, Eval loss:   -1.88200, Loss_change:  0.00043
Iter: 110, Energy:   -7.74145, Int:    6.92852, Ext:   14.66997, Eval loss:   -1.88262, Loss_change:  0.00046
Iter: 111, Energy:   -7.74183, Int:    6.92593, Ext:   14.66776, Eval loss:   -1.88272, Loss_change:  0.00038
Iter: 112, Energy:   -7.74219, Int:    6.92127, Ext:   14.66347, Eval loss:   -1.88248, Loss_change:  0.00036
Iter: 113, Energy:   -7.74257, Int:    6.91845, Ext:   14.66102, Eval loss:   -1.88228, Loss_change:  0.00038
Iter: 114, Energy:   -7.74329, Int:    6.90937, Ext:   14.65266, Eval loss:   -1.88232, Loss_change:  0.00072
Iter: 115, Energy:   -7.74391, Int:    6.90411, Ext:   14.64802, Eval loss:   -1.88258, Loss_change:  0.00063
Iter: 116, Energy:   -7.74437, Int:    6.90870, Ext:   14.65307, Eval loss:   -1.88308, Loss_change:  0.00045
Iter: 117, Energy:   -7.74517, Int:    6.92212, Ext:   14.66729, Eval loss:   -1.88404, Loss_change:  0.00080
Iter: 118, Energy:   -7.74591, Int:    6.93031, Ext:   14.67623, Eval loss:   -1.88461, Loss_change:  0.00074
Iter: 119, Energy:   -7.74628, Int:    6.92837, Ext:   14.67465, Eval loss:   -1.88459, Loss_change:  0.00037
Iter: 120, Energy:   -7.74657, Int:    6.92569, Ext:   14.67226, Eval loss:   -1.88435, Loss_change:  0.00029
Iter: 121, Energy:   -7.74701, Int:    6.92590, Ext:   14.67292, Eval loss:   -1.88393, Loss_change:  0.00045
Iter: 122, Energy:   -7.74764, Int:    6.92994, Ext:   14.67758, Eval loss:   -1.88372, Loss_change:  0.00063
Iter: 123, Energy:   -7.74805, Int:    6.93308, Ext:   14.68113, Eval loss:   -1.88372, Loss_change:  0.00041
Iter: 124, Energy:   -7.74842, Int:    6.92917, Ext:   14.67760, Eval loss:   -1.88361, Loss_change:  0.00037
Iter: 125, Energy:   -7.74882, Int:    6.92800, Ext:   14.67681, Eval loss:   -1.88364, Loss_change:  0.00039
Iter: 126, Energy:   -7.74916, Int:    6.93228, Ext:   14.68144, Eval loss:   -1.88386, Loss_change:  0.00034
Iter: 127, Energy:   -7.74949, Int:    6.93706, Ext:   14.68655, Eval loss:   -1.88421, Loss_change:  0.00033
Iter: 128, Energy:   -7.74978, Int:    6.93732, Ext:   14.68710, Eval loss:   -1.88450, Loss_change:  0.00029
Iter: 129, Energy:   -7.75005, Int:    6.93399, Ext:   14.68405, Eval loss:   -1.88486, Loss_change:  0.00028
Iter: 130, Energy:   -7.75061, Int:    6.93398, Ext:   14.68459, Eval loss:   -1.88531, Loss_change:  0.00056
Iter: 131, Energy:   -7.75097, Int:    6.93639, Ext:   14.68736, Eval loss:   -1.88544, Loss_change:  0.00036
Iter: 132, Energy:   -7.75115, Int:    6.93683, Ext:   14.68799, Eval loss:   -1.88533, Loss_change:  0.00019
Iter: 133, Energy:   -7.75135, Int:    6.93553, Ext:   14.68688, Eval loss:   -1.88512, Loss_change:  0.00019
Iter: 134, Energy:   -7.75169, Int:    6.93877, Ext:   14.69046, Eval loss:   -1.88507, Loss_change:  0.00034
Iter: 135, Energy:   -7.75194, Int:    6.94103, Ext:   14.69297, Eval loss:   -1.88522, Loss_change:  0.00025
Iter: 136, Energy:   -7.75219, Int:    6.94285, Ext:   14.69504, Eval loss:   -1.88550, Loss_change:  0.00025
Iter: 137, Energy:   -7.75245, Int:    6.94220, Ext:   14.69465, Eval loss:   -1.88565, Loss_change:  0.00026
Iter: 138, Energy:   -7.75264, Int:    6.93844, Ext:   14.69108, Eval loss:   -1.88556, Loss_change:  0.00020
Iter: 139, Energy:   -7.75293, Int:    6.93055, Ext:   14.68349, Eval loss:   -1.88515, Loss_change:  0.00029
Iter: 140, Energy:   -7.75321, Int:    6.92446, Ext:   14.67767, Eval loss:   -1.88482, Loss_change:  0.00027
Iter: 141, Energy:   -7.75347, Int:    6.92562, Ext:   14.67909, Eval loss:   -1.88472, Loss_change:  0.00026
Iter: 142, Energy:   -7.75368, Int:    6.93216, Ext:   14.68584, Eval loss:   -1.88495, Loss_change:  0.00021
Iter: 143, Energy:   -7.75394, Int:    6.93681, Ext:   14.69075, Eval loss:   -1.88522, Loss_change:  0.00026
Iter: 144, Energy:   -7.75418, Int:    6.93679, Ext:   14.69096, Eval loss:   -1.88525, Loss_change:  0.00024
Iter: 145, Energy:   -7.75441, Int:    6.93498, Ext:   14.68939, Eval loss:   -1.88507, Loss_change:  0.00024
Iter: 146, Energy:   -7.75456, Int:    6.93280, Ext:   14.68736, Eval loss:   -1.88483, Loss_change:  0.00015
Iter: 147, Energy:   -7.75475, Int:    6.93044, Ext:   14.68519, Eval loss:   -1.88452, Loss_change:  0.00019
Iter: 148, Energy:   -7.75489, Int:    6.92846, Ext:   14.68334, Eval loss:   -1.88443, Loss_change:  0.00014
Iter: 149, Energy:   -7.75498, Int:    6.92736, Ext:   14.68234, Eval loss:   -1.88455, Loss_change:  0.00009
Iter: 150, Energy:   -7.75518, Int:    6.92585, Ext:   14.68102, Eval loss:   -1.88485, Loss_change:  0.00020
Iter: 151, Energy:   -7.75545, Int:    6.92800, Ext:   14.68344, Eval loss:   -1.88517, Loss_change:  0.00027
Iter: 152, Energy:   -7.75563, Int:    6.93101, Ext:   14.68664, Eval loss:   -1.88520, Loss_change:  0.00018
Iter: 153, Energy:   -7.75592, Int:    6.93584, Ext:   14.69176, Eval loss:   -1.88509, Loss_change:  0.00029
Iter: 154, Energy:   -7.75643, Int:    6.94281, Ext:   14.69924, Eval loss:   -1.88496, Loss_change:  0.00051
Iter: 155, Energy:   -7.75680, Int:    6.94222, Ext:   14.69902, Eval loss:   -1.88464, Loss_change:  0.00036
Iter: 156, Energy:   -7.75699, Int:    6.94127, Ext:   14.69826, Eval loss:   -1.88450, Loss_change:  0.00020
Iter: 157, Energy:   -7.75710, Int:    6.94068, Ext:   14.69778, Eval loss:   -1.88446, Loss_change:  0.00011
Iter: 158, Energy:   -7.75730, Int:    6.93909, Ext:   14.69639, Eval loss:   -1.88444, Loss_change:  0.00020
Iter: 159, Energy:   -7.75748, Int:    6.93900, Ext:   14.69647, Eval loss:   -1.88443, Loss_change:  0.00017
Iter: 160, Energy:   -7.75761, Int:    6.93788, Ext:   14.69549, Eval loss:   -1.88430, Loss_change:  0.00013
Iter: 161, Energy:   -7.75780, Int:    6.93785, Ext:   14.69565, Eval loss:   -1.88416, Loss_change:  0.00019
Iter: 162, Energy:   -7.75803, Int:    6.93586, Ext:   14.69389, Eval loss:   -1.88385, Loss_change:  0.00023
Iter: 163, Energy:   -7.75822, Int:    6.93581, Ext:   14.69403, Eval loss:   -1.88368, Loss_change:  0.00019
Iter: 164, Energy:   -7.75842, Int:    6.93891, Ext:   14.69732, Eval loss:   -1.88382, Loss_change:  0.00019
Iter: 165, Energy:   -7.75859, Int:    6.94185, Ext:   14.70044, Eval loss:   -1.88397, Loss_change:  0.00017
Iter: 166, Energy:   -7.75873, Int:    6.94205, Ext:   14.70078, Eval loss:   -1.88399, Loss_change:  0.00014
Iter: 167, Energy:   -7.75895, Int:    6.93968, Ext:   14.69863, Eval loss:   -1.88392, Loss_change:  0.00022
Iter: 168, Energy:   -7.75914, Int:    6.93940, Ext:   14.69854, Eval loss:   -1.88383, Loss_change:  0.00019
Iter: 169, Energy:   -7.75924, Int:    6.94055, Ext:   14.69980, Eval loss:   -1.88391, Loss_change:  0.00010
Iter: 170, Energy:   -7.75939, Int:    6.94124, Ext:   14.70063, Eval loss:   -1.88420, Loss_change:  0.00015
Iter: 171, Energy:   -7.75952, Int:    6.94087, Ext:   14.70039, Eval loss:   -1.88442, Loss_change:  0.00013
Iter: 172, Energy:   -7.75965, Int:    6.93907, Ext:   14.69873, Eval loss:   -1.88452, Loss_change:  0.00013
Iter: 173, Energy:   -7.75982, Int:    6.93773, Ext:   14.69755, Eval loss:   -1.88451, Loss_change:  0.00017
Iter: 174, Energy:   -7.76008, Int:    6.93901, Ext:   14.69909, Eval loss:   -1.88457, Loss_change:  0.00026
Iter: 175, Energy:   -7.76026, Int:    6.93974, Ext:   14.70000, Eval loss:   -1.88454, Loss_change:  0.00018
Iter: 176, Energy:   -7.76038, Int:    6.93757, Ext:   14.69796, Eval loss:   -1.88442, Loss_change:  0.00012
Iter: 177, Energy:   -7.76049, Int:    6.93356, Ext:   14.69406, Eval loss:   -1.88425, Loss_change:  0.00011
Iter: 178, Energy:   -7.76058, Int:    6.93022, Ext:   14.69080, Eval loss:   -1.88413, Loss_change:  0.00009
Iter: 179, Energy:   -7.76072, Int:    6.92923, Ext:   14.68996, Eval loss:   -1.88405, Loss_change:  0.00014
Iter: 180, Energy:   -7.76093, Int:    6.93520, Ext:   14.69613, Eval loss:   -1.88404, Loss_change:  0.00021
Iter: 181, Energy:   -7.76110, Int:    6.94250, Ext:   14.70360, Eval loss:   -1.88413, Loss_change:  0.00017
Iter: 182, Energy:   -7.76129, Int:    6.94388, Ext:   14.70517, Eval loss:   -1.88413, Loss_change:  0.00019
Iter: 183, Energy:   -7.76150, Int:    6.94107, Ext:   14.70256, Eval loss:   -1.88416, Loss_change:  0.00021
Iter: 184, Energy:   -7.76170, Int:    6.94124, Ext:   14.70295, Eval loss:   -1.88430, Loss_change:  0.00021
Iter: 185, Energy:   -7.76194, Int:    6.94168, Ext:   14.70362, Eval loss:   -1.88421, Loss_change:  0.00023
Iter: 186, Energy:   -7.76210, Int:    6.94182, Ext:   14.70393, Eval loss:   -1.88396, Loss_change:  0.00016
Iter: 187, Energy:   -7.76221, Int:    6.94108, Ext:   14.70329, Eval loss:   -1.88380, Loss_change:  0.00010
Iter: 188, Energy:   -7.76233, Int:    6.93996, Ext:   14.70229, Eval loss:   -1.88375, Loss_change:  0.00012
Iter: 189, Energy:   -7.76241, Int:    6.93941, Ext:   14.70182, Eval loss:   -1.88387, Loss_change:  0.00008
Iter: 190, Energy:   -7.76250, Int:    6.94100, Ext:   14.70351, Eval loss:   -1.88413, Loss_change:  0.00009
Iter: 191, Energy:   -7.76253, Int:    6.94200, Ext:   14.70453, Eval loss:   -1.88421, Loss_change:  0.00002
Iter: 192, Energy:   -7.76259, Int:    6.94544, Ext:   14.70804, Eval loss:   -1.88444, Loss_change:  0.00006
Iter: 193, Energy:   -7.76268, Int:    6.95137, Ext:   14.71405, Eval loss:   -1.88468, Loss_change:  0.00009
Iter: 194, Energy:   -7.76276, Int:    6.95448, Ext:   14.71725, Eval loss:   -1.88476, Loss_change:  0.00008
Iter: 195, Energy:   -7.76282, Int:    6.95400, Ext:   14.71682, Eval loss:   -1.88468, Loss_change:  0.00006
Iter: 196, Energy:   -7.76287, Int:    6.94912, Ext:   14.71199, Eval loss:   -1.88440, Loss_change:  0.00005
Iter: 197, Energy:   -7.76299, Int:    6.94079, Ext:   14.70378, Eval loss:   -1.88393, Loss_change:  0.00013
Iter: 198, Energy:   -7.76313, Int:    6.93890, Ext:   14.70203, Eval loss:   -1.88392, Loss_change:  0.00014
Iter: 199, Energy:   -7.76326, Int:    6.93975, Ext:   14.70301, Eval loss:   -1.88411, Loss_change:  0.00013
Iter: 200, Energy:   -7.76340, Int:    6.94044, Ext:   14.70384, Eval loss:   -1.88418, Loss_change:  0.00013
Iter: 201, Energy:   -7.76348, Int:    6.94115, Ext:   14.70463, Eval loss:   -1.88414, Loss_change:  0.00008
Iter: 202, Energy:   -7.76357, Int:    6.94312, Ext:   14.70668, Eval loss:   -1.88413, Loss_change:  0.00008
Iter: 203, Energy:   -7.76364, Int:    6.94394, Ext:   14.70758, Eval loss:   -1.88403, Loss_change:  0.00008
Iter: 204, Energy:   -7.76372, Int:    6.94274, Ext:   14.70646, Eval loss:   -1.88390, Loss_change:  0.00008
Iter: 205, Energy:   -7.76379, Int:    6.94037, Ext:   14.70416, Eval loss:   -1.88383, Loss_change:  0.00007
Iter: 206, Energy:   -7.76388, Int:    6.93755, Ext:   14.70142, Eval loss:   -1.88379, Loss_change:  0.00008
Iter: 207, Energy:   -7.76396, Int:    6.93598, Ext:   14.69994, Eval loss:   -1.88381, Loss_change:  0.00008
Iter: 208, Energy:   -7.76402, Int:    6.93577, Ext:   14.69978, Eval loss:   -1.88385, Loss_change:  0.00006
Iter: 209, Energy:   -7.76412, Int:    6.93818, Ext:   14.70231, Eval loss:   -1.88399, Loss_change:  0.00011
Iter: 210, Energy:   -7.76422, Int:    6.94219, Ext:   14.70641, Eval loss:   -1.88414, Loss_change:  0.00009
Iter: 211, Energy:   -7.76430, Int:    6.94577, Ext:   14.71007, Eval loss:   -1.88429, Loss_change:  0.00008
Iter: 212, Energy:   -7.76438, Int:    6.94649, Ext:   14.71087, Eval loss:   -1.88430, Loss_change:  0.00008
Iter: 213, Energy:   -7.76443, Int:    6.94674, Ext:   14.71117, Eval loss:   -1.88423, Loss_change:  0.00005
Iter: 214, Energy:   -7.76450, Int:    6.94407, Ext:   14.70857, Eval loss:   -1.88404, Loss_change:  0.00008
Iter: 215, Energy:   -7.76463, Int:    6.94227, Ext:   14.70690, Eval loss:   -1.88404, Loss_change:  0.00013
Iter: 216, Energy:   -7.76466, Int:    6.94201, Ext:   14.70667, Eval loss:   -1.88408, Loss_change:  0.00003
Iter: 217, Energy:   -7.76470, Int:    6.94210, Ext:   14.70680, Eval loss:   -1.88417, Loss_change:  0.00004
Iter: 218, Energy:   -7.76475, Int:    6.94280, Ext:   14.70755, Eval loss:   -1.88429, Loss_change:  0.00005
Iter: 219, Energy:   -7.76481, Int:    6.94255, Ext:   14.70735, Eval loss:   -1.88430, Loss_change:  0.00005
Iter: 220, Energy:   -7.76485, Int:    6.94312, Ext:   14.70797, Eval loss:   -1.88426, Loss_change:  0.00004
Iter: 221, Energy:   -7.76486, Int:    6.94289, Ext:   14.70776, Eval loss:   -1.88425, Loss_change:  0.00001
Iter: 222, Energy:   -7.76488, Int:    6.94308, Ext:   14.70796, Eval loss:   -1.88421, Loss_change:  0.00002
Iter: 223, Energy:   -7.76493, Int:    6.94400, Ext:   14.70894, Eval loss:   -1.88422, Loss_change:  0.00005
Iter: 224, Energy:   -7.76494, Int:    6.94412, Ext:   14.70906, Eval loss:   -1.88424, Loss_change:  0.00001
Iter: 225, Energy:   -7.76500, Int:    6.94451, Ext:   14.70951, Eval loss:   -1.88443, Loss_change:  0.00006
Iter: 226, Energy:   -7.76507, Int:    6.94409, Ext:   14.70916, Eval loss:   -1.88465, Loss_change:  0.00007
Iter: 227, Energy:   -7.76516, Int:    6.94404, Ext:   14.70920, Eval loss:   -1.88470, Loss_change:  0.00008
Iter: 228, Energy:   -7.76523, Int:    6.94441, Ext:   14.70963, Eval loss:   -1.88452, Loss_change:  0.00007
Iter: 229, Energy:   -7.76528, Int:    6.94482, Ext:   14.71011, Eval loss:   -1.88431, Loss_change:  0.00005
Iter: 230, Energy:   -7.76529, Int:    6.94514, Ext:   14.71043, Eval loss:   -1.88428, Loss_change:  0.00001
Iter: 231, Energy:   -7.76534, Int:    6.94707, Ext:   14.71241, Eval loss:   -1.88425, Loss_change:  0.00005
Iter: 232, Energy:   -7.76540, Int:    6.94623, Ext:   14.71163, Eval loss:   -1.88429, Loss_change:  0.00006
Iter: 233, Energy:   -7.76547, Int:    6.94330, Ext:   14.70877, Eval loss:   -1.88427, Loss_change:  0.00006
Iter: 234, Energy:   -7.76553, Int:    6.94084, Ext:   14.70637, Eval loss:   -1.88418, Loss_change:  0.00006
Iter: 235, Energy:   -7.76560, Int:    6.93941, Ext:   14.70501, Eval loss:   -1.88408, Loss_change:  0.00007
Iter: 236, Energy:   -7.76569, Int:    6.93993, Ext:   14.70562, Eval loss:   -1.88399, Loss_change:  0.00009
Iter: 237, Energy:   -7.76579, Int:    6.94300, Ext:   14.70879, Eval loss:   -1.88389, Loss_change:  0.00011
Iter: 238, Energy:   -7.76588, Int:    6.94622, Ext:   14.71209, Eval loss:   -1.88387, Loss_change:  0.00008
Iter: 239, Energy:   -7.76591, Int:    6.94770, Ext:   14.71361, Eval loss:   -1.88388, Loss_change:  0.00003
Iter: 240, Energy:   -7.76602, Int:    6.94817, Ext:   14.71419, Eval loss:   -1.88389, Loss_change:  0.00011
Iter: 241, Energy:   -7.76610, Int:    6.94503, Ext:   14.71113, Eval loss:   -1.88382, Loss_change:  0.00008
Iter: 242, Energy:   -7.76615, Int:    6.94320, Ext:   14.70935, Eval loss:   -1.88380, Loss_change:  0.00005
Iter: 243, Energy:   -7.76623, Int:    6.94530, Ext:   14.71153, Eval loss:   -1.88383, Loss_change:  0.00008
Iter: 244, Energy:   -7.76629, Int:    6.95098, Ext:   14.71727, Eval loss:   -1.88391, Loss_change:  0.00007
Iter: 245, Energy:   -7.76631, Int:    6.95312, Ext:   14.71944, Eval loss:   -1.88394, Loss_change:  0.00002
Iter: 246, Energy:   -7.76632, Int:    6.95348, Ext:   14.71980, Eval loss:   -1.88395, Loss_change:  0.00000
Iter: 247, Energy:   -7.76636, Int:    6.95601, Ext:   14.72237, Eval loss:   -1.88402, Loss_change:  0.00004
Iter: 248, Energy:   -7.76643, Int:    6.95480, Ext:   14.72123, Eval loss:   -1.88405, Loss_change:  0.00007
Iter: 249, Energy:   -7.76647, Int:    6.95156, Ext:   14.71803, Eval loss:   -1.88402, Loss_change:  0.00005
Iter: 250, Energy:   -7.76656, Int:    6.94520, Ext:   14.71176, Eval loss:   -1.88388, Loss_change:  0.00009
Iter: 251, Energy:   -7.76664, Int:    6.94241, Ext:   14.70904, Eval loss:   -1.88371, Loss_change:  0.00008
Iter: 252, Energy:   -7.76670, Int:    6.94532, Ext:   14.71202, Eval loss:   -1.88369, Loss_change:  0.00007
Iter: 253, Energy:   -7.76671, Int:    6.94569, Ext:   14.71240, Eval loss:   -1.88370, Loss_change:  0.00000
Iter: 254, Energy:   -7.76676, Int:    6.94835, Ext:   14.71511, Eval loss:   -1.88368, Loss_change:  0.00005
Iter: 255, Energy:   -7.76678, Int:    6.94855, Ext:   14.71533, Eval loss:   -1.88369, Loss_change:  0.00002
Iter: 256, Energy:   -7.76680, Int:    6.94763, Ext:   14.71442, Eval loss:   -1.88367, Loss_change:  0.00002
Iter: 257, Energy:   -7.76681, Int:    6.94675, Ext:   14.71356, Eval loss:   -1.88366, Loss_change:  0.00001
Iter: 258, Energy:   -7.76688, Int:    6.94313, Ext:   14.71001, Eval loss:   -1.88362, Loss_change:  0.00006
Iter: 259, Energy:   -7.76701, Int:    6.94254, Ext:   14.70955, Eval loss:   -1.88360, Loss_change:  0.00014
Iter: 260, Energy:   -7.76707, Int:    6.94353, Ext:   14.71060, Eval loss:   -1.88362, Loss_change:  0.00006
Iter: 261, Energy:   -7.76711, Int:    6.94416, Ext:   14.71127, Eval loss:   -1.88359, Loss_change:  0.00004
Iter: 262, Energy:   -7.76717, Int:    6.94565, Ext:   14.71282, Eval loss:   -1.88369, Loss_change:  0.00006
Iter: 263, Energy:   -7.76723, Int:    6.94671, Ext:   14.71394, Eval loss:   -1.88388, Loss_change:  0.00006
Iter: 264, Energy:   -7.76728, Int:    6.94698, Ext:   14.71427, Eval loss:   -1.88410, Loss_change:  0.00005
Iter: 265, Energy:   -7.76729, Int:    6.94716, Ext:   14.71446, Eval loss:   -1.88411, Loss_change:  0.00001
Iter: 266, Energy:   -7.76732, Int:    6.94645, Ext:   14.71377, Eval loss:   -1.88415, Loss_change:  0.00003
Iter: 267, Energy:   -7.76741, Int:    6.94451, Ext:   14.71192, Eval loss:   -1.88409, Loss_change:  0.00009
Iter: 268, Energy:   -7.76746, Int:    6.94273, Ext:   14.71019, Eval loss:   -1.88385, Loss_change:  0.00005
Iter: 269, Energy:   -7.76753, Int:    6.94307, Ext:   14.71060, Eval loss:   -1.88362, Loss_change:  0.00006
Iter: 270, Energy:   -7.76763, Int:    6.94349, Ext:   14.71112, Eval loss:   -1.88350, Loss_change:  0.00010
Iter: 271, Energy:   -7.76768, Int:    6.94492, Ext:   14.71260, Eval loss:   -1.88354, Loss_change:  0.00006
Iter: 272, Energy:   -7.76774, Int:    6.94717, Ext:   14.71491, Eval loss:   -1.88350, Loss_change:  0.00006
Iter: 273, Energy:   -7.76780, Int:    6.94747, Ext:   14.71527, Eval loss:   -1.88335, Loss_change:  0.00006
Iter: 274, Energy:   -7.76781, Int:    6.94727, Ext:   14.71508, Eval loss:   -1.88332, Loss_change:  0.00001
Iter: 275, Energy:   -7.76782, Int:    6.94668, Ext:   14.71450, Eval loss:   -1.88327, Loss_change:  0.00002
Iter: 276, Energy:   -7.76783, Int:    6.94610, Ext:   14.71393, Eval loss:   -1.88325, Loss_change:  0.00001
Iter: 277, Energy:   -7.76783, Int:    6.94600, Ext:   14.71383, Eval loss:   -1.88325, Loss_change:  0.00000
Iter: 278, Energy:   -7.76785, Int:    6.94520, Ext:   14.71306, Eval loss:   -1.88328, Loss_change:  0.00002
Iter: 279, Energy:   -7.76787, Int:    6.94488, Ext:   14.71275, Eval loss:   -1.88332, Loss_change:  0.00001
Iter: 280, Energy:   -7.76789, Int:    6.94473, Ext:   14.71263, Eval loss:   -1.88343, Loss_change:  0.00003
Iter: 281, Energy:   -7.76791, Int:    6.94520, Ext:   14.71310, Eval loss:   -1.88350, Loss_change:  0.00001
Iter: 282, Energy:   -7.76793, Int:    6.94628, Ext:   14.71422, Eval loss:   -1.88358, Loss_change:  0.00003
Iter: 283, Energy:   -7.76798, Int:    6.94607, Ext:   14.71405, Eval loss:   -1.88352, Loss_change:  0.00004
Iter: 284, Energy:   -7.76805, Int:    6.94519, Ext:   14.71324, Eval loss:   -1.88343, Loss_change:  0.00007
Iter: 285, Energy:   -7.76813, Int:    6.94441, Ext:   14.71254, Eval loss:   -1.88342, Loss_change:  0.00008
Iter: 286, Energy:   -7.76820, Int:    6.94265, Ext:   14.71085, Eval loss:   -1.88344, Loss_change:  0.00006
Iter: 287, Energy:   -7.76829, Int:    6.94231, Ext:   14.71059, Eval loss:   -1.88356, Loss_change:  0.00009
Iter: 288, Energy:   -7.76837, Int:    6.94622, Ext:   14.71459, Eval loss:   -1.88372, Loss_change:  0.00008
Iter: 289, Energy:   -7.76837, Int:    6.94657, Ext:   14.71494, Eval loss:   -1.88373, Loss_change:  0.00001
Iter: 290, Energy:   -7.76846, Int:    6.94955, Ext:   14.71800, Eval loss:   -1.88384, Loss_change:  0.00008
Iter: 291, Energy:   -7.76854, Int:    6.94955, Ext:   14.71809, Eval loss:   -1.88376, Loss_change:  0.00009
Iter: 292, Energy:   -7.76861, Int:    6.94817, Ext:   14.71678, Eval loss:   -1.88364, Loss_change:  0.00007
Iter: 293, Energy:   -7.76868, Int:    6.94804, Ext:   14.71671, Eval loss:   -1.88355, Loss_change:  0.00007
Iter: 294, Energy:   -7.76875, Int:    6.94914, Ext:   14.71788, Eval loss:   -1.88353, Loss_change:  0.00007
Iter: 295, Energy:   -7.76881, Int:    6.94948, Ext:   14.71829, Eval loss:   -1.88351, Loss_change:  0.00006
Iter: 296, Energy:   -7.76882, Int:    6.94871, Ext:   14.71753, Eval loss:   -1.88349, Loss_change:  0.00002
Iter: 297, Energy:   -7.76887, Int:    6.94804, Ext:   14.71691, Eval loss:   -1.88345, Loss_change:  0.00004
Iter: 298, Energy:   -7.76891, Int:    6.94567, Ext:   14.71458, Eval loss:   -1.88340, Loss_change:  0.00004
Iter: 299, Energy:   -7.76895, Int:    6.94298, Ext:   14.71193, Eval loss:   -1.88328, Loss_change:  0.00004
Iter: 300, Energy:   -7.76895, Int:    6.94269, Ext:   14.71165, Eval loss:   -1.88328, Loss_change:  0.00001
Iter:   0, Energy:  268.35428, Int:  268.34875, Ext:   -0.00551, Eval loss:   31.50248, Loss_change: 268.35428
