Ns and lrs
Iter:   0, Energy:  109.70683, Int:  116.12143, Ext:    6.41460, Eval loss:   22.11799, Loss_change: 109.70683
Iter:   1, Energy:   50.60008, Int:   55.89780, Ext:    5.29772, Eval loss:   10.11128, Loss_change: 59.10675
Iter:   2, Energy:   26.42385, Int:   31.17973, Ext:    4.75588, Eval loss:    5.24901, Loss_change: 24.17622
Iter:   3, Energy:   15.23010, Int:   19.73483, Ext:    4.50473, Eval loss:    2.97759, Loss_change: 11.19375
Iter:   4, Energy:    9.02381, Int:   13.45612, Ext:    4.43231, Eval loss:    1.71404, Loss_change:  6.20630
Iter:   5, Energy:    5.14920, Int:    9.65108, Ext:    4.50188, Eval loss:    0.92553, Loss_change:  3.87461
Iter:   6, Energy:    2.50502, Int:    7.21096, Ext:    4.70594, Eval loss:    0.38869, Loss_change:  2.64418
Iter:   7, Energy:    0.59026, Int:    5.62301, Ext:    5.03275, Eval loss:    0.00048, Loss_change:  1.91475
Iter:   8, Energy:   -0.86959, Int:    4.61008, Ext:    5.47967, Eval loss:   -0.29729, Loss_change:  1.45985
Iter:   9, Energy:   -2.04117, Int:    4.01340, Ext:    6.05457, Eval loss:   -0.53761, Loss_change:  1.17159
Iter:  10, Energy:   -3.02531, Int:    3.72773, Ext:    6.75304, Eval loss:   -0.74501, Loss_change:  0.98414
Iter:  11, Energy:   -3.85674, Int:    3.68459, Ext:    7.54133, Eval loss:   -0.92454, Loss_change:  0.83143
Iter:  12, Energy:   -4.56418, Int:    3.81173, Ext:    8.37591, Eval loss:   -1.08239, Loss_change:  0.70744
Iter:  13, Energy:   -5.11215, Int:    4.04224, Ext:    9.15438, Eval loss:   -1.21013, Loss_change:  0.54797
Iter:  14, Energy:   -5.51710, Int:    4.31427, Ext:    9.83137, Eval loss:   -1.30876, Loss_change:  0.40495
Iter:  15, Energy:   -5.82838, Int:    4.60310, Ext:   10.43149, Eval loss:   -1.38795, Loss_change:  0.31129
Iter:  16, Energy:   -6.05885, Int:    4.88161, Ext:   10.94045, Eval loss:   -1.44978, Loss_change:  0.23046
Iter:  17, Energy:   -6.23563, Int:    5.14593, Ext:   11.38155, Eval loss:   -1.49961, Loss_change:  0.17678
Iter:  18, Energy:   -6.37288, Int:    5.38267, Ext:   11.75555, Eval loss:   -1.53956, Loss_change:  0.13726
Iter:  19, Energy:   -6.47857, Int:    5.58795, Ext:   12.06652, Eval loss:   -1.57176, Loss_change:  0.10569
Iter:  20, Energy:   -6.56632, Int:    5.77093, Ext:   12.33725, Eval loss:   -1.59900, Loss_change:  0.08775
Iter:  21, Energy:   -6.64879, Int:    5.93205, Ext:   12.58084, Eval loss:   -1.62415, Loss_change:  0.08247
Iter:  22, Energy:   -6.72247, Int:    6.07072, Ext:   12.79319, Eval loss:   -1.64627, Loss_change:  0.07368
Iter:  23, Energy:   -6.79005, Int:    6.18183, Ext:   12.97188, Eval loss:   -1.66590, Loss_change:  0.06758
Iter:  24, Energy:   -6.85004, Int:    6.26826, Ext:   13.11830, Eval loss:   -1.68265, Loss_change:  0.05999
Iter:  25, Energy:   -6.90405, Int:    6.32712, Ext:   13.23116, Eval loss:   -1.69715, Loss_change:  0.05401
Iter:  26, Energy:   -6.95689, Int:    6.35704, Ext:   13.31393, Eval loss:   -1.70993, Loss_change:  0.05284
Iter:  27, Energy:   -7.00893, Int:    6.37361, Ext:   13.38254, Eval loss:   -1.72235, Loss_change:  0.05204
Iter:  28, Energy:   -7.06439, Int:    6.38657, Ext:   13.45096, Eval loss:   -1.73498, Loss_change:  0.05546
Iter:  29, Energy:   -7.11172, Int:    6.39815, Ext:   13.50987, Eval loss:   -1.74545, Loss_change:  0.04733
Iter:  30, Energy:   -7.14872, Int:    6.40653, Ext:   13.55525, Eval loss:   -1.75348, Loss_change:  0.03700
Iter:  31, Energy:   -7.17623, Int:    6.42067, Ext:   13.59690, Eval loss:   -1.75990, Loss_change:  0.02751
Iter:  32, Energy:   -7.19972, Int:    6.43940, Ext:   13.63912, Eval loss:   -1.76543, Loss_change:  0.02349
Iter:  33, Energy:   -7.22046, Int:    6.46337, Ext:   13.68383, Eval loss:   -1.77076, Loss_change:  0.02074
Iter:  34, Energy:   -7.24325, Int:    6.48678, Ext:   13.73003, Eval loss:   -1.77680, Loss_change:  0.02279
Iter:  35, Energy:   -7.26487, Int:    6.51189, Ext:   13.77676, Eval loss:   -1.78260, Loss_change:  0.02162
Iter:  36, Energy:   -7.28687, Int:    6.53499, Ext:   13.82187, Eval loss:   -1.78844, Loss_change:  0.02200
Iter:  37, Energy:   -7.30839, Int:    6.55451, Ext:   13.86290, Eval loss:   -1.79408, Loss_change:  0.02152
Iter:  38, Energy:   -7.32801, Int:    6.57226, Ext:   13.90026, Eval loss:   -1.79909, Loss_change:  0.01962
Iter:  39, Energy:   -7.34864, Int:    6.58533, Ext:   13.93397, Eval loss:   -1.80395, Loss_change:  0.02063
Iter:  40, Energy:   -7.37629, Int:    6.60083, Ext:   13.97713, Eval loss:   -1.80970, Loss_change:  0.02765
Iter:  41, Energy:   -7.40306, Int:    6.61474, Ext:   14.01780, Eval loss:   -1.81464, Loss_change:  0.02677
Iter:  42, Energy:   -7.42535, Int:    6.62328, Ext:   14.04863, Eval loss:   -1.81831, Loss_change:  0.02229
Iter:  43, Energy:   -7.44363, Int:    6.62925, Ext:   14.07288, Eval loss:   -1.82125, Loss_change:  0.01828
Iter:  44, Energy:   -7.45750, Int:    6.63442, Ext:   14.09193, Eval loss:   -1.82343, Loss_change:  0.01387
Iter:  45, Energy:   -7.46893, Int:    6.63866, Ext:   14.10758, Eval loss:   -1.82534, Loss_change:  0.01142
Iter:  46, Energy:   -7.47860, Int:    6.64565, Ext:   14.12425, Eval loss:   -1.82713, Loss_change:  0.00967
Iter:  47, Energy:   -7.48648, Int:    6.65477, Ext:   14.14124, Eval loss:   -1.82890, Loss_change:  0.00788
Iter:  48, Energy:   -7.49327, Int:    6.66703, Ext:   14.16030, Eval loss:   -1.83059, Loss_change:  0.00679
Iter:  49, Energy:   -7.49926, Int:    6.68060, Ext:   14.17985, Eval loss:   -1.83230, Loss_change:  0.00599
Iter:  50, Energy:   -7.50454, Int:    6.69614, Ext:   14.20068, Eval loss:   -1.83406, Loss_change:  0.00528
Iter:  51, Energy:   -7.50961, Int:    6.71181, Ext:   14.22142, Eval loss:   -1.83585, Loss_change:  0.00507
Iter:  52, Energy:   -7.51542, Int:    6.73083, Ext:   14.24625, Eval loss:   -1.83799, Loss_change:  0.00581
Iter:  53, Energy:   -7.52183, Int:    6.74937, Ext:   14.27119, Eval loss:   -1.84046, Loss_change:  0.00640
Iter:  54, Energy:   -7.52814, Int:    6.76551, Ext:   14.29366, Eval loss:   -1.84284, Loss_change:  0.00632
Iter:  55, Energy:   -7.53414, Int:    6.78047, Ext:   14.31461, Eval loss:   -1.84515, Loss_change:  0.00599
Iter:  56, Energy:   -7.53940, Int:    6.79200, Ext:   14.33139, Eval loss:   -1.84717, Loss_change:  0.00526
Iter:  57, Energy:   -7.54394, Int:    6.79903, Ext:   14.34297, Eval loss:   -1.84900, Loss_change:  0.00455
Iter:  58, Energy:   -7.54759, Int:    6.80538, Ext:   14.35297, Eval loss:   -1.85044, Loss_change:  0.00365
Iter:  59, Energy:   -7.55075, Int:    6.81008, Ext:   14.36083, Eval loss:   -1.85165, Loss_change:  0.00316
Iter:  60, Energy:   -7.55358, Int:    6.81374, Ext:   14.36732, Eval loss:   -1.85271, Loss_change:  0.00283
Iter:  61, Energy:   -7.55742, Int:    6.81784, Ext:   14.37526, Eval loss:   -1.85386, Loss_change:  0.00384
Iter:  62, Energy:   -7.56393, Int:    6.82026, Ext:   14.38419, Eval loss:   -1.85532, Loss_change:  0.00651
Iter:  63, Energy:   -7.57150, Int:    6.82194, Ext:   14.39345, Eval loss:   -1.85656, Loss_change:  0.00758
Iter:  64, Energy:   -7.57889, Int:    6.81558, Ext:   14.39447, Eval loss:   -1.85742, Loss_change:  0.00739
Iter:  65, Energy:   -7.58621, Int:    6.81400, Ext:   14.40022, Eval loss:   -1.85800, Loss_change:  0.00732
Iter:  66, Energy:   -7.59302, Int:    6.81144, Ext:   14.40445, Eval loss:   -1.85828, Loss_change:  0.00680
Iter:  67, Energy:   -7.59930, Int:    6.81088, Ext:   14.41018, Eval loss:   -1.85832, Loss_change:  0.00628
Iter:  68, Energy:   -7.60447, Int:    6.81114, Ext:   14.41561, Eval loss:   -1.85819, Loss_change:  0.00518
Iter:  69, Energy:   -7.60874, Int:    6.81380, Ext:   14.42254, Eval loss:   -1.85796, Loss_change:  0.00426
Iter:  70, Energy:   -7.61216, Int:    6.81498, Ext:   14.42715, Eval loss:   -1.85764, Loss_change:  0.00343
Iter:  71, Energy:   -7.61518, Int:    6.81501, Ext:   14.43019, Eval loss:   -1.85739, Loss_change:  0.00302
Iter:  72, Energy:   -7.61773, Int:    6.81372, Ext:   14.43145, Eval loss:   -1.85714, Loss_change:  0.00255
Iter:  73, Energy:   -7.61993, Int:    6.81354, Ext:   14.43347, Eval loss:   -1.85696, Loss_change:  0.00220
Iter:  74, Energy:   -7.62190, Int:    6.81183, Ext:   14.43374, Eval loss:   -1.85685, Loss_change:  0.00197
Iter:  75, Energy:   -7.62372, Int:    6.81182, Ext:   14.43554, Eval loss:   -1.85680, Loss_change:  0.00181
Iter:  76, Energy:   -7.62539, Int:    6.81036, Ext:   14.43575, Eval loss:   -1.85681, Loss_change:  0.00167
Iter:  77, Energy:   -7.62703, Int:    6.81020, Ext:   14.43723, Eval loss:   -1.85690, Loss_change:  0.00165
Iter:  78, Energy:   -7.62865, Int:    6.80977, Ext:   14.43841, Eval loss:   -1.85708, Loss_change:  0.00161
Iter:  79, Energy:   -7.63028, Int:    6.80933, Ext:   14.43961, Eval loss:   -1.85736, Loss_change:  0.00164
Iter:  80, Energy:   -7.63196, Int:    6.80900, Ext:   14.44096, Eval loss:   -1.85772, Loss_change:  0.00168
Iter:  81, Energy:   -7.63399, Int:    6.80933, Ext:   14.44332, Eval loss:   -1.85828, Loss_change:  0.00203
Iter:  82, Energy:   -7.63679, Int:    6.80930, Ext:   14.44609, Eval loss:   -1.85922, Loss_change:  0.00279
Iter:  83, Energy:   -7.64024, Int:    6.81221, Ext:   14.45246, Eval loss:   -1.86053, Loss_change:  0.00346
Iter:  84, Energy:   -7.64538, Int:    6.81564, Ext:   14.46102, Eval loss:   -1.86249, Loss_change:  0.00513
Iter:  85, Energy:   -7.65156, Int:    6.82469, Ext:   14.47624, Eval loss:   -1.86488, Loss_change:  0.00618
Iter:  86, Energy:   -7.65695, Int:    6.83154, Ext:   14.48849, Eval loss:   -1.86700, Loss_change:  0.00539
Iter:  87, Energy:   -7.66113, Int:    6.83745, Ext:   14.49858, Eval loss:   -1.86857, Loss_change:  0.00418
Iter:  88, Energy:   -7.66458, Int:    6.84647, Ext:   14.51105, Eval loss:   -1.86995, Loss_change:  0.00345
Iter:  89, Energy:   -7.66730, Int:    6.85446, Ext:   14.52176, Eval loss:   -1.87105, Loss_change:  0.00272
Iter:  90, Energy:   -7.66939, Int:    6.86008, Ext:   14.52947, Eval loss:   -1.87191, Loss_change:  0.00210
Iter:  91, Energy:   -7.67113, Int:    6.86519, Ext:   14.53632, Eval loss:   -1.87258, Loss_change:  0.00173
Iter:  92, Energy:   -7.67278, Int:    6.87029, Ext:   14.54308, Eval loss:   -1.87320, Loss_change:  0.00166
Iter:  93, Energy:   -7.67461, Int:    6.87362, Ext:   14.54823, Eval loss:   -1.87375, Loss_change:  0.00183
Iter:  94, Energy:   -7.67642, Int:    6.87670, Ext:   14.55311, Eval loss:   -1.87426, Loss_change:  0.00181
Iter:  95, Energy:   -7.67825, Int:    6.87834, Ext:   14.55658, Eval loss:   -1.87461, Loss_change:  0.00183
Iter:  96, Energy:   -7.68006, Int:    6.88046, Ext:   14.56052, Eval loss:   -1.87488, Loss_change:  0.00181
Iter:  97, Energy:   -7.68191, Int:    6.87995, Ext:   14.56186, Eval loss:   -1.87510, Loss_change:  0.00185
Iter:  98, Energy:   -7.68406, Int:    6.87856, Ext:   14.56262, Eval loss:   -1.87519, Loss_change:  0.00215
Iter:  99, Energy:   -7.68621, Int:    6.87811, Ext:   14.56432, Eval loss:   -1.87524, Loss_change:  0.00215
Iter: 100, Energy:   -7.68843, Int:    6.87898, Ext:   14.56741, Eval loss:   -1.87537, Loss_change:  0.00222
Iter:   0, Energy:   37.78621, Int:   39.06778, Ext:    1.28157, Eval loss:    6.99687, Loss_change: 37.78621
Iter:   1, Energy:    7.25659, Int:    9.52269, Ext:    2.26610, Eval loss:    1.30120, Loss_change: 30.52962
Iter:   2, Energy:    1.77149, Int:    5.51194, Ext:    3.74045, Eval loss:    0.20900, Loss_change:  5.48509
Iter:   3, Energy:   -3.34346, Int:    4.17492, Ext:    7.51838, Eval loss:   -0.86980, Loss_change:  5.11496
Iter:   4, Energy:   -5.49515, Int:    4.62657, Ext:   10.12172, Eval loss:   -1.32828, Loss_change:  2.15169
Iter:   5, Energy:   -6.32868, Int:    5.47056, Ext:   11.79924, Eval loss:   -1.52998, Loss_change:  0.83353
Iter:   6, Energy:   -6.62203, Int:    6.02360, Ext:   12.64564, Eval loss:   -1.61781, Loss_change:  0.29336
Iter:   7, Energy:   -6.80547, Int:    6.37622, Ext:   13.18170, Eval loss:   -1.67677, Loss_change:  0.18344
Iter:   8, Energy:   -6.88706, Int:    6.42304, Ext:   13.31010, Eval loss:   -1.69991, Loss_change:  0.08158
Iter:   9, Energy:   -6.93622, Int:    6.36344, Ext:   13.29966, Eval loss:   -1.71083, Loss_change:  0.04916
Iter:  10, Energy:   -7.01958, Int:    6.29583, Ext:   13.31541, Eval loss:   -1.72595, Loss_change:  0.08335
Iter:  11, Energy:   -7.08761, Int:    6.31247, Ext:   13.40007, Eval loss:   -1.73664, Loss_change:  0.06803
Iter:  12, Energy:   -7.14097, Int:    6.37618, Ext:   13.51715, Eval loss:   -1.74516, Loss_change:  0.05336
Iter:  13, Energy:   -7.17323, Int:    6.43762, Ext:   13.61086, Eval loss:   -1.75255, Loss_change:  0.03226
Iter:  14, Energy:   -7.19618, Int:    6.48102, Ext:   13.67720, Eval loss:   -1.76027, Loss_change:  0.02295
Iter:  15, Energy:   -7.21602, Int:    6.50448, Ext:   13.72050, Eval loss:   -1.76872, Loss_change:  0.01984
Iter:  16, Energy:   -7.23435, Int:    6.50892, Ext:   13.74328, Eval loss:   -1.77613, Loss_change:  0.01833
Iter:  17, Energy:   -7.25231, Int:    6.51306, Ext:   13.76537, Eval loss:   -1.78170, Loss_change:  0.01795
Iter:  18, Energy:   -7.27478, Int:    6.53474, Ext:   13.80951, Eval loss:   -1.78686, Loss_change:  0.02247
Iter:  19, Energy:   -7.30348, Int:    6.54113, Ext:   13.84460, Eval loss:   -1.79115, Loss_change:  0.02870
Iter:  20, Energy:   -7.33043, Int:    6.56446, Ext:   13.89489, Eval loss:   -1.79579, Loss_change:  0.02695
Iter:  21, Energy:   -7.35262, Int:    6.59140, Ext:   13.94402, Eval loss:   -1.80102, Loss_change:  0.02219
Iter:  22, Energy:   -7.39241, Int:    6.61330, Ext:   14.00571, Eval loss:   -1.81000, Loss_change:  0.03978
Iter:  23, Energy:   -7.41121, Int:    6.60351, Ext:   14.01472, Eval loss:   -1.81353, Loss_change:  0.01881
Iter:  24, Energy:   -7.42258, Int:    6.59346, Ext:   14.01605, Eval loss:   -1.81578, Loss_change:  0.01137
Iter:  25, Energy:   -7.43768, Int:    6.59934, Ext:   14.03702, Eval loss:   -1.81930, Loss_change:  0.01510
Iter:  26, Energy:   -7.44988, Int:    6.61951, Ext:   14.06939, Eval loss:   -1.82257, Loss_change:  0.01220
Iter:  27, Energy:   -7.46120, Int:    6.65613, Ext:   14.11733, Eval loss:   -1.82664, Loss_change:  0.01132
Iter:  28, Energy:   -7.47643, Int:    6.71072, Ext:   14.18715, Eval loss:   -1.83271, Loss_change:  0.01523
Iter:  29, Energy:   -7.49097, Int:    6.75367, Ext:   14.24464, Eval loss:   -1.83790, Loss_change:  0.01454
Iter:  30, Energy:   -7.50409, Int:    6.75140, Ext:   14.25548, Eval loss:   -1.84033, Loss_change:  0.01312
Iter:  31, Energy:   -7.51918, Int:    6.70301, Ext:   14.22219, Eval loss:   -1.84022, Loss_change:  0.01509
Iter:  32, Energy:   -7.53438, Int:    6.69520, Ext:   14.22959, Eval loss:   -1.84142, Loss_change:  0.01521
Iter:  33, Energy:   -7.55074, Int:    6.72277, Ext:   14.27351, Eval loss:   -1.84523, Loss_change:  0.01636
Iter:  34, Energy:   -7.56325, Int:    6.75226, Ext:   14.31551, Eval loss:   -1.84951, Loss_change:  0.01251
Iter:  35, Energy:   -7.57242, Int:    6.75342, Ext:   14.32584, Eval loss:   -1.85222, Loss_change:  0.00917
Iter:  36, Energy:   -7.57928, Int:    6.74130, Ext:   14.32059, Eval loss:   -1.85314, Loss_change:  0.00686
Iter:  37, Energy:   -7.58685, Int:    6.74600, Ext:   14.33285, Eval loss:   -1.85457, Loss_change:  0.00757
Iter:  38, Energy:   -7.59473, Int:    6.77605, Ext:   14.37078, Eval loss:   -1.85732, Loss_change:  0.00788
Iter:  39, Energy:   -7.60342, Int:    6.79547, Ext:   14.39889, Eval loss:   -1.85989, Loss_change:  0.00869
Iter:  40, Energy:   -7.61019, Int:    6.79260, Ext:   14.40279, Eval loss:   -1.86119, Loss_change:  0.00677
Iter:  41, Energy:   -7.61537, Int:    6.79005, Ext:   14.40542, Eval loss:   -1.86177, Loss_change:  0.00518
Iter:  42, Energy:   -7.62101, Int:    6.80981, Ext:   14.43083, Eval loss:   -1.86291, Loss_change:  0.00564
Iter:  43, Energy:   -7.62615, Int:    6.84322, Ext:   14.46938, Eval loss:   -1.86426, Loss_change:  0.00514
Iter:  44, Energy:   -7.63093, Int:    6.85982, Ext:   14.49076, Eval loss:   -1.86526, Loss_change:  0.00478
Iter:  45, Energy:   -7.63499, Int:    6.84936, Ext:   14.48435, Eval loss:   -1.86466, Loss_change:  0.00406
Iter:  46, Energy:   -7.63801, Int:    6.82796, Ext:   14.46597, Eval loss:   -1.86354, Loss_change:  0.00302
Iter:  47, Energy:   -7.64121, Int:    6.81908, Ext:   14.46028, Eval loss:   -1.86276, Loss_change:  0.00320
Iter:  48, Energy:   -7.64692, Int:    6.83859, Ext:   14.48551, Eval loss:   -1.86336, Loss_change:  0.00571
Iter:  49, Energy:   -7.65401, Int:    6.87497, Ext:   14.52898, Eval loss:   -1.86544, Loss_change:  0.00708
Iter:  50, Energy:   -7.65893, Int:    6.88784, Ext:   14.54677, Eval loss:   -1.86649, Loss_change:  0.00493
Iter:  51, Energy:   -7.66297, Int:    6.87426, Ext:   14.53723, Eval loss:   -1.86643, Loss_change:  0.00404
Iter:  52, Energy:   -7.66676, Int:    6.85448, Ext:   14.52124, Eval loss:   -1.86628, Loss_change:  0.00380
Iter:  53, Energy:   -7.67059, Int:    6.84554, Ext:   14.51613, Eval loss:   -1.86724, Loss_change:  0.00383
Iter:  54, Energy:   -7.67524, Int:    6.84737, Ext:   14.52261, Eval loss:   -1.86898, Loss_change:  0.00465
Iter:  55, Energy:   -7.67926, Int:    6.85589, Ext:   14.53515, Eval loss:   -1.87002, Loss_change:  0.00402
Iter:  56, Energy:   -7.68164, Int:    6.86519, Ext:   14.54683, Eval loss:   -1.87004, Loss_change:  0.00238
Iter:  57, Energy:   -7.68385, Int:    6.87924, Ext:   14.56309, Eval loss:   -1.87034, Loss_change:  0.00221
Iter:  58, Energy:   -7.68623, Int:    6.90067, Ext:   14.58690, Eval loss:   -1.87165, Loss_change:  0.00238
Iter:  59, Energy:   -7.68755, Int:    6.90869, Ext:   14.59624, Eval loss:   -1.87276, Loss_change:  0.00132
Iter:  60, Energy:   -7.68909, Int:    6.90108, Ext:   14.59017, Eval loss:   -1.87364, Loss_change:  0.00153
Iter:  61, Energy:   -7.69032, Int:    6.88568, Ext:   14.57600, Eval loss:   -1.87367, Loss_change:  0.00123
Iter:  62, Energy:   -7.69247, Int:    6.86549, Ext:   14.55796, Eval loss:   -1.87385, Loss_change:  0.00215
Iter:  63, Energy:   -7.69584, Int:    6.85836, Ext:   14.55420, Eval loss:   -1.87499, Loss_change:  0.00337
Iter:  64, Energy:   -7.69743, Int:    6.86951, Ext:   14.56694, Eval loss:   -1.87580, Loss_change:  0.00159
Iter:  65, Energy:   -7.69938, Int:    6.87993, Ext:   14.57931, Eval loss:   -1.87662, Loss_change:  0.00195
Iter:  66, Energy:   -7.70106, Int:    6.88761, Ext:   14.58866, Eval loss:   -1.87759, Loss_change:  0.00167
Iter:  67, Energy:   -7.70227, Int:    6.89181, Ext:   14.59408, Eval loss:   -1.87854, Loss_change:  0.00121
Iter:  68, Energy:   -7.70388, Int:    6.89879, Ext:   14.60267, Eval loss:   -1.87954, Loss_change:  0.00161
Iter:  69, Energy:   -7.70528, Int:    6.90790, Ext:   14.61318, Eval loss:   -1.88026, Loss_change:  0.00140
Iter:  70, Energy:   -7.70676, Int:    6.91029, Ext:   14.61705, Eval loss:   -1.88060, Loss_change:  0.00148
Iter:  71, Energy:   -7.70859, Int:    6.91183, Ext:   14.62042, Eval loss:   -1.88068, Loss_change:  0.00183
Iter:  72, Energy:   -7.70998, Int:    6.91092, Ext:   14.62091, Eval loss:   -1.88032, Loss_change:  0.00139
Iter:  73, Energy:   -7.71133, Int:    6.90451, Ext:   14.61584, Eval loss:   -1.87944, Loss_change:  0.00135
Iter:  74, Energy:   -7.71350, Int:    6.89211, Ext:   14.60561, Eval loss:   -1.87801, Loss_change:  0.00217
Iter:  75, Energy:   -7.71531, Int:    6.88578, Ext:   14.60110, Eval loss:   -1.87734, Loss_change:  0.00181
Iter:  76, Energy:   -7.71697, Int:    6.88907, Ext:   14.60603, Eval loss:   -1.87760, Loss_change:  0.00165
Iter:  77, Energy:   -7.71819, Int:    6.90256, Ext:   14.62076, Eval loss:   -1.87876, Loss_change:  0.00123
Iter:  78, Energy:   -7.71913, Int:    6.91483, Ext:   14.63397, Eval loss:   -1.88013, Loss_change:  0.00094
Iter:  79, Energy:   -7.72014, Int:    6.92476, Ext:   14.64490, Eval loss:   -1.88131, Loss_change:  0.00101
Iter:  80, Energy:   -7.72138, Int:    6.93382, Ext:   14.65520, Eval loss:   -1.88186, Loss_change:  0.00124
Iter:  81, Energy:   -7.72243, Int:    6.92597, Ext:   14.64839, Eval loss:   -1.88151, Loss_change:  0.00104
Iter:  82, Energy:   -7.72301, Int:    6.91650, Ext:   14.63951, Eval loss:   -1.88106, Loss_change:  0.00058
Iter:  83, Energy:   -7.72368, Int:    6.90775, Ext:   14.63143, Eval loss:   -1.88071, Loss_change:  0.00067
Iter:  84, Energy:   -7.72456, Int:    6.90260, Ext:   14.62716, Eval loss:   -1.88070, Loss_change:  0.00089
Iter:  85, Energy:   -7.72565, Int:    6.89702, Ext:   14.62267, Eval loss:   -1.88086, Loss_change:  0.00109
Iter:  86, Energy:   -7.72668, Int:    6.90282, Ext:   14.62950, Eval loss:   -1.88208, Loss_change:  0.00102
Iter:  87, Energy:   -7.72742, Int:    6.90680, Ext:   14.63422, Eval loss:   -1.88322, Loss_change:  0.00074
Iter:  88, Energy:   -7.72830, Int:    6.91170, Ext:   14.64000, Eval loss:   -1.88418, Loss_change:  0.00088
Iter:  89, Energy:   -7.72937, Int:    6.91947, Ext:   14.64884, Eval loss:   -1.88438, Loss_change:  0.00107
Iter:  90, Energy:   -7.73016, Int:    6.92638, Ext:   14.65653, Eval loss:   -1.88389, Loss_change:  0.00079
Iter:  91, Energy:   -7.73086, Int:    6.92916, Ext:   14.66002, Eval loss:   -1.88344, Loss_change:  0.00071
Iter:  92, Energy:   -7.73187, Int:    6.93185, Ext:   14.66372, Eval loss:   -1.88337, Loss_change:  0.00101
Iter:  93, Energy:   -7.73252, Int:    6.92986, Ext:   14.66237, Eval loss:   -1.88359, Loss_change:  0.00064
Iter:  94, Energy:   -7.73332, Int:    6.92148, Ext:   14.65480, Eval loss:   -1.88346, Loss_change:  0.00081
Iter:  95, Energy:   -7.73395, Int:    6.91787, Ext:   14.65182, Eval loss:   -1.88318, Loss_change:  0.00062
Iter:  96, Energy:   -7.73460, Int:    6.91488, Ext:   14.64949, Eval loss:   -1.88271, Loss_change:  0.00065
Iter:  97, Energy:   -7.73509, Int:    6.91918, Ext:   14.65427, Eval loss:   -1.88274, Loss_change:  0.00049
Iter:  98, Energy:   -7.73535, Int:    6.91762, Ext:   14.65298, Eval loss:   -1.88269, Loss_change:  0.00026
Iter:  99, Energy:   -7.73564, Int:    6.91017, Ext:   14.64581, Eval loss:   -1.88252, Loss_change:  0.00029
Iter: 100, Energy:   -7.73611, Int:    6.89652, Ext:   14.63262, Eval loss:   -1.88212, Loss_change:  0.00046
Iter:   0, Energy:  268.35428, Int:  268.34875, Ext:   -0.00551, Eval loss:   31.50248, Loss_change: 268.35428
