Running on GPU
Experiment nr. 0
num_n, num_l
Model at epoch 148 stored with energy change:  0.00000, 
Model at epoch 170 stored with energy change:  0.00001, 
Model at epoch 191 stored with energy change:  0.00002, 
Model at epoch 108 stored with energy change:  0.00018, 
Model at epoch 179 stored with energy change:  0.00000, 
Model at epoch 112 stored with energy change:  0.00015, 
Model at epoch 185 stored with energy change:  0.00001, 
Model at epoch 154 stored with energy change:  0.00001, 
Model at epoch 167 stored with energy change:  0.00000, 
Model at epoch 175 stored with energy change:  0.00001, 
Model at epoch  89 stored with energy change:  0.00002, 
Model at epoch 157 stored with energy change:  0.00001, 
Model at epoch 168 stored with energy change:  0.00001, 
Model at epoch 166 stored with energy change:  0.00001, 
Model at epoch 171 stored with energy change:  0.00000, 
Model at epoch 148 stored with energy change:  0.00000, 
U_norms_i
[[0.0045997  0.00435296 0.00486109 0.00489412]
 [0.00408543 0.00450635 0.00358591 0.00392245]
 [0.00472909 0.00370807 0.00442696 0.00391376]
 [0.00450009 0.00414117 0.0039758  0.00509164]]
U_norms
[[0.0045997  0.00435296 0.00486109 0.00489412]
 [0.00408543 0.00450635 0.00358591 0.00392245]
 [0.00472909 0.00370807 0.00442696 0.00391376]
 [0.00450009 0.00414117 0.0039758  0.00509164]]
[[0.0045997  0.00435296 0.00486109 0.00489412]
 [0.00408543 0.00450635 0.00358591 0.00392245]
 [0.00472909 0.00370807 0.00442696 0.00391376]
 [0.00450009 0.00414117 0.0039758  0.00509164]]
tid: 8064.54s
tid: 134.41m
tid: 2.24t
