Experiment:  0
lrs, num_n
Iter:   1, Energy:    6.62893, Int:    6.13564, Ext:   -0.49329, Loss_change:    6.62892914
Iter:   2, Energy:  -13.34950, Int:  -13.80877, Ext:   -0.45927, Loss_change:   19.97843170
Iter:   3, Energy:  -22.96659, Int:  -23.40766, Ext:   -0.44107, Loss_change:    9.61708927
Iter:   4, Energy:  -27.93566, Int:  -28.36679, Ext:   -0.43113, Loss_change:    4.96906853
Iter:   5, Energy:  -30.66403, Int:  -31.09061, Ext:   -0.42658, Loss_change:    2.72837067
Iter:   6, Energy:  -32.37373, Int:  -32.79910, Ext:   -0.42537, Loss_change:    1.70970345
Iter:   7, Energy:  -33.46006, Int:  -33.88606, Ext:   -0.42600, Loss_change:    1.08632278
Iter:   8, Energy:  -34.10389, Int:  -34.53069, Ext:   -0.42680, Loss_change:    0.64383316
Iter:   9, Energy:  -34.48567, Int:  -34.91310, Ext:   -0.42743, Loss_change:    0.38177872
Iter:  10, Energy:  -34.72104, Int:  -35.14893, Ext:   -0.42789, Loss_change:    0.23537445
Iter:  11, Energy:  -34.87067, Int:  -35.29895, Ext:   -0.42828, Loss_change:    0.14963150
Iter:  12, Energy:  -34.97334, Int:  -35.40194, Ext:   -0.42860, Loss_change:    0.10266495
Iter:  13, Energy:  -35.05012, Int:  -35.47902, Ext:   -0.42890, Loss_change:    0.07677841
Iter:  14, Energy:  -35.11490, Int:  -35.54408, Ext:   -0.42918, Loss_change:    0.06478119
Iter:  15, Energy:  -35.17934, Int:  -35.60879, Ext:   -0.42945, Loss_change:    0.06444168
Iter:  16, Energy:  -35.26151, Int:  -35.69136, Ext:   -0.42986, Loss_change:    0.08216476
Iter:  17, Energy:  -35.52571, Int:  -35.95689, Ext:   -0.43117, Loss_change:    0.26420975
Iter:  18, Energy:  -35.71094, Int:  -36.14327, Ext:   -0.43234, Loss_change:    0.18522263
Iter:  19, Energy:  -35.81008, Int:  -36.24298, Ext:   -0.43289, Loss_change:    0.09914398
Iter:  20, Energy:  -35.91363, Int:  -36.34705, Ext:   -0.43342, Loss_change:    0.10354614
Iter:  21, Energy:  -36.05084, Int:  -36.48462, Ext:   -0.43378, Loss_change:    0.13721085
Iter:  22, Energy:  -36.16998, Int:  -36.60405, Ext:   -0.43407, Loss_change:    0.11913681
Iter:  23, Energy:  -36.24674, Int:  -36.68120, Ext:   -0.43446, Loss_change:    0.07676315
Iter:  24, Energy:  -36.29409, Int:  -36.72891, Ext:   -0.43482, Loss_change:    0.04735565
Iter:  25, Energy:  -36.33425, Int:  -36.76939, Ext:   -0.43513, Loss_change:    0.04015732
Iter:  26, Energy:  -36.37038, Int:  -36.80579, Ext:   -0.43542, Loss_change:    0.03612518
Iter:  27, Energy:  -36.40213, Int:  -36.83775, Ext:   -0.43562, Loss_change:    0.03174973
Iter:  28, Energy:  -36.43061, Int:  -36.86638, Ext:   -0.43577, Loss_change:    0.02848434
Iter:  29, Energy:  -36.45550, Int:  -36.89137, Ext:   -0.43587, Loss_change:    0.02488708
Iter:  30, Energy:  -36.47747, Int:  -36.91341, Ext:   -0.43594, Loss_change:    0.02197647
Iter:  31, Energy:  -36.49571, Int:  -36.93169, Ext:   -0.43598, Loss_change:    0.01823425
Iter:  32, Energy:  -36.51055, Int:  -36.94658, Ext:   -0.43602, Loss_change:    0.01484299
Iter:  33, Energy:  -36.52235, Int:  -36.95839, Ext:   -0.43604, Loss_change:    0.01180267
Iter:  34, Energy:  -36.53227, Int:  -36.96833, Ext:   -0.43606, Loss_change:    0.00991821
Iter:  35, Energy:  -36.54107, Int:  -36.97716, Ext:   -0.43609, Loss_change:    0.00880051
Iter:  36, Energy:  -36.54937, Int:  -36.98550, Ext:   -0.43612, Loss_change:    0.00830078
Iter:  37, Energy:  -36.55900, Int:  -36.99519, Ext:   -0.43619, Loss_change:    0.00962448
Iter:  38, Energy:  -36.57022, Int:  -37.00647, Ext:   -0.43625, Loss_change:    0.01122665
Iter:  39, Energy:  -36.58026, Int:  -37.01655, Ext:   -0.43629, Loss_change:    0.01003647
Iter:  40, Energy:  -36.58814, Int:  -37.02446, Ext:   -0.43632, Loss_change:    0.00787735
Iter:  41, Energy:  -36.59420, Int:  -37.03054, Ext:   -0.43634, Loss_change:    0.00606537
Iter:  42, Energy:  -36.59893, Int:  -37.03528, Ext:   -0.43635, Loss_change:    0.00472641
Iter:  43, Energy:  -36.60271, Int:  -37.03907, Ext:   -0.43636, Loss_change:    0.00377655
Iter:  44, Energy:  -36.60588, Int:  -37.04225, Ext:   -0.43637, Loss_change:    0.00317001
Iter:  45, Energy:  -36.60880, Int:  -37.04515, Ext:   -0.43635, Loss_change:    0.00292206
Iter:  46, Energy:  -36.61193, Int:  -37.04828, Ext:   -0.43635, Loss_change:    0.00313187
Iter:  47, Energy:  -36.61512, Int:  -37.05148, Ext:   -0.43636, Loss_change:    0.00318527
Iter:  48, Energy:  -36.61827, Int:  -37.05465, Ext:   -0.43637, Loss_change:    0.00315857
Iter:  49, Energy:  -36.62146, Int:  -37.05784, Ext:   -0.43638, Loss_change:    0.00318909
Iter:  50, Energy:  -36.62481, Int:  -37.06122, Ext:   -0.43641, Loss_change:    0.00334549
Iter:   1, Energy:    0.43246, Int:   -0.01966, Ext:   -0.45212, Loss_change:    0.43246132
Iter:   2, Energy:  -14.66432, Int:  -15.09568, Ext:   -0.43136, Loss_change:   15.09678173
Iter:   3, Energy:  -21.91669, Int:  -22.33938, Ext:   -0.42269, Loss_change:    7.25236893
Iter:   4, Energy:  -27.21012, Int:  -27.63087, Ext:   -0.42075, Loss_change:    5.29343605
Iter:   5, Energy:  -30.75449, Int:  -31.17655, Ext:   -0.42206, Loss_change:    3.54436302
Iter:   6, Energy:  -32.66353, Int:  -33.08733, Ext:   -0.42380, Loss_change:    1.90904427
Iter:   7, Energy:  -33.67443, Int:  -34.09970, Ext:   -0.42527, Loss_change:    1.01089478
Iter:   8, Energy:  -34.24829, Int:  -34.67460, Ext:   -0.42631, Loss_change:    0.57386780
Iter:   9, Energy:  -34.56604, Int:  -34.99306, Ext:   -0.42703, Loss_change:    0.31774139
Iter:  10, Energy:  -34.74841, Int:  -35.17592, Ext:   -0.42751, Loss_change:    0.18237686
Iter:  11, Energy:  -34.86214, Int:  -35.29006, Ext:   -0.42792, Loss_change:    0.11372757
Iter:  12, Energy:  -34.94406, Int:  -35.37234, Ext:   -0.42829, Loss_change:    0.08191681
Iter:  13, Energy:  -35.01181, Int:  -35.44043, Ext:   -0.42861, Loss_change:    0.06775665
Iter:  14, Energy:  -35.07877, Int:  -35.50772, Ext:   -0.42894, Loss_change:    0.06695938
Iter:  15, Energy:  -35.16185, Int:  -35.59119, Ext:   -0.42934, Loss_change:    0.08307648
Iter:  16, Energy:  -35.32503, Int:  -35.75511, Ext:   -0.43008, Loss_change:    0.16318130
Iter:  17, Energy:  -35.72059, Int:  -36.15230, Ext:   -0.43171, Loss_change:    0.39555740
Iter:  18, Energy:  -35.87327, Int:  -36.30574, Ext:   -0.43247, Loss_change:    0.15268326
Iter:  19, Energy:  -36.01162, Int:  -36.44484, Ext:   -0.43322, Loss_change:    0.13834381
Iter:  20, Energy:  -36.12811, Int:  -36.56192, Ext:   -0.43381, Loss_change:    0.11649704
Iter:  21, Energy:  -36.20235, Int:  -36.63658, Ext:   -0.43423, Loss_change:    0.07423401
Iter:  22, Energy:  -36.25308, Int:  -36.68767, Ext:   -0.43459, Loss_change:    0.05073547
Iter:  23, Energy:  -36.29163, Int:  -36.72655, Ext:   -0.43492, Loss_change:    0.03854752
Iter:  24, Energy:  -36.32322, Int:  -36.75838, Ext:   -0.43517, Loss_change:    0.03158569
Iter:  25, Energy:  -36.35533, Int:  -36.79073, Ext:   -0.43540, Loss_change:    0.03211594
Iter:  26, Energy:  -36.38645, Int:  -36.82204, Ext:   -0.43559, Loss_change:    0.03112030
Iter:  27, Energy:  -36.41430, Int:  -36.85000, Ext:   -0.43570, Loss_change:    0.02784729
Iter:  28, Energy:  -36.43933, Int:  -36.87508, Ext:   -0.43575, Loss_change:    0.02502823
Iter:  29, Energy:  -36.46248, Int:  -36.89825, Ext:   -0.43577, Loss_change:    0.02315521
Iter:  30, Energy:  -36.48358, Int:  -36.91939, Ext:   -0.43581, Loss_change:    0.02109909
Iter:  31, Energy:  -36.50267, Int:  -36.93853, Ext:   -0.43586, Loss_change:    0.01908875
Iter:  32, Energy:  -36.51876, Int:  -36.95470, Ext:   -0.43594, Loss_change:    0.01608658
Iter:  33, Energy:  -36.53172, Int:  -36.96772, Ext:   -0.43599, Loss_change:    0.01296616
Iter:  34, Energy:  -36.54162, Int:  -36.97768, Ext:   -0.43605, Loss_change:    0.00989914
Iter:  35, Energy:  -36.54902, Int:  -36.98511, Ext:   -0.43609, Loss_change:    0.00739288
Iter:  36, Energy:  -36.55471, Int:  -36.99084, Ext:   -0.43613, Loss_change:    0.00569916
Iter:  37, Energy:  -36.55930, Int:  -36.99546, Ext:   -0.43616, Loss_change:    0.00458908
Iter:  38, Energy:  -36.56316, Int:  -36.99934, Ext:   -0.43618, Loss_change:    0.00386047
Iter:  39, Energy:  -36.56659, Int:  -37.00280, Ext:   -0.43621, Loss_change:    0.00342560
Iter:  40, Energy:  -36.56960, Int:  -37.00583, Ext:   -0.43623, Loss_change:    0.00300598
Iter:  41, Energy:  -36.57235, Int:  -37.00861, Ext:   -0.43625, Loss_change:    0.00275803
Iter:  42, Energy:  -36.57500, Int:  -37.01127, Ext:   -0.43627, Loss_change:    0.00264740
Iter:  43, Energy:  -36.57759, Int:  -37.01388, Ext:   -0.43629, Loss_change:    0.00259018
Iter:  44, Energy:  -36.58024, Int:  -37.01655, Ext:   -0.43630, Loss_change:    0.00265121
Iter:  45, Energy:  -36.58279, Int:  -37.01912, Ext:   -0.43632, Loss_change:    0.00255203
Iter:  46, Energy:  -36.58519, Int:  -37.02153, Ext:   -0.43634, Loss_change:    0.00239182
Iter:  47, Energy:  -36.58747, Int:  -37.02382, Ext:   -0.43635, Loss_change:    0.00228119
Iter:  48, Energy:  -36.58952, Int:  -37.02587, Ext:   -0.43635, Loss_change:    0.00205231
Iter:  49, Energy:  -36.59148, Int:  -37.02783, Ext:   -0.43635, Loss_change:    0.00196075
Iter:  50, Energy:  -36.59347, Int:  -37.02980, Ext:   -0.43634, Loss_change:    0.00198746
Iter:   1, Energy:  -22.53115, Int:  -22.93656, Ext:   -0.40541, Loss_change:   22.53114510
Iter:   2, Energy:  -29.27282, Int:  -29.68495, Ext:   -0.41213, Loss_change:    6.74167824
Iter:   3, Energy:  -32.15433, Int:  -32.57159, Ext:   -0.41726, Loss_change:    2.88150406
Iter:   4, Energy:  -33.62165, Int:  -34.04253, Ext:   -0.42088, Loss_change:    1.46732330
Iter:   5, Energy:  -34.36618, Int:  -34.78949, Ext:   -0.42330, Loss_change:    0.74453354
Iter:   6, Energy:  -34.75648, Int:  -35.18140, Ext:   -0.42492, Loss_change:    0.39029312
Iter:   7, Energy:  -34.97185, Int:  -35.39803, Ext:   -0.42618, Loss_change:    0.21537399
Iter:   8, Energy:  -35.10925, Int:  -35.53642, Ext:   -0.42717, Loss_change:    0.13740158
Iter:   9, Energy:  -35.20578, Int:  -35.63382, Ext:   -0.42804, Loss_change:    0.09652710
Iter:  10, Energy:  -35.28554, Int:  -35.71438, Ext:   -0.42884, Loss_change:    0.07975769
Iter:  11, Energy:  -35.36678, Int:  -35.79642, Ext:   -0.42964, Loss_change:    0.08124542
Iter:  12, Energy:  -35.48275, Int:  -35.91345, Ext:   -0.43070, Loss_change:    0.11596680
Iter:  13, Energy:  -35.83255, Int:  -36.26514, Ext:   -0.43260, Loss_change:    0.34979630
Iter:  14, Energy:  -35.96844, Int:  -36.40154, Ext:   -0.43310, Loss_change:    0.13589478
Iter:  15, Energy:  -36.05797, Int:  -36.49144, Ext:   -0.43347, Loss_change:    0.08952713
Iter:  16, Energy:  -36.12636, Int:  -36.56017, Ext:   -0.43381, Loss_change:    0.06838989
Iter:  17, Energy:  -36.18261, Int:  -36.61676, Ext:   -0.43415, Loss_change:    0.05624771
Iter:  18, Energy:  -36.22506, Int:  -36.65952, Ext:   -0.43447, Loss_change:    0.04244995
Iter:  19, Energy:  -36.25739, Int:  -36.69210, Ext:   -0.43472, Loss_change:    0.03232956
Iter:  20, Energy:  -36.28372, Int:  -36.71870, Ext:   -0.43497, Loss_change:    0.02633667
Iter:  21, Energy:  -36.31020, Int:  -36.74541, Ext:   -0.43521, Loss_change:    0.02648163
Iter:  22, Energy:  -36.33984, Int:  -36.77527, Ext:   -0.43544, Loss_change:    0.02963257
Iter:  23, Energy:  -36.37245, Int:  -36.80807, Ext:   -0.43562, Loss_change:    0.03261566
Iter:  24, Energy:  -36.40188, Int:  -36.83757, Ext:   -0.43569, Loss_change:    0.02943039
Iter:  25, Energy:  -36.42573, Int:  -36.86143, Ext:   -0.43570, Loss_change:    0.02384949
Iter:  26, Energy:  -36.44625, Int:  -36.88197, Ext:   -0.43571, Loss_change:    0.02052307
Iter:  27, Energy:  -36.46440, Int:  -36.90014, Ext:   -0.43574, Loss_change:    0.01814270
Iter:  28, Energy:  -36.48124, Int:  -36.91703, Ext:   -0.43579, Loss_change:    0.01684189
Iter:  29, Energy:  -36.49624, Int:  -36.93209, Ext:   -0.43585, Loss_change:    0.01499939
Iter:  30, Energy:  -36.50927, Int:  -36.94518, Ext:   -0.43591, Loss_change:    0.01303482
Iter:  31, Energy:  -36.52024, Int:  -36.95620, Ext:   -0.43596, Loss_change:    0.01096344
Iter:  32, Energy:  -36.52967, Int:  -36.96568, Ext:   -0.43601, Loss_change:    0.00943756
Iter:  33, Energy:  -36.53777, Int:  -36.97383, Ext:   -0.43607, Loss_change:    0.00809479
Iter:  34, Energy:  -36.54524, Int:  -36.98132, Ext:   -0.43608, Loss_change:    0.00746918
Iter:  35, Energy:  -36.55563, Int:  -36.99174, Ext:   -0.43611, Loss_change:    0.01038742
Iter:  36, Energy:  -36.57009, Int:  -37.00623, Ext:   -0.43614, Loss_change:    0.01446152
Iter:  37, Energy:  -36.58282, Int:  -37.01905, Ext:   -0.43623, Loss_change:    0.01273346
Iter:  38, Energy:  -36.59248, Int:  -37.02876, Ext:   -0.43629, Loss_change:    0.00965500
Iter:  39, Energy:  -36.59938, Int:  -37.03572, Ext:   -0.43635, Loss_change:    0.00690079
Iter:  40, Energy:  -36.60419, Int:  -37.04059, Ext:   -0.43640, Loss_change:    0.00481415
Iter:  41, Energy:  -36.60786, Int:  -37.04424, Ext:   -0.43638, Loss_change:    0.00366592
Iter:  42, Energy:  -36.61172, Int:  -37.04810, Ext:   -0.43638, Loss_change:    0.00386429
Iter:  43, Energy:  -36.61576, Int:  -37.05215, Ext:   -0.43639, Loss_change:    0.00404358
Iter:  44, Energy:  -36.61986, Int:  -37.05627, Ext:   -0.43641, Loss_change:    0.00409317
Iter:  45, Energy:  -36.62435, Int:  -37.06083, Ext:   -0.43648, Loss_change:    0.00448990
Iter:  46, Energy:  -36.62991, Int:  -37.06637, Ext:   -0.43646, Loss_change:    0.00556183
Iter:  47, Energy:  -36.63552, Int:  -37.07197, Ext:   -0.43645, Loss_change:    0.00561523
Iter:  48, Energy:  -36.64033, Int:  -37.07678, Ext:   -0.43645, Loss_change:    0.00480652
Iter:  49, Energy:  -36.64444, Int:  -37.08090, Ext:   -0.43646, Loss_change:    0.00410843
Iter:  50, Energy:  -36.64796, Int:  -37.08445, Ext:   -0.43649, Loss_change:    0.00352478
Iter:   1, Energy:  -24.93106, Int:  -25.36869, Ext:   -0.43763, Loss_change:   24.93106270
Iter:   2, Energy:  -30.01802, Int:  -30.45225, Ext:   -0.43422, Loss_change:    5.08695984
Iter:   3, Energy:  -32.27967, Int:  -32.71170, Ext:   -0.43202, Loss_change:    2.26165199
Iter:   4, Energy:  -33.43051, Int:  -33.86150, Ext:   -0.43099, Loss_change:    1.15083694
Iter:   5, Energy:  -34.07907, Int:  -34.50955, Ext:   -0.43048, Loss_change:    0.64855957
Iter:   6, Energy:  -34.46267, Int:  -34.89286, Ext:   -0.43019, Loss_change:    0.38360214
Iter:   7, Energy:  -34.69935, Int:  -35.12935, Ext:   -0.43000, Loss_change:    0.23667908
Iter:   8, Energy:  -34.85213, Int:  -35.28201, Ext:   -0.42988, Loss_change:    0.15277863
Iter:   9, Energy:  -34.95558, Int:  -35.38539, Ext:   -0.42981, Loss_change:    0.10345078
Iter:  10, Energy:  -35.02892, Int:  -35.45867, Ext:   -0.42975, Loss_change:    0.07334137
Iter:  11, Energy:  -35.08499, Int:  -35.51470, Ext:   -0.42971, Loss_change:    0.05606461
Iter:  12, Energy:  -35.13400, Int:  -35.56370, Ext:   -0.42970, Loss_change:    0.04900742
Iter:  13, Energy:  -35.18584, Int:  -35.61555, Ext:   -0.42972, Loss_change:    0.05184174
Iter:  14, Energy:  -35.25428, Int:  -35.68410, Ext:   -0.42982, Loss_change:    0.06844330
Iter:  15, Energy:  -35.43483, Int:  -35.86505, Ext:   -0.43021, Loss_change:    0.18055344
Iter:  16, Energy:  -35.71461, Int:  -36.14626, Ext:   -0.43164, Loss_change:    0.27978134
Iter:  17, Energy:  -35.82106, Int:  -36.25335, Ext:   -0.43228, Loss_change:    0.10644531
Iter:  18, Energy:  -35.95252, Int:  -36.38559, Ext:   -0.43307, Loss_change:    0.13145828
Iter:  19, Energy:  -36.07853, Int:  -36.51202, Ext:   -0.43350, Loss_change:    0.12600708
Iter:  20, Energy:  -36.14880, Int:  -36.58270, Ext:   -0.43389, Loss_change:    0.07027817
Iter:  21, Energy:  -36.19288, Int:  -36.62711, Ext:   -0.43422, Loss_change:    0.04407883
Iter:  22, Energy:  -36.22787, Int:  -36.66238, Ext:   -0.43451, Loss_change:    0.03498840
Iter:  23, Energy:  -36.26335, Int:  -36.69818, Ext:   -0.43483, Loss_change:    0.03548050
Iter:  24, Energy:  -36.30475, Int:  -36.73993, Ext:   -0.43518, Loss_change:    0.04140091
Iter:  25, Energy:  -36.35439, Int:  -36.78985, Ext:   -0.43546, Loss_change:    0.04963303
Iter:  26, Energy:  -36.40108, Int:  -36.83665, Ext:   -0.43557, Loss_change:    0.04669189
Iter:  27, Energy:  -36.43479, Int:  -36.87042, Ext:   -0.43563, Loss_change:    0.03371429
Iter:  28, Energy:  -36.45905, Int:  -36.89471, Ext:   -0.43567, Loss_change:    0.02425385
Iter:  29, Energy:  -36.47746, Int:  -36.91319, Ext:   -0.43572, Loss_change:    0.01841736
Iter:  30, Energy:  -36.49361, Int:  -36.92939, Ext:   -0.43578, Loss_change:    0.01614380
Iter:  31, Energy:  -36.50810, Int:  -36.94396, Ext:   -0.43586, Loss_change:    0.01449203
Iter:  32, Energy:  -36.52111, Int:  -36.95703, Ext:   -0.43593, Loss_change:    0.01300812
Iter:  33, Energy:  -36.53301, Int:  -36.96902, Ext:   -0.43600, Loss_change:    0.01190567
Iter:  34, Energy:  -36.54345, Int:  -36.97952, Ext:   -0.43606, Loss_change:    0.01044083
Iter:  35, Energy:  -36.55297, Int:  -36.98910, Ext:   -0.43613, Loss_change:    0.00952148
Iter:  36, Energy:  -36.56242, Int:  -36.99862, Ext:   -0.43620, Loss_change:    0.00944901
Iter:  37, Energy:  -36.57677, Int:  -37.01302, Ext:   -0.43624, Loss_change:    0.01434708
Iter:  38, Energy:  -36.59035, Int:  -37.02666, Ext:   -0.43631, Loss_change:    0.01358414
Iter:  39, Energy:  -36.59990, Int:  -37.03625, Ext:   -0.43636, Loss_change:    0.00954056
Iter:  40, Energy:  -36.60752, Int:  -37.04393, Ext:   -0.43642, Loss_change:    0.00762177
Iter:  41, Energy:  -36.61340, Int:  -37.04985, Ext:   -0.43646, Loss_change:    0.00587845
Iter:  42, Energy:  -36.61789, Int:  -37.05435, Ext:   -0.43647, Loss_change:    0.00448990
Iter:  43, Energy:  -36.62147, Int:  -37.05794, Ext:   -0.43647, Loss_change:    0.00358582
Iter:  44, Energy:  -36.62460, Int:  -37.06105, Ext:   -0.43646, Loss_change:    0.00312805
Iter:  45, Energy:  -36.62740, Int:  -37.06386, Ext:   -0.43646, Loss_change:    0.00280380
Iter:  46, Energy:  -36.62993, Int:  -37.06639, Ext:   -0.43646, Loss_change:    0.00252533
Iter:  47, Energy:  -36.63224, Int:  -37.06872, Ext:   -0.43648, Loss_change:    0.00231552
Iter:  48, Energy:  -36.63436, Int:  -37.07085, Ext:   -0.43649, Loss_change:    0.00211716
Iter:  49, Energy:  -36.63631, Int:  -37.07280, Ext:   -0.43649, Loss_change:    0.00195312
Iter:  50, Energy:  -36.63813, Int:  -37.07462, Ext:   -0.43649, Loss_change:    0.00181580
Iter:   1, Energy:  -20.45056, Int:  -20.90135, Ext:   -0.45078, Loss_change:   20.45056343
Iter:   2, Energy:  -30.46272, Int:  -30.87958, Ext:   -0.41686, Loss_change:   10.01215553
Iter:   3, Energy:  -34.34143, Int:  -34.76406, Ext:   -0.42262, Loss_change:    3.87871552
Iter:   4, Energy:  -34.97917, Int:  -35.40724, Ext:   -0.42807, Loss_change:    0.63773346
Iter:   5, Energy:  -35.42462, Int:  -35.85701, Ext:   -0.43239, Loss_change:    0.44545364
Iter:   6, Energy:  -35.83213, Int:  -36.26527, Ext:   -0.43314, Loss_change:    0.40750885
Iter:   7, Energy:  -36.04734, Int:  -36.48137, Ext:   -0.43402, Loss_change:    0.21521378
Iter:   8, Energy:  -36.22734, Int:  -36.66243, Ext:   -0.43509, Loss_change:    0.17999268
Iter:   9, Energy:  -36.31916, Int:  -36.75432, Ext:   -0.43516, Loss_change:    0.09181976
Iter:  10, Energy:  -36.38722, Int:  -36.82252, Ext:   -0.43530, Loss_change:    0.06806183
Iter:  11, Energy:  -36.44999, Int:  -36.88564, Ext:   -0.43565, Loss_change:    0.06277466
Iter:  12, Energy:  -36.49099, Int:  -36.92686, Ext:   -0.43586, Loss_change:    0.04100037
Iter:  13, Energy:  -36.51591, Int:  -36.95198, Ext:   -0.43607, Loss_change:    0.02491760
Iter:  14, Energy:  -36.53873, Int:  -36.97492, Ext:   -0.43619, Loss_change:    0.02281952
Iter:  15, Energy:  -36.55437, Int:  -36.99060, Ext:   -0.43623, Loss_change:    0.01564026
Iter:  16, Energy:  -36.56821, Int:  -37.00445, Ext:   -0.43625, Loss_change:    0.01383591
Iter:  17, Energy:  -36.57962, Int:  -37.01588, Ext:   -0.43626, Loss_change:    0.01141357
Iter:  18, Energy:  -36.58793, Int:  -37.02422, Ext:   -0.43629, Loss_change:    0.00831223
Iter:  19, Energy:  -36.59544, Int:  -37.03174, Ext:   -0.43629, Loss_change:    0.00751114
Iter:  20, Energy:  -36.60492, Int:  -37.04126, Ext:   -0.43634, Loss_change:    0.00947571
Iter:  21, Energy:  -36.61145, Int:  -37.04779, Ext:   -0.43634, Loss_change:    0.00653458
Iter:  22, Energy:  -36.61672, Int:  -37.05305, Ext:   -0.43633, Loss_change:    0.00526428
Iter:  23, Energy:  -36.62358, Int:  -37.05996, Ext:   -0.43638, Loss_change:    0.00686264
Iter:  24, Energy:  -36.63018, Int:  -37.06665, Ext:   -0.43647, Loss_change:    0.00660324
Iter:  25, Energy:  -36.63571, Int:  -37.07222, Ext:   -0.43652, Loss_change:    0.00552368
Iter:  26, Energy:  -36.64219, Int:  -37.07866, Ext:   -0.43647, Loss_change:    0.00647736
Iter:  27, Energy:  -36.65069, Int:  -37.08714, Ext:   -0.43645, Loss_change:    0.00850677
Iter:  28, Energy:  -36.65827, Int:  -37.09474, Ext:   -0.43647, Loss_change:    0.00757980
Iter:  29, Energy:  -36.66469, Int:  -37.10118, Ext:   -0.43649, Loss_change:    0.00642014
Iter:  30, Energy:  -36.66967, Int:  -37.10621, Ext:   -0.43654, Loss_change:    0.00497818
Iter:  31, Energy:  -36.67542, Int:  -37.11199, Ext:   -0.43657, Loss_change:    0.00575256
Iter:  32, Energy:  -36.68248, Int:  -37.11911, Ext:   -0.43663, Loss_change:    0.00706100
Iter:  33, Energy:  -36.68788, Int:  -37.12449, Ext:   -0.43661, Loss_change:    0.00539780
Iter:  34, Energy:  -36.69296, Int:  -37.12958, Ext:   -0.43663, Loss_change:    0.00507355
Iter:  35, Energy:  -36.69804, Int:  -37.13470, Ext:   -0.43666, Loss_change:    0.00508499
Iter:  36, Energy:  -36.70296, Int:  -37.13964, Ext:   -0.43668, Loss_change:    0.00492477
Iter:  37, Energy:  -36.70743, Int:  -37.14414, Ext:   -0.43671, Loss_change:    0.00446320
Iter:  38, Energy:  -36.71128, Int:  -37.14800, Ext:   -0.43672, Loss_change:    0.00384903
Iter:  39, Energy:  -36.71570, Int:  -37.15242, Ext:   -0.43672, Loss_change:    0.00442123
Iter:  40, Energy:  -36.72042, Int:  -37.15713, Ext:   -0.43671, Loss_change:    0.00472260
Iter:  41, Energy:  -36.72652, Int:  -37.16323, Ext:   -0.43672, Loss_change:    0.00609589
Iter:  42, Energy:  -36.73371, Int:  -37.17052, Ext:   -0.43681, Loss_change:    0.00719452
Iter:  43, Energy:  -36.73732, Int:  -37.17411, Ext:   -0.43680, Loss_change:    0.00360870
Iter:  44, Energy:  -36.74095, Int:  -37.17778, Ext:   -0.43683, Loss_change:    0.00362778
Iter:  45, Energy:  -36.74533, Int:  -37.18213, Ext:   -0.43680, Loss_change:    0.00437927
Iter:  46, Energy:  -36.74871, Int:  -37.18555, Ext:   -0.43685, Loss_change:    0.00337982
Iter:  47, Energy:  -36.75299, Int:  -37.18988, Ext:   -0.43689, Loss_change:    0.00428391
Iter:  48, Energy:  -36.75769, Int:  -37.19453, Ext:   -0.43684, Loss_change:    0.00469971
Iter:  49, Energy:  -36.76311, Int:  -37.19998, Ext:   -0.43688, Loss_change:    0.00541687
Iter:  50, Energy:  -36.76808, Int:  -37.20499, Ext:   -0.43691, Loss_change:    0.00497055
Iter:   1, Energy:  -29.01699, Int:  -29.44187, Ext:   -0.42488, Loss_change:   29.01698875
Iter:   2, Energy:  -34.39698, Int:  -34.82337, Ext:   -0.42639, Loss_change:    5.37998772
Iter:   3, Energy:  -35.02722, Int:  -35.45565, Ext:   -0.42843, Loss_change:    0.63024521
Iter:   4, Energy:  -35.20456, Int:  -35.63427, Ext:   -0.42972, Loss_change:    0.17733765
Iter:   5, Energy:  -35.73123, Int:  -36.16419, Ext:   -0.43296, Loss_change:    0.52667236
Iter:   6, Energy:  -35.95676, Int:  -36.39042, Ext:   -0.43366, Loss_change:    0.22552490
Iter:   7, Energy:  -36.10917, Int:  -36.54339, Ext:   -0.43422, Loss_change:    0.15241623
Iter:   8, Energy:  -36.21103, Int:  -36.64571, Ext:   -0.43468, Loss_change:    0.10185623
Iter:   9, Energy:  -36.30036, Int:  -36.73524, Ext:   -0.43488, Loss_change:    0.08933258
Iter:  10, Energy:  -36.37053, Int:  -36.80593, Ext:   -0.43540, Loss_change:    0.07017136
Iter:  11, Energy:  -36.41432, Int:  -36.85012, Ext:   -0.43581, Loss_change:    0.04378510
Iter:  12, Energy:  -36.44094, Int:  -36.87681, Ext:   -0.43587, Loss_change:    0.02661896
Iter:  13, Energy:  -36.45824, Int:  -36.89404, Ext:   -0.43580, Loss_change:    0.01730347
Iter:  14, Energy:  -36.47215, Int:  -36.90796, Ext:   -0.43581, Loss_change:    0.01390839
Iter:  15, Energy:  -36.48534, Int:  -36.92122, Ext:   -0.43587, Loss_change:    0.01319504
Iter:  16, Energy:  -36.50101, Int:  -36.93702, Ext:   -0.43601, Loss_change:    0.01567078
Iter:  17, Energy:  -36.52240, Int:  -36.95849, Ext:   -0.43609, Loss_change:    0.02138138
Iter:  18, Energy:  -36.54028, Int:  -36.97642, Ext:   -0.43614, Loss_change:    0.01788330
Iter:  19, Energy:  -36.55318, Int:  -36.98937, Ext:   -0.43619, Loss_change:    0.01290512
Iter:  20, Energy:  -36.56581, Int:  -37.00200, Ext:   -0.43619, Loss_change:    0.01262665
Iter:  21, Energy:  -36.57563, Int:  -37.01185, Ext:   -0.43622, Loss_change:    0.00982285
Iter:  22, Energy:  -36.58285, Int:  -37.01913, Ext:   -0.43629, Loss_change:    0.00721359
Iter:  23, Energy:  -36.58898, Int:  -37.02532, Ext:   -0.43634, Loss_change:    0.00613022
Iter:  24, Energy:  -36.59472, Int:  -37.03108, Ext:   -0.43636, Loss_change:    0.00574112
Iter:  25, Energy:  -36.59954, Int:  -37.03591, Ext:   -0.43637, Loss_change:    0.00482178
Iter:  26, Energy:  -36.60596, Int:  -37.04228, Ext:   -0.43632, Loss_change:    0.00642014
Iter:  27, Energy:  -36.61444, Int:  -37.05086, Ext:   -0.43642, Loss_change:    0.00848007
Iter:  28, Energy:  -36.62113, Int:  -37.05762, Ext:   -0.43650, Loss_change:    0.00668716
Iter:  29, Energy:  -36.62806, Int:  -37.06451, Ext:   -0.43644, Loss_change:    0.00693512
Iter:  30, Energy:  -36.63520, Int:  -37.07164, Ext:   -0.43644, Loss_change:    0.00713730
Iter:  31, Energy:  -36.64141, Int:  -37.07787, Ext:   -0.43646, Loss_change:    0.00621414
Iter:  32, Energy:  -36.64674, Int:  -37.08324, Ext:   -0.43650, Loss_change:    0.00532532
Iter:  33, Energy:  -36.64983, Int:  -37.08636, Ext:   -0.43653, Loss_change:    0.00309372
Iter:  34, Energy:  -36.65199, Int:  -37.08852, Ext:   -0.43654, Loss_change:    0.00215149
Iter:  35, Energy:  -36.65594, Int:  -37.09251, Ext:   -0.43657, Loss_change:    0.00395584
Iter:  36, Energy:  -36.66161, Int:  -37.09811, Ext:   -0.43650, Loss_change:    0.00566864
Iter:  37, Energy:  -36.66788, Int:  -37.10440, Ext:   -0.43652, Loss_change:    0.00627136
Iter:  38, Energy:  -36.67209, Int:  -37.10871, Ext:   -0.43661, Loss_change:    0.00421143
Iter:  39, Energy:  -36.67621, Int:  -37.11287, Ext:   -0.43666, Loss_change:    0.00411987
Iter:  40, Energy:  -36.67930, Int:  -37.11597, Ext:   -0.43667, Loss_change:    0.00308990
Iter:  41, Energy:  -36.68224, Int:  -37.11891, Ext:   -0.43667, Loss_change:    0.00293732
Iter:  42, Energy:  -36.68479, Int:  -37.12145, Ext:   -0.43667, Loss_change:    0.00254822
Iter:  43, Energy:  -36.68699, Int:  -37.12368, Ext:   -0.43668, Loss_change:    0.00220490
Iter:  44, Energy:  -36.68888, Int:  -37.12555, Ext:   -0.43666, Loss_change:    0.00189209
Iter:  45, Energy:  -36.69090, Int:  -37.12754, Ext:   -0.43664, Loss_change:    0.00201416
Iter:  46, Energy:  -36.69362, Int:  -37.13028, Ext:   -0.43666, Loss_change:    0.00272369
Iter:  47, Energy:  -36.69831, Int:  -37.13511, Ext:   -0.43680, Loss_change:    0.00469208
Iter:  48, Energy:  -36.70343, Int:  -37.14017, Ext:   -0.43673, Loss_change:    0.00511932
Iter:  49, Energy:  -36.70568, Int:  -37.14235, Ext:   -0.43667, Loss_change:    0.00224686
Iter:  50, Energy:  -36.70803, Int:  -37.14465, Ext:   -0.43662, Loss_change:    0.00234985
Iter:   1, Energy:  -32.86771, Int:  -33.29228, Ext:   -0.42457, Loss_change:   32.86771011
Iter:   2, Energy:  -34.79797, Int:  -35.22538, Ext:   -0.42741, Loss_change:    1.93025589
Iter:   3, Energy:  -35.07681, Int:  -35.50594, Ext:   -0.42913, Loss_change:    0.27884674
Iter:   4, Energy:  -35.55678, Int:  -35.99091, Ext:   -0.43414, Loss_change:    0.47996521
Iter:   5, Energy:  -35.91226, Int:  -36.34599, Ext:   -0.43372, Loss_change:    0.35548401
Iter:   6, Energy:  -36.03428, Int:  -36.46787, Ext:   -0.43359, Loss_change:    0.12201309
Iter:   7, Energy:  -36.18356, Int:  -36.61815, Ext:   -0.43460, Loss_change:    0.14928055
Iter:   8, Energy:  -36.24530, Int:  -36.68021, Ext:   -0.43491, Loss_change:    0.06174088
Iter:   9, Energy:  -36.30906, Int:  -36.74427, Ext:   -0.43522, Loss_change:    0.06375885
Iter:  10, Energy:  -36.37262, Int:  -36.80821, Ext:   -0.43559, Loss_change:    0.06356812
Iter:  11, Energy:  -36.41677, Int:  -36.85243, Ext:   -0.43566, Loss_change:    0.04415131
Iter:  12, Energy:  -36.45264, Int:  -36.88824, Ext:   -0.43559, Loss_change:    0.03586960
Iter:  13, Energy:  -36.47605, Int:  -36.91174, Ext:   -0.43569, Loss_change:    0.02340317
Iter:  14, Energy:  -36.49759, Int:  -36.93348, Ext:   -0.43589, Loss_change:    0.02154541
Iter:  15, Energy:  -36.51340, Int:  -36.94946, Ext:   -0.43606, Loss_change:    0.01581192
Iter:  16, Energy:  -36.52525, Int:  -36.96146, Ext:   -0.43621, Loss_change:    0.01184082
Iter:  17, Energy:  -36.53772, Int:  -36.97404, Ext:   -0.43632, Loss_change:    0.01247406
Iter:  18, Energy:  -36.55045, Int:  -36.98685, Ext:   -0.43640, Loss_change:    0.01272964
Iter:  19, Energy:  -36.56057, Int:  -36.99694, Ext:   -0.43636, Loss_change:    0.01012421
Iter:  20, Energy:  -36.56844, Int:  -37.00476, Ext:   -0.43631, Loss_change:    0.00786972
Iter:  21, Energy:  -36.57467, Int:  -37.01093, Ext:   -0.43626, Loss_change:    0.00622559
Iter:  22, Energy:  -36.57935, Int:  -37.01560, Ext:   -0.43625, Loss_change:    0.00468445
Iter:  23, Energy:  -36.58316, Int:  -37.01944, Ext:   -0.43627, Loss_change:    0.00380707
Iter:  24, Energy:  -36.58753, Int:  -37.02382, Ext:   -0.43629, Loss_change:    0.00436783
Iter:  25, Energy:  -36.59555, Int:  -37.03182, Ext:   -0.43627, Loss_change:    0.00802612
Iter:  26, Energy:  -36.60390, Int:  -37.04027, Ext:   -0.43637, Loss_change:    0.00834274
Iter:  27, Energy:  -36.60922, Int:  -37.04560, Ext:   -0.43637, Loss_change:    0.00532532
Iter:  28, Energy:  -36.61430, Int:  -37.05074, Ext:   -0.43644, Loss_change:    0.00508118
Iter:  29, Energy:  -36.62383, Int:  -37.06038, Ext:   -0.43655, Loss_change:    0.00952911
Iter:  30, Energy:  -36.63301, Int:  -37.06953, Ext:   -0.43652, Loss_change:    0.00917816
Iter:  31, Energy:  -36.64371, Int:  -37.08018, Ext:   -0.43646, Loss_change:    0.01070023
Iter:  32, Energy:  -36.64803, Int:  -37.08456, Ext:   -0.43652, Loss_change:    0.00432205
Iter:  33, Energy:  -36.65047, Int:  -37.08702, Ext:   -0.43655, Loss_change:    0.00244141
Iter:  34, Energy:  -36.65462, Int:  -37.09119, Ext:   -0.43657, Loss_change:    0.00415039
Iter:  35, Energy:  -36.65944, Int:  -37.09598, Ext:   -0.43654, Loss_change:    0.00481033
Iter:  36, Energy:  -36.66224, Int:  -37.09876, Ext:   -0.43652, Loss_change:    0.00280380
Iter:  37, Energy:  -36.66449, Int:  -37.10099, Ext:   -0.43651, Loss_change:    0.00224686
Iter:  38, Energy:  -36.66766, Int:  -37.10417, Ext:   -0.43651, Loss_change:    0.00317383
Iter:  39, Energy:  -36.67173, Int:  -37.10831, Ext:   -0.43659, Loss_change:    0.00406647
Iter:  40, Energy:  -36.67620, Int:  -37.11278, Ext:   -0.43658, Loss_change:    0.00447845
Iter:  41, Energy:  -36.68066, Int:  -37.11724, Ext:   -0.43658, Loss_change:    0.00445557
Iter:  42, Energy:  -36.68534, Int:  -37.12194, Ext:   -0.43660, Loss_change:    0.00468445
Iter:  43, Energy:  -36.68962, Int:  -37.12624, Ext:   -0.43662, Loss_change:    0.00428009
Iter:  44, Energy:  -36.69729, Int:  -37.13400, Ext:   -0.43671, Loss_change:    0.00766754
Iter:  45, Energy:  -36.70280, Int:  -37.13953, Ext:   -0.43673, Loss_change:    0.00550842
Iter:  46, Energy:  -36.70618, Int:  -37.14287, Ext:   -0.43669, Loss_change:    0.00337601
Iter:  47, Energy:  -36.70969, Int:  -37.14637, Ext:   -0.43669, Loss_change:    0.00350952
Iter:  48, Energy:  -36.71301, Int:  -37.14971, Ext:   -0.43670, Loss_change:    0.00332642
Iter:  49, Energy:  -36.71556, Int:  -37.15225, Ext:   -0.43670, Loss_change:    0.00254440
Iter:  50, Energy:  -36.71915, Int:  -37.15586, Ext:   -0.43671, Loss_change:    0.00359344
Iter:   1, Energy:  -31.11116, Int:  -31.53036, Ext:   -0.41920, Loss_change:   31.11116409
Iter:   2, Energy:  -34.49324, Int:  -34.91882, Ext:   -0.42558, Loss_change:    3.38207245
Iter:   3, Energy:  -35.05743, Int:  -35.48615, Ext:   -0.42872, Loss_change:    0.56419373
Iter:   4, Energy:  -35.54712, Int:  -35.97834, Ext:   -0.43123, Loss_change:    0.48968506
Iter:   5, Energy:  -35.97332, Int:  -36.40709, Ext:   -0.43377, Loss_change:    0.42620850
Iter:   6, Energy:  -36.09282, Int:  -36.52690, Ext:   -0.43408, Loss_change:    0.11949539
Iter:   7, Energy:  -36.17046, Int:  -36.60500, Ext:   -0.43453, Loss_change:    0.07764435
Iter:   8, Energy:  -36.22436, Int:  -36.65910, Ext:   -0.43474, Loss_change:    0.05389786
Iter:   9, Energy:  -36.26485, Int:  -36.69986, Ext:   -0.43501, Loss_change:    0.04048538
Iter:  10, Energy:  -36.32086, Int:  -36.75627, Ext:   -0.43540, Loss_change:    0.05601501
Iter:  11, Energy:  -36.36638, Int:  -36.80174, Ext:   -0.43536, Loss_change:    0.04552078
Iter:  12, Energy:  -36.40196, Int:  -36.83733, Ext:   -0.43537, Loss_change:    0.03557968
Iter:  13, Energy:  -36.43256, Int:  -36.86809, Ext:   -0.43553, Loss_change:    0.03059769
Iter:  14, Energy:  -36.45733, Int:  -36.89299, Ext:   -0.43566, Loss_change:    0.02476883
Iter:  15, Energy:  -36.47894, Int:  -36.91479, Ext:   -0.43585, Loss_change:    0.02161407
Iter:  16, Energy:  -36.49404, Int:  -36.93007, Ext:   -0.43602, Loss_change:    0.01509857
Iter:  17, Energy:  -36.50568, Int:  -36.94177, Ext:   -0.43609, Loss_change:    0.01163864
Iter:  18, Energy:  -36.51992, Int:  -36.95601, Ext:   -0.43609, Loss_change:    0.01424408
Iter:  19, Energy:  -36.53101, Int:  -36.96709, Ext:   -0.43609, Loss_change:    0.01108170
Iter:  20, Energy:  -36.53643, Int:  -36.97261, Ext:   -0.43618, Loss_change:    0.00542450
Iter:  21, Energy:  -36.54247, Int:  -36.97867, Ext:   -0.43620, Loss_change:    0.00604248
Iter:  22, Energy:  -36.54715, Int:  -36.98333, Ext:   -0.43617, Loss_change:    0.00467682
Iter:  23, Energy:  -36.55222, Int:  -36.98838, Ext:   -0.43616, Loss_change:    0.00506592
Iter:  24, Energy:  -36.55777, Int:  -36.99390, Ext:   -0.43614, Loss_change:    0.00555038
Iter:  25, Energy:  -36.56483, Int:  -37.00098, Ext:   -0.43614, Loss_change:    0.00706482
Iter:  26, Energy:  -36.57022, Int:  -37.00648, Ext:   -0.43626, Loss_change:    0.00538635
Iter:  27, Energy:  -36.57497, Int:  -37.01129, Ext:   -0.43631, Loss_change:    0.00475693
Iter:  28, Energy:  -36.58080, Int:  -37.01713, Ext:   -0.43634, Loss_change:    0.00582123
Iter:  29, Energy:  -36.58569, Int:  -37.02205, Ext:   -0.43636, Loss_change:    0.00489044
Iter:  30, Energy:  -36.59093, Int:  -37.02731, Ext:   -0.43637, Loss_change:    0.00524902
Iter:  31, Energy:  -36.59654, Int:  -37.03289, Ext:   -0.43635, Loss_change:    0.00560379
Iter:  32, Energy:  -36.60182, Int:  -37.03818, Ext:   -0.43636, Loss_change:    0.00528336
Iter:  33, Energy:  -36.60736, Int:  -37.04377, Ext:   -0.43640, Loss_change:    0.00554276
Iter:  34, Energy:  -36.61316, Int:  -37.04961, Ext:   -0.43646, Loss_change:    0.00579071
Iter:  35, Energy:  -36.61914, Int:  -37.05562, Ext:   -0.43648, Loss_change:    0.00598907
Iter:  36, Energy:  -36.62524, Int:  -37.06169, Ext:   -0.43646, Loss_change:    0.00609207
Iter:  37, Energy:  -36.62993, Int:  -37.06634, Ext:   -0.43641, Loss_change:    0.00469208
Iter:  38, Energy:  -36.63294, Int:  -37.06932, Ext:   -0.43637, Loss_change:    0.00301361
Iter:  39, Energy:  -36.63681, Int:  -37.07315, Ext:   -0.43634, Loss_change:    0.00386429
Iter:  40, Energy:  -36.64304, Int:  -37.07941, Ext:   -0.43637, Loss_change:    0.00623322
Iter:  41, Energy:  -36.64683, Int:  -37.08328, Ext:   -0.43645, Loss_change:    0.00379181
Iter:  42, Energy:  -36.64956, Int:  -37.08607, Ext:   -0.43651, Loss_change:    0.00272369
Iter:  43, Energy:  -36.65276, Int:  -37.08931, Ext:   -0.43655, Loss_change:    0.00320816
Iter:  44, Energy:  -36.65556, Int:  -37.09209, Ext:   -0.43653, Loss_change:    0.00279617
Iter:  45, Energy:  -36.65796, Int:  -37.09444, Ext:   -0.43648, Loss_change:    0.00239944
Iter:  46, Energy:  -36.66008, Int:  -37.09656, Ext:   -0.43648, Loss_change:    0.00212479
Iter:  47, Energy:  -36.66223, Int:  -37.09874, Ext:   -0.43651, Loss_change:    0.00214386
Iter:  48, Energy:  -36.66486, Int:  -37.10139, Ext:   -0.43653, Loss_change:    0.00262833
Iter:  49, Energy:  -36.66735, Int:  -37.10387, Ext:   -0.43652, Loss_change:    0.00249481
Iter:  50, Energy:  -36.66981, Int:  -37.10635, Ext:   -0.43654, Loss_change:    0.00246048
Iter:   1, Energy:  -28.92461, Int:  -29.34326, Ext:   -0.41865, Loss_change:   28.92460632
Iter:   2, Energy:  -34.76414, Int:  -35.18922, Ext:   -0.42509, Loss_change:    5.83953094
Iter:   3, Energy:  -35.39737, Int:  -35.82792, Ext:   -0.43055, Loss_change:    0.63323212
Iter:   4, Energy:  -36.00724, Int:  -36.44124, Ext:   -0.43400, Loss_change:    0.60987473
Iter:   5, Energy:  -36.26130, Int:  -36.69574, Ext:   -0.43444, Loss_change:    0.25405121
Iter:   6, Energy:  -36.35030, Int:  -36.78548, Ext:   -0.43519, Loss_change:    0.08900070
Iter:   7, Energy:  -36.43452, Int:  -36.87035, Ext:   -0.43584, Loss_change:    0.08422089
Iter:   8, Energy:  -36.50255, Int:  -36.93860, Ext:   -0.43605, Loss_change:    0.06803513
Iter:   9, Energy:  -36.53618, Int:  -36.97228, Ext:   -0.43609, Loss_change:    0.03363037
Iter:  10, Energy:  -36.56395, Int:  -37.00009, Ext:   -0.43614, Loss_change:    0.02776718
Iter:  11, Energy:  -36.58052, Int:  -37.01667, Ext:   -0.43616, Loss_change:    0.01656723
Iter:  12, Energy:  -36.60519, Int:  -37.04159, Ext:   -0.43640, Loss_change:    0.02466965
Iter:  13, Energy:  -36.61723, Int:  -37.05366, Ext:   -0.43643, Loss_change:    0.01203918
Iter:  14, Energy:  -36.63148, Int:  -37.06798, Ext:   -0.43650, Loss_change:    0.01425552
Iter:  15, Energy:  -36.64103, Int:  -37.07748, Ext:   -0.43646, Loss_change:    0.00954437
Iter:  16, Energy:  -36.64952, Int:  -37.08615, Ext:   -0.43663, Loss_change:    0.00849533
Iter:  17, Energy:  -36.66262, Int:  -37.09922, Ext:   -0.43660, Loss_change:    0.01309586
Iter:  18, Energy:  -36.67036, Int:  -37.10699, Ext:   -0.43663, Loss_change:    0.00774384
Iter:  19, Energy:  -36.68114, Int:  -37.11779, Ext:   -0.43665, Loss_change:    0.01078033
Iter:  20, Energy:  -36.68963, Int:  -37.12624, Ext:   -0.43660, Loss_change:    0.00849152
Iter:  21, Energy:  -36.69584, Int:  -37.13250, Ext:   -0.43666, Loss_change:    0.00620270
Iter:  22, Energy:  -36.70132, Int:  -37.13797, Ext:   -0.43665, Loss_change:    0.00548553
Iter:  23, Energy:  -36.70855, Int:  -37.14521, Ext:   -0.43667, Loss_change:    0.00722885
Iter:  24, Energy:  -36.71701, Int:  -37.15380, Ext:   -0.43679, Loss_change:    0.00845718
Iter:  25, Energy:  -36.72404, Int:  -37.16083, Ext:   -0.43679, Loss_change:    0.00703049
Iter:  26, Energy:  -36.72847, Int:  -37.16523, Ext:   -0.43676, Loss_change:    0.00443649
Iter:  27, Energy:  -36.73260, Int:  -37.16937, Ext:   -0.43677, Loss_change:    0.00412750
Iter:  28, Energy:  -36.73773, Int:  -37.17461, Ext:   -0.43688, Loss_change:    0.00513077
Iter:  29, Energy:  -36.74334, Int:  -37.18023, Ext:   -0.43689, Loss_change:    0.00560379
Iter:  30, Energy:  -36.74819, Int:  -37.18508, Ext:   -0.43689, Loss_change:    0.00485229
Iter:  31, Energy:  -36.75189, Int:  -37.18879, Ext:   -0.43690, Loss_change:    0.00370026
Iter:  32, Energy:  -36.75548, Int:  -37.19238, Ext:   -0.43690, Loss_change:    0.00358963
Iter:  33, Energy:  -36.75793, Int:  -37.19481, Ext:   -0.43688, Loss_change:    0.00244904
Iter:  34, Energy:  -36.76177, Int:  -37.19873, Ext:   -0.43696, Loss_change:    0.00384521
Iter:  35, Energy:  -36.76513, Int:  -37.20203, Ext:   -0.43690, Loss_change:    0.00335312
Iter:  36, Energy:  -36.76781, Int:  -37.20477, Ext:   -0.43696, Loss_change:    0.00268555
Iter:  37, Energy:  -36.76963, Int:  -37.20658, Ext:   -0.43695, Loss_change:    0.00181961
Iter:  38, Energy:  -36.77126, Int:  -37.20819, Ext:   -0.43692, Loss_change:    0.00163269
Iter:  39, Energy:  -36.77322, Int:  -37.21015, Ext:   -0.43693, Loss_change:    0.00195694
Iter:  40, Energy:  -36.77514, Int:  -37.21208, Ext:   -0.43694, Loss_change:    0.00191498
Iter:  41, Energy:  -36.77652, Int:  -37.21348, Ext:   -0.43696, Loss_change:    0.00138855
Iter:  42, Energy:  -36.77822, Int:  -37.21520, Ext:   -0.43697, Loss_change:    0.00170135
Iter:  43, Energy:  -36.77932, Int:  -37.21630, Ext:   -0.43697, Loss_change:    0.00109863
Iter:  44, Energy:  -36.78066, Int:  -37.21762, Ext:   -0.43697, Loss_change:    0.00133514
Iter:  45, Energy:  -36.78220, Int:  -37.21915, Ext:   -0.43695, Loss_change:    0.00154114
Iter:  46, Energy:  -36.78360, Int:  -37.22055, Ext:   -0.43695, Loss_change:    0.00140381
Iter:  47, Energy:  -36.78475, Int:  -37.22172, Ext:   -0.43697, Loss_change:    0.00114822
Iter:  48, Energy:  -36.78594, Int:  -37.22290, Ext:   -0.43697, Loss_change:    0.00118637
Iter:  49, Energy:  -36.78746, Int:  -37.22442, Ext:   -0.43696, Loss_change:    0.00151825
Iter:  50, Energy:  -36.78891, Int:  -37.22585, Ext:   -0.43694, Loss_change:    0.00145721
Iter:   1, Energy:  -32.05723, Int:  -32.47663, Ext:   -0.41940, Loss_change:   32.05722809
Iter:   2, Energy:  -35.06618, Int:  -35.49494, Ext:   -0.42876, Loss_change:    3.00895309
Iter:   3, Energy:  -35.76706, Int:  -36.19835, Ext:   -0.43129, Loss_change:    0.70087433
Iter:   4, Energy:  -36.06672, Int:  -36.50115, Ext:   -0.43442, Loss_change:    0.29966736
Iter:   5, Energy:  -36.21542, Int:  -36.64993, Ext:   -0.43451, Loss_change:    0.14869308
Iter:   6, Energy:  -36.28651, Int:  -36.72165, Ext:   -0.43514, Loss_change:    0.07109070
Iter:   7, Energy:  -36.35400, Int:  -36.78956, Ext:   -0.43556, Loss_change:    0.06749725
Iter:   8, Energy:  -36.40126, Int:  -36.83670, Ext:   -0.43545, Loss_change:    0.04725266
Iter:   9, Energy:  -36.42987, Int:  -36.86548, Ext:   -0.43561, Loss_change:    0.02861786
Iter:  10, Energy:  -36.46591, Int:  -36.90170, Ext:   -0.43579, Loss_change:    0.03603363
Iter:  11, Energy:  -36.51149, Int:  -36.94754, Ext:   -0.43606, Loss_change:    0.04558182
Iter:  12, Energy:  -36.53596, Int:  -36.97219, Ext:   -0.43623, Loss_change:    0.02447128
Iter:  13, Energy:  -36.55210, Int:  -36.98835, Ext:   -0.43625, Loss_change:    0.01613617
Iter:  14, Energy:  -36.56904, Int:  -37.00541, Ext:   -0.43637, Loss_change:    0.01694489
Iter:  15, Energy:  -36.58489, Int:  -37.02124, Ext:   -0.43635, Loss_change:    0.01584625
Iter:  16, Energy:  -36.59623, Int:  -37.03261, Ext:   -0.43638, Loss_change:    0.01133728
Iter:  17, Energy:  -36.60422, Int:  -37.04058, Ext:   -0.43636, Loss_change:    0.00799561
Iter:  18, Energy:  -36.61780, Int:  -37.05404, Ext:   -0.43624, Loss_change:    0.01357651
Iter:  19, Energy:  -36.62798, Int:  -37.06434, Ext:   -0.43637, Loss_change:    0.01017761
Iter:  20, Energy:  -36.63808, Int:  -37.07460, Ext:   -0.43652, Loss_change:    0.01010895
Iter:  21, Energy:  -36.64608, Int:  -37.08260, Ext:   -0.43652, Loss_change:    0.00799561
Iter:  22, Energy:  -36.65160, Int:  -37.08811, Ext:   -0.43651, Loss_change:    0.00551987
Iter:  23, Energy:  -36.66048, Int:  -37.09703, Ext:   -0.43655, Loss_change:    0.00888443
Iter:  24, Energy:  -36.67498, Int:  -37.11160, Ext:   -0.43662, Loss_change:    0.01449203
Iter:  25, Energy:  -36.68234, Int:  -37.11896, Ext:   -0.43662, Loss_change:    0.00736237
Iter:  26, Energy:  -36.68986, Int:  -37.12653, Ext:   -0.43667, Loss_change:    0.00752258
Iter:  27, Energy:  -36.69521, Int:  -37.13189, Ext:   -0.43667, Loss_change:    0.00534821
Iter:  28, Energy:  -36.70604, Int:  -37.14265, Ext:   -0.43661, Loss_change:    0.01083374
Iter:  29, Energy:  -36.71184, Int:  -37.14851, Ext:   -0.43667, Loss_change:    0.00579834
Iter:  30, Energy:  -36.72013, Int:  -37.15685, Ext:   -0.43672, Loss_change:    0.00828934
Iter:  31, Energy:  -36.72371, Int:  -37.16047, Ext:   -0.43676, Loss_change:    0.00357819
Iter:  32, Energy:  -36.73149, Int:  -37.16833, Ext:   -0.43683, Loss_change:    0.00778580
Iter:  33, Energy:  -36.73499, Int:  -37.17178, Ext:   -0.43679, Loss_change:    0.00349426
Iter:  34, Energy:  -36.74163, Int:  -37.17838, Ext:   -0.43676, Loss_change:    0.00663757
Iter:  35, Energy:  -36.74738, Int:  -37.18425, Ext:   -0.43688, Loss_change:    0.00574875
Iter:  36, Energy:  -36.75341, Int:  -37.19030, Ext:   -0.43689, Loss_change:    0.00603485
Iter:  37, Energy:  -36.75845, Int:  -37.19539, Ext:   -0.43694, Loss_change:    0.00503922
Iter:  38, Energy:  -36.76480, Int:  -37.20165, Ext:   -0.43685, Loss_change:    0.00635147
Iter:  39, Energy:  -36.76895, Int:  -37.20584, Ext:   -0.43689, Loss_change:    0.00414658
Iter:  40, Energy:  -36.77293, Int:  -37.20984, Ext:   -0.43690, Loss_change:    0.00398636
Iter:  41, Energy:  -36.77613, Int:  -37.21305, Ext:   -0.43692, Loss_change:    0.00319290
Iter:  42, Energy:  -36.77850, Int:  -37.21544, Ext:   -0.43694, Loss_change:    0.00237274
Iter:  43, Energy:  -36.77988, Int:  -37.21683, Ext:   -0.43695, Loss_change:    0.00138474
Iter:  44, Energy:  -36.78272, Int:  -37.21968, Ext:   -0.43696, Loss_change:    0.00283813
Iter:  45, Energy:  -36.78576, Int:  -37.22272, Ext:   -0.43696, Loss_change:    0.00304031
Iter:  46, Energy:  -36.78735, Int:  -37.22429, Ext:   -0.43694, Loss_change:    0.00158310
Iter:  47, Energy:  -36.78913, Int:  -37.22613, Ext:   -0.43700, Loss_change:    0.00178146
Iter:  48, Energy:  -36.79089, Int:  -37.22786, Ext:   -0.43697, Loss_change:    0.00175858
Iter:  49, Energy:  -36.79209, Int:  -37.22906, Ext:   -0.43697, Loss_change:    0.00120544
Iter:  50, Energy:  -36.79406, Int:  -37.23104, Ext:   -0.43699, Loss_change:    0.00196457
Iter:   1, Energy:  -34.42181, Int:  -34.84684, Ext:   -0.42503, Loss_change:   34.42181015
Iter:   2, Energy:  -35.18329, Int:  -35.61305, Ext:   -0.42976, Loss_change:    0.76148224
Iter:   3, Energy:  -35.74653, Int:  -36.17941, Ext:   -0.43288, Loss_change:    0.56323624
Iter:   4, Energy:  -35.94188, Int:  -36.37534, Ext:   -0.43347, Loss_change:    0.19534683
Iter:   5, Energy:  -36.14312, Int:  -36.57756, Ext:   -0.43444, Loss_change:    0.20124435
Iter:   6, Energy:  -36.22486, Int:  -36.65963, Ext:   -0.43477, Loss_change:    0.08174515
Iter:   7, Energy:  -36.30600, Int:  -36.74150, Ext:   -0.43550, Loss_change:    0.08113861
Iter:   8, Energy:  -36.38117, Int:  -36.81650, Ext:   -0.43533, Loss_change:    0.07516861
Iter:   9, Energy:  -36.42504, Int:  -36.86058, Ext:   -0.43554, Loss_change:    0.04386520
Iter:  10, Energy:  -36.45126, Int:  -36.88702, Ext:   -0.43576, Loss_change:    0.02622604
Iter:  11, Energy:  -36.48465, Int:  -36.92055, Ext:   -0.43591, Loss_change:    0.03338242
Iter:  12, Energy:  -36.51263, Int:  -36.94870, Ext:   -0.43607, Loss_change:    0.02798843
Iter:  13, Energy:  -36.55060, Int:  -36.98677, Ext:   -0.43617, Loss_change:    0.03796768
Iter:  14, Energy:  -36.57700, Int:  -37.01340, Ext:   -0.43640, Loss_change:    0.02640152
Iter:  15, Energy:  -36.59758, Int:  -37.03395, Ext:   -0.43637, Loss_change:    0.02057266
Iter:  16, Energy:  -36.60749, Int:  -37.04386, Ext:   -0.43637, Loss_change:    0.00991440
Iter:  17, Energy:  -36.61847, Int:  -37.05489, Ext:   -0.43643, Loss_change:    0.01097488
Iter:  18, Energy:  -36.62833, Int:  -37.06479, Ext:   -0.43645, Loss_change:    0.00986862
Iter:  19, Energy:  -36.63610, Int:  -37.07247, Ext:   -0.43636, Loss_change:    0.00777054
Iter:  20, Energy:  -36.64905, Int:  -37.08549, Ext:   -0.43644, Loss_change:    0.01294708
Iter:  21, Energy:  -36.65575, Int:  -37.09224, Ext:   -0.43649, Loss_change:    0.00670242
Iter:  22, Energy:  -36.66503, Int:  -37.10168, Ext:   -0.43666, Loss_change:    0.00927353
Iter:  23, Energy:  -36.67127, Int:  -37.10786, Ext:   -0.43659, Loss_change:    0.00624466
Iter:  24, Energy:  -36.67911, Int:  -37.11570, Ext:   -0.43659, Loss_change:    0.00783920
Iter:  25, Energy:  -36.68655, Int:  -37.12329, Ext:   -0.43674, Loss_change:    0.00743866
Iter:  26, Energy:  -36.69223, Int:  -37.12887, Ext:   -0.43665, Loss_change:    0.00567627
Iter:  27, Energy:  -36.69845, Int:  -37.13503, Ext:   -0.43658, Loss_change:    0.00622177
Iter:  28, Energy:  -36.70829, Int:  -37.14503, Ext:   -0.43673, Loss_change:    0.00984573
Iter:  29, Energy:  -36.71627, Int:  -37.15294, Ext:   -0.43667, Loss_change:    0.00797653
Iter:  30, Energy:  -36.72028, Int:  -37.15708, Ext:   -0.43679, Loss_change:    0.00401306
Iter:  31, Energy:  -36.72517, Int:  -37.16203, Ext:   -0.43686, Loss_change:    0.00488281
Iter:  32, Energy:  -36.73041, Int:  -37.16714, Ext:   -0.43673, Loss_change:    0.00524139
Iter:  33, Energy:  -36.73590, Int:  -37.17268, Ext:   -0.43679, Loss_change:    0.00548935
Iter:  34, Energy:  -36.74002, Int:  -37.17691, Ext:   -0.43689, Loss_change:    0.00412369
Iter:  35, Energy:  -36.74251, Int:  -37.17935, Ext:   -0.43684, Loss_change:    0.00249100
Iter:  36, Energy:  -36.74467, Int:  -37.18147, Ext:   -0.43680, Loss_change:    0.00216293
Iter:  37, Energy:  -36.74767, Int:  -37.18457, Ext:   -0.43690, Loss_change:    0.00299454
Iter:  38, Energy:  -36.75166, Int:  -37.18854, Ext:   -0.43688, Loss_change:    0.00399017
Iter:  39, Energy:  -36.75423, Int:  -37.19107, Ext:   -0.43684, Loss_change:    0.00256729
Iter:  40, Energy:  -36.75629, Int:  -37.19317, Ext:   -0.43688, Loss_change:    0.00206757
Iter:  41, Energy:  -36.76125, Int:  -37.19812, Ext:   -0.43688, Loss_change:    0.00495529
Iter:  42, Energy:  -36.76320, Int:  -37.20005, Ext:   -0.43684, Loss_change:    0.00195312
Iter:  43, Energy:  -36.76609, Int:  -37.20298, Ext:   -0.43689, Loss_change:    0.00288391
Iter:  44, Energy:  -36.76810, Int:  -37.20504, Ext:   -0.43694, Loss_change:    0.00201797
Iter:  45, Energy:  -36.77084, Int:  -37.20778, Ext:   -0.43694, Loss_change:    0.00273514
Iter:  46, Energy:  -36.77321, Int:  -37.21022, Ext:   -0.43700, Loss_change:    0.00237274
Iter:  47, Energy:  -36.77567, Int:  -37.21257, Ext:   -0.43691, Loss_change:    0.00245285
Iter:  48, Energy:  -36.77742, Int:  -37.21432, Ext:   -0.43690, Loss_change:    0.00175858
Iter:  49, Energy:  -36.77945, Int:  -37.21641, Ext:   -0.43696, Loss_change:    0.00202560
Iter:  50, Energy:  -36.78136, Int:  -37.21829, Ext:   -0.43694, Loss_change:    0.00190735
Iter:   1, Energy:  -25.95552, Int:  -26.36836, Ext:   -0.41283, Loss_change:   25.95552444
Iter:   2, Energy:  -34.91325, Int:  -35.33897, Ext:   -0.42572, Loss_change:    8.95772934
Iter:   3, Energy:  -35.53079, Int:  -35.96387, Ext:   -0.43308, Loss_change:    0.61753464
Iter:   4, Energy:  -36.03762, Int:  -36.47174, Ext:   -0.43411, Loss_change:    0.50683594
Iter:   5, Energy:  -36.18481, Int:  -36.61946, Ext:   -0.43465, Loss_change:    0.14719009
Iter:   6, Energy:  -36.26281, Int:  -36.69771, Ext:   -0.43490, Loss_change:    0.07799911
Iter:   7, Energy:  -36.32107, Int:  -36.75668, Ext:   -0.43561, Loss_change:    0.05825806
Iter:   8, Energy:  -36.37748, Int:  -36.81304, Ext:   -0.43556, Loss_change:    0.05641174
Iter:   9, Energy:  -36.42505, Int:  -36.86045, Ext:   -0.43539, Loss_change:    0.04756927
Iter:  10, Energy:  -36.46781, Int:  -36.90354, Ext:   -0.43574, Loss_change:    0.04275513
Iter:  11, Energy:  -36.51383, Int:  -36.94981, Ext:   -0.43598, Loss_change:    0.04602051
Iter:  12, Energy:  -36.54582, Int:  -36.98194, Ext:   -0.43612, Loss_change:    0.03199387
Iter:  13, Energy:  -36.56565, Int:  -37.00201, Ext:   -0.43636, Loss_change:    0.01982498
Iter:  14, Energy:  -36.57836, Int:  -37.01471, Ext:   -0.43635, Loss_change:    0.01271439
Iter:  15, Energy:  -36.59731, Int:  -37.03366, Ext:   -0.43636, Loss_change:    0.01894379
Iter:  16, Energy:  -36.60398, Int:  -37.04036, Ext:   -0.43638, Loss_change:    0.00667953
Iter:  17, Energy:  -36.60810, Int:  -37.04447, Ext:   -0.43636, Loss_change:    0.00411987
Iter:  18, Energy:  -36.61443, Int:  -37.05084, Ext:   -0.43641, Loss_change:    0.00632477
Iter:  19, Energy:  -36.61940, Int:  -37.05580, Ext:   -0.43640, Loss_change:    0.00497055
Iter:  20, Energy:  -36.62413, Int:  -37.06055, Ext:   -0.43642, Loss_change:    0.00473404
Iter:  21, Energy:  -36.63282, Int:  -37.06934, Ext:   -0.43652, Loss_change:    0.00868607
Iter:  22, Energy:  -36.64031, Int:  -37.07680, Ext:   -0.43649, Loss_change:    0.00749207
Iter:  23, Energy:  -36.64979, Int:  -37.08630, Ext:   -0.43650, Loss_change:    0.00947952
Iter:  24, Energy:  -36.65608, Int:  -37.09258, Ext:   -0.43650, Loss_change:    0.00629044
Iter:  25, Energy:  -36.66523, Int:  -37.10182, Ext:   -0.43659, Loss_change:    0.00914383
Iter:  26, Energy:  -36.67155, Int:  -37.10816, Ext:   -0.43660, Loss_change:    0.00632858
Iter:  27, Energy:  -36.67945, Int:  -37.11596, Ext:   -0.43651, Loss_change:    0.00789261
Iter:  28, Energy:  -36.68526, Int:  -37.12186, Ext:   -0.43660, Loss_change:    0.00581360
Iter:  29, Energy:  -36.69263, Int:  -37.12925, Ext:   -0.43662, Loss_change:    0.00737381
Iter:  30, Energy:  -36.69680, Int:  -37.13343, Ext:   -0.43663, Loss_change:    0.00416565
Iter:  31, Energy:  -36.70388, Int:  -37.14064, Ext:   -0.43676, Loss_change:    0.00708389
Iter:  32, Energy:  -36.71220, Int:  -37.14886, Ext:   -0.43666, Loss_change:    0.00831223
Iter:  33, Energy:  -36.71927, Int:  -37.15602, Ext:   -0.43675, Loss_change:    0.00707626
Iter:  34, Energy:  -36.72577, Int:  -37.16249, Ext:   -0.43673, Loss_change:    0.00649261
Iter:  35, Energy:  -36.73193, Int:  -37.16872, Ext:   -0.43680, Loss_change:    0.00616074
Iter:  36, Energy:  -36.73868, Int:  -37.17554, Ext:   -0.43686, Loss_change:    0.00675201
Iter:  37, Energy:  -36.74241, Int:  -37.17925, Ext:   -0.43683, Loss_change:    0.00373459
Iter:  38, Energy:  -36.74535, Int:  -37.18223, Ext:   -0.43688, Loss_change:    0.00293732
Iter:  39, Energy:  -36.74838, Int:  -37.18523, Ext:   -0.43684, Loss_change:    0.00303268
Iter:  40, Energy:  -36.75144, Int:  -37.18826, Ext:   -0.43681, Loss_change:    0.00305939
Iter:  41, Energy:  -36.75414, Int:  -37.19103, Ext:   -0.43689, Loss_change:    0.00269699
Iter:  42, Energy:  -36.75907, Int:  -37.19600, Ext:   -0.43693, Loss_change:    0.00492859
Iter:  43, Energy:  -36.76223, Int:  -37.19912, Ext:   -0.43689, Loss_change:    0.00315857
Iter:  44, Energy:  -36.76645, Int:  -37.20335, Ext:   -0.43691, Loss_change:    0.00422287
Iter:  45, Energy:  -36.76942, Int:  -37.20636, Ext:   -0.43694, Loss_change:    0.00297165
Iter:  46, Energy:  -36.77102, Int:  -37.20793, Ext:   -0.43691, Loss_change:    0.00159836
Iter:  47, Energy:  -36.77407, Int:  -37.21104, Ext:   -0.43697, Loss_change:    0.00304794
Iter:  48, Energy:  -36.77869, Int:  -37.21565, Ext:   -0.43696, Loss_change:    0.00462341
Iter:  49, Energy:  -36.78128, Int:  -37.21828, Ext:   -0.43701, Loss_change:    0.00258636
Iter:  50, Energy:  -36.78333, Int:  -37.22029, Ext:   -0.43696, Loss_change:    0.00205231
Iter:   1, Energy:  -35.04079, Int:  -35.47025, Ext:   -0.42947, Loss_change:   35.04078674
Iter:   2, Energy:  -35.91426, Int:  -36.34748, Ext:   -0.43322, Loss_change:    0.87347031
Iter:   3, Energy:  -36.17671, Int:  -36.61157, Ext:   -0.43486, Loss_change:    0.26245117
Iter:   4, Energy:  -36.31043, Int:  -36.74592, Ext:   -0.43549, Loss_change:    0.13372040
Iter:   5, Energy:  -36.41565, Int:  -36.85126, Ext:   -0.43561, Loss_change:    0.10522461
Iter:   6, Energy:  -36.46487, Int:  -36.90085, Ext:   -0.43598, Loss_change:    0.04921341
Iter:   7, Energy:  -36.52277, Int:  -36.95864, Ext:   -0.43588, Loss_change:    0.05789948
Iter:   8, Energy:  -36.55471, Int:  -36.99099, Ext:   -0.43629, Loss_change:    0.03194046
Iter:   9, Energy:  -36.57232, Int:  -37.00856, Ext:   -0.43624, Loss_change:    0.01761627
Iter:  10, Energy:  -36.59123, Int:  -37.02763, Ext:   -0.43640, Loss_change:    0.01890945
Iter:  11, Energy:  -36.61235, Int:  -37.04866, Ext:   -0.43631, Loss_change:    0.02111435
Iter:  12, Energy:  -36.62725, Int:  -37.06370, Ext:   -0.43644, Loss_change:    0.01490784
Iter:  13, Energy:  -36.63334, Int:  -37.06981, Ext:   -0.43647, Loss_change:    0.00608444
Iter:  14, Energy:  -36.63918, Int:  -37.07562, Ext:   -0.43644, Loss_change:    0.00584412
Iter:  15, Energy:  -36.64337, Int:  -37.07977, Ext:   -0.43640, Loss_change:    0.00418854
Iter:  16, Energy:  -36.65053, Int:  -37.08707, Ext:   -0.43653, Loss_change:    0.00716019
Iter:  17, Energy:  -36.65656, Int:  -37.09307, Ext:   -0.43651, Loss_change:    0.00602722
Iter:  18, Energy:  -36.66116, Int:  -37.09760, Ext:   -0.43645, Loss_change:    0.00459671
Iter:  19, Energy:  -36.66644, Int:  -37.10309, Ext:   -0.43665, Loss_change:    0.00528717
Iter:  20, Energy:  -36.66959, Int:  -37.10607, Ext:   -0.43648, Loss_change:    0.00314713
Iter:  21, Energy:  -36.67374, Int:  -37.11029, Ext:   -0.43655, Loss_change:    0.00414658
Iter:  22, Energy:  -36.68092, Int:  -37.11759, Ext:   -0.43667, Loss_change:    0.00718689
Iter:  23, Energy:  -36.68488, Int:  -37.12155, Ext:   -0.43667, Loss_change:    0.00395584
Iter:  24, Energy:  -36.68898, Int:  -37.12563, Ext:   -0.43665, Loss_change:    0.00410461
Iter:  25, Energy:  -36.69411, Int:  -37.13067, Ext:   -0.43656, Loss_change:    0.00512695
Iter:  26, Energy:  -36.69684, Int:  -37.13350, Ext:   -0.43666, Loss_change:    0.00273132
Iter:  27, Energy:  -36.70079, Int:  -37.13751, Ext:   -0.43672, Loss_change:    0.00395203
Iter:  28, Energy:  -36.70467, Int:  -37.14138, Ext:   -0.43672, Loss_change:    0.00387192
Iter:  29, Energy:  -36.71278, Int:  -37.14947, Ext:   -0.43669, Loss_change:    0.00811768
Iter:  30, Energy:  -36.71807, Int:  -37.15484, Ext:   -0.43677, Loss_change:    0.00529099
Iter:  31, Energy:  -36.72157, Int:  -37.15823, Ext:   -0.43666, Loss_change:    0.00349426
Iter:  32, Energy:  -36.72593, Int:  -37.16277, Ext:   -0.43684, Loss_change:    0.00436020
Iter:  33, Energy:  -36.73059, Int:  -37.16728, Ext:   -0.43669, Loss_change:    0.00466156
Iter:  34, Energy:  -36.73431, Int:  -37.17115, Ext:   -0.43685, Loss_change:    0.00371552
Iter:  35, Energy:  -36.73556, Int:  -37.17241, Ext:   -0.43685, Loss_change:    0.00125122
Iter:  36, Energy:  -36.73784, Int:  -37.17467, Ext:   -0.43683, Loss_change:    0.00228500
Iter:  37, Energy:  -36.74081, Int:  -37.17768, Ext:   -0.43687, Loss_change:    0.00296402
Iter:  38, Energy:  -36.74288, Int:  -37.17965, Ext:   -0.43677, Loss_change:    0.00207138
Iter:  39, Energy:  -36.74424, Int:  -37.18115, Ext:   -0.43691, Loss_change:    0.00136185
Iter:  40, Energy:  -36.74623, Int:  -37.18309, Ext:   -0.43686, Loss_change:    0.00199127
Iter:  41, Energy:  -36.74844, Int:  -37.18529, Ext:   -0.43685, Loss_change:    0.00221252
Iter:  42, Energy:  -36.75138, Int:  -37.18820, Ext:   -0.43682, Loss_change:    0.00293732
Iter:  43, Energy:  -36.75530, Int:  -37.19216, Ext:   -0.43686, Loss_change:    0.00392151
Iter:  44, Energy:  -36.75687, Int:  -37.19374, Ext:   -0.43688, Loss_change:    0.00156403
Iter:  45, Energy:  -36.75858, Int:  -37.19545, Ext:   -0.43687, Loss_change:    0.00170898
Iter:  46, Energy:  -36.75961, Int:  -37.19648, Ext:   -0.43687, Loss_change:    0.00102997
Iter:  47, Energy:  -36.76175, Int:  -37.19862, Ext:   -0.43686, Loss_change:    0.00214386
Iter:  48, Energy:  -36.76482, Int:  -37.20164, Ext:   -0.43683, Loss_change:    0.00306702
Iter:  49, Energy:  -36.76674, Int:  -37.20367, Ext:   -0.43693, Loss_change:    0.00192261
Iter:  50, Energy:  -36.76831, Int:  -37.20522, Ext:   -0.43691, Loss_change:    0.00156784
Iter:   1, Energy:  -35.17076, Int:  -35.59909, Ext:   -0.42832, Loss_change:   35.17076492
Iter:   2, Energy:  -36.04630, Int:  -36.48008, Ext:   -0.43377, Loss_change:    0.87553787
Iter:   3, Energy:  -36.22870, Int:  -36.66357, Ext:   -0.43487, Loss_change:    0.18239594
Iter:   4, Energy:  -36.34488, Int:  -36.78022, Ext:   -0.43534, Loss_change:    0.11617661
Iter:   5, Energy:  -36.43708, Int:  -36.87252, Ext:   -0.43544, Loss_change:    0.09220505
Iter:   6, Energy:  -36.49369, Int:  -36.92973, Ext:   -0.43603, Loss_change:    0.05661011
Iter:   7, Energy:  -36.54192, Int:  -36.97822, Ext:   -0.43630, Loss_change:    0.04822540
Iter:   8, Energy:  -36.56627, Int:  -37.00249, Ext:   -0.43623, Loss_change:    0.02434921
Iter:   9, Energy:  -36.58472, Int:  -37.02098, Ext:   -0.43627, Loss_change:    0.01845551
Iter:  10, Energy:  -36.59532, Int:  -37.03165, Ext:   -0.43634, Loss_change:    0.01059723
Iter:  11, Energy:  -36.60567, Int:  -37.04204, Ext:   -0.43637, Loss_change:    0.01035309
Iter:  12, Energy:  -36.62594, Int:  -37.06232, Ext:   -0.43639, Loss_change:    0.02026749
Iter:  13, Energy:  -36.63863, Int:  -37.07504, Ext:   -0.43640, Loss_change:    0.01269531
Iter:  14, Energy:  -36.64827, Int:  -37.08474, Ext:   -0.43647, Loss_change:    0.00963211
Iter:  15, Energy:  -36.65456, Int:  -37.09101, Ext:   -0.43645, Loss_change:    0.00629425
Iter:  16, Energy:  -36.66543, Int:  -37.10192, Ext:   -0.43649, Loss_change:    0.01087189
Iter:  17, Energy:  -36.67352, Int:  -37.11012, Ext:   -0.43661, Loss_change:    0.00808334
Iter:  18, Energy:  -36.68198, Int:  -37.11851, Ext:   -0.43653, Loss_change:    0.00846100
Iter:  19, Energy:  -36.69071, Int:  -37.12740, Ext:   -0.43669, Loss_change:    0.00873566
Iter:  20, Energy:  -36.69828, Int:  -37.13499, Ext:   -0.43671, Loss_change:    0.00756836
Iter:  21, Energy:  -36.70887, Int:  -37.14546, Ext:   -0.43659, Loss_change:    0.01058578
Iter:  22, Energy:  -36.71604, Int:  -37.15280, Ext:   -0.43676, Loss_change:    0.00717163
Iter:  23, Energy:  -36.72469, Int:  -37.16153, Ext:   -0.43683, Loss_change:    0.00865555
Iter:  24, Energy:  -36.72876, Int:  -37.16562, Ext:   -0.43686, Loss_change:    0.00406647
Iter:  25, Energy:  -36.73407, Int:  -37.17087, Ext:   -0.43680, Loss_change:    0.00531006
Iter:  26, Energy:  -36.73648, Int:  -37.17329, Ext:   -0.43681, Loss_change:    0.00241470
Iter:  27, Energy:  -36.74262, Int:  -37.17934, Ext:   -0.43672, Loss_change:    0.00613403
Iter:  28, Energy:  -36.74638, Int:  -37.18317, Ext:   -0.43679, Loss_change:    0.00376129
Iter:  29, Energy:  -36.75049, Int:  -37.18735, Ext:   -0.43686, Loss_change:    0.00410843
Iter:  30, Energy:  -36.75593, Int:  -37.19287, Ext:   -0.43694, Loss_change:    0.00543976
Iter:  31, Energy:  -36.75984, Int:  -37.19664, Ext:   -0.43680, Loss_change:    0.00391006
Iter:  32, Energy:  -36.76680, Int:  -37.20367, Ext:   -0.43688, Loss_change:    0.00695801
Iter:  33, Energy:  -36.76913, Int:  -37.20605, Ext:   -0.43692, Loss_change:    0.00233078
Iter:  34, Energy:  -36.77276, Int:  -37.20971, Ext:   -0.43695, Loss_change:    0.00363541
Iter:  35, Energy:  -36.77461, Int:  -37.21149, Ext:   -0.43688, Loss_change:    0.00185013
Iter:  36, Energy:  -36.77596, Int:  -37.21286, Ext:   -0.43690, Loss_change:    0.00134659
Iter:  37, Energy:  -36.77798, Int:  -37.21493, Ext:   -0.43695, Loss_change:    0.00201797
Iter:  38, Energy:  -36.78099, Int:  -37.21804, Ext:   -0.43705, Loss_change:    0.00301361
Iter:  39, Energy:  -36.78333, Int:  -37.22036, Ext:   -0.43703, Loss_change:    0.00233459
Iter:  40, Energy:  -36.78582, Int:  -37.22281, Ext:   -0.43699, Loss_change:    0.00249481
Iter:  41, Energy:  -36.78772, Int:  -37.22469, Ext:   -0.43698, Loss_change:    0.00189972
Iter:  42, Energy:  -36.79042, Int:  -37.22747, Ext:   -0.43705, Loss_change:    0.00270081
Iter:  43, Energy:  -36.79319, Int:  -37.23017, Ext:   -0.43698, Loss_change:    0.00276947
Iter:  44, Energy:  -36.79474, Int:  -37.23174, Ext:   -0.43699, Loss_change:    0.00155258
Iter:  45, Energy:  -36.79698, Int:  -37.23401, Ext:   -0.43703, Loss_change:    0.00223541
Iter:  46, Energy:  -36.79878, Int:  -37.23579, Ext:   -0.43700, Loss_change:    0.00180435
Iter:  47, Energy:  -36.80065, Int:  -37.23771, Ext:   -0.43706, Loss_change:    0.00186539
Iter:  48, Energy:  -36.80274, Int:  -37.23973, Ext:   -0.43699, Loss_change:    0.00209427
Iter:  49, Energy:  -36.80410, Int:  -37.24120, Ext:   -0.43710, Loss_change:    0.00136185
Iter:  50, Energy:  -36.80600, Int:  -37.24310, Ext:   -0.43710, Loss_change:    0.00189209
Iter:   1, Energy:  -34.99664, Int:  -35.42513, Ext:   -0.42850, Loss_change:   34.99663544
Iter:   2, Energy:  -36.02176, Int:  -36.45577, Ext:   -0.43400, Loss_change:    1.02512741
Iter:   3, Energy:  -36.25134, Int:  -36.68662, Ext:   -0.43529, Loss_change:    0.22957230
Iter:   4, Energy:  -36.38671, Int:  -36.82225, Ext:   -0.43554, Loss_change:    0.13537598
Iter:   5, Energy:  -36.45401, Int:  -36.88956, Ext:   -0.43556, Loss_change:    0.06729507
Iter:   6, Energy:  -36.50689, Int:  -36.94273, Ext:   -0.43584, Loss_change:    0.05288315
Iter:   7, Energy:  -36.54348, Int:  -36.97952, Ext:   -0.43605, Loss_change:    0.03658676
Iter:   8, Energy:  -36.56370, Int:  -36.99982, Ext:   -0.43612, Loss_change:    0.02022171
Iter:   9, Energy:  -36.58398, Int:  -37.02034, Ext:   -0.43635, Loss_change:    0.02028656
Iter:  10, Energy:  -36.60066, Int:  -37.03700, Ext:   -0.43634, Loss_change:    0.01667786
Iter:  11, Energy:  -36.61550, Int:  -37.05197, Ext:   -0.43647, Loss_change:    0.01483917
Iter:  12, Energy:  -36.63075, Int:  -37.06720, Ext:   -0.43645, Loss_change:    0.01524734
Iter:  13, Energy:  -36.64560, Int:  -37.08220, Ext:   -0.43661, Loss_change:    0.01485062
Iter:  14, Energy:  -36.66150, Int:  -37.09822, Ext:   -0.43672, Loss_change:    0.01590347
Iter:  15, Energy:  -36.67182, Int:  -37.10846, Ext:   -0.43664, Loss_change:    0.01031494
Iter:  16, Energy:  -36.68318, Int:  -37.11973, Ext:   -0.43655, Loss_change:    0.01136398
Iter:  17, Energy:  -36.69020, Int:  -37.12690, Ext:   -0.43671, Loss_change:    0.00701523
Iter:  18, Energy:  -36.69736, Int:  -37.13409, Ext:   -0.43673, Loss_change:    0.00716400
Iter:  19, Energy:  -36.70390, Int:  -37.14072, Ext:   -0.43683, Loss_change:    0.00653458
Iter:  20, Energy:  -36.71164, Int:  -37.14835, Ext:   -0.43671, Loss_change:    0.00774384
Iter:  21, Energy:  -36.71902, Int:  -37.15572, Ext:   -0.43670, Loss_change:    0.00738144
Iter:  22, Energy:  -36.72387, Int:  -37.16068, Ext:   -0.43681, Loss_change:    0.00484848
Iter:  23, Energy:  -36.73138, Int:  -37.16809, Ext:   -0.43671, Loss_change:    0.00750732
Iter:  24, Energy:  -36.73650, Int:  -37.17326, Ext:   -0.43675, Loss_change:    0.00512695
Iter:  25, Energy:  -36.74201, Int:  -37.17896, Ext:   -0.43695, Loss_change:    0.00550842
Iter:  26, Energy:  -36.74686, Int:  -37.18359, Ext:   -0.43672, Loss_change:    0.00485229
Iter:  27, Energy:  -36.75208, Int:  -37.18875, Ext:   -0.43667, Loss_change:    0.00521851
Iter:  28, Energy:  -36.75596, Int:  -37.19289, Ext:   -0.43693, Loss_change:    0.00387573
Iter:  29, Energy:  -36.76229, Int:  -37.19918, Ext:   -0.43689, Loss_change:    0.00633240
Iter:  30, Energy:  -36.76479, Int:  -37.20158, Ext:   -0.43679, Loss_change:    0.00249863
Iter:  31, Energy:  -36.76718, Int:  -37.20412, Ext:   -0.43694, Loss_change:    0.00239182
Iter:  32, Energy:  -36.76962, Int:  -37.20648, Ext:   -0.43687, Loss_change:    0.00243378
Iter:  33, Energy:  -36.77254, Int:  -37.20945, Ext:   -0.43690, Loss_change:    0.00292587
Iter:  34, Energy:  -36.77379, Int:  -37.21073, Ext:   -0.43693, Loss_change:    0.00125122
Iter:  35, Energy:  -36.77527, Int:  -37.21221, Ext:   -0.43693, Loss_change:    0.00148010
Iter:  36, Energy:  -36.77803, Int:  -37.21505, Ext:   -0.43702, Loss_change:    0.00275421
Iter:  37, Energy:  -36.77899, Int:  -37.21590, Ext:   -0.43691, Loss_change:    0.00096130
Iter:  38, Energy:  -36.78291, Int:  -37.21989, Ext:   -0.43698, Loss_change:    0.00392151
Iter:  39, Energy:  -36.78500, Int:  -37.22200, Ext:   -0.43700, Loss_change:    0.00209427
Iter:  40, Energy:  -36.78757, Int:  -37.22463, Ext:   -0.43707, Loss_change:    0.00256348
Iter:  41, Energy:  -36.78976, Int:  -37.22674, Ext:   -0.43698, Loss_change:    0.00218964
Iter:  42, Energy:  -36.79328, Int:  -37.23031, Ext:   -0.43703, Loss_change:    0.00352478
Iter:  43, Energy:  -36.79551, Int:  -37.23250, Ext:   -0.43700, Loss_change:    0.00222397
Iter:  44, Energy:  -36.79757, Int:  -37.23464, Ext:   -0.43708, Loss_change:    0.00205994
Iter:  45, Energy:  -36.79903, Int:  -37.23604, Ext:   -0.43702, Loss_change:    0.00146103
Iter:  46, Energy:  -36.80049, Int:  -37.23748, Ext:   -0.43700, Loss_change:    0.00146103
Iter:  47, Energy:  -36.80141, Int:  -37.23844, Ext:   -0.43703, Loss_change:    0.00091934
Iter:  48, Energy:  -36.80286, Int:  -37.23987, Ext:   -0.43701, Loss_change:    0.00145721
Iter:  49, Energy:  -36.80313, Int:  -37.24025, Ext:   -0.43712, Loss_change:    0.00026321
Iter:  50, Energy:  -36.80393, Int:  -37.24094, Ext:   -0.43701, Loss_change:    0.00080109
Iter:   1, Energy:  -35.46743, Int:  -35.89619, Ext:   -0.42876, Loss_change:   35.46742630
Iter:   2, Energy:  -36.09990, Int:  -36.53469, Ext:   -0.43479, Loss_change:    0.63247681
Iter:   3, Energy:  -36.26119, Int:  -36.69630, Ext:   -0.43510, Loss_change:    0.16128922
Iter:   4, Energy:  -36.40057, Int:  -36.83628, Ext:   -0.43571, Loss_change:    0.13937759
Iter:   5, Energy:  -36.46492, Int:  -36.90059, Ext:   -0.43567, Loss_change:    0.06435394
Iter:   6, Energy:  -36.54808, Int:  -36.98412, Ext:   -0.43603, Loss_change:    0.08316040
Iter:   7, Energy:  -36.57868, Int:  -37.01493, Ext:   -0.43625, Loss_change:    0.03059769
Iter:   8, Energy:  -36.59978, Int:  -37.03609, Ext:   -0.43631, Loss_change:    0.02109528
Iter:   9, Energy:  -36.61261, Int:  -37.04903, Ext:   -0.43642, Loss_change:    0.01283264
Iter:  10, Energy:  -36.62376, Int:  -37.06013, Ext:   -0.43637, Loss_change:    0.01115417
Iter:  11, Energy:  -36.63686, Int:  -37.07326, Ext:   -0.43640, Loss_change:    0.01309204
Iter:  12, Energy:  -36.64803, Int:  -37.08446, Ext:   -0.43644, Loss_change:    0.01116943
Iter:  13, Energy:  -36.65752, Int:  -37.09405, Ext:   -0.43653, Loss_change:    0.00949860
Iter:  14, Energy:  -36.66525, Int:  -37.10188, Ext:   -0.43663, Loss_change:    0.00772476
Iter:  15, Energy:  -36.67155, Int:  -37.10820, Ext:   -0.43665, Loss_change:    0.00630188
Iter:  16, Energy:  -36.68166, Int:  -37.11823, Ext:   -0.43658, Loss_change:    0.01010513
Iter:  17, Energy:  -36.68872, Int:  -37.12556, Ext:   -0.43685, Loss_change:    0.00706100
Iter:  18, Energy:  -36.69896, Int:  -37.13565, Ext:   -0.43668, Loss_change:    0.01024628
Iter:  19, Energy:  -36.70496, Int:  -37.14168, Ext:   -0.43672, Loss_change:    0.00599670
Iter:  20, Energy:  -36.71578, Int:  -37.15245, Ext:   -0.43667, Loss_change:    0.01081848
Iter:  21, Energy:  -36.72261, Int:  -37.15935, Ext:   -0.43674, Loss_change:    0.00682831
Iter:  22, Energy:  -36.73091, Int:  -37.16776, Ext:   -0.43685, Loss_change:    0.00830078
Iter:  23, Energy:  -36.73640, Int:  -37.17323, Ext:   -0.43683, Loss_change:    0.00549316
Iter:  24, Energy:  -36.74301, Int:  -37.17995, Ext:   -0.43694, Loss_change:    0.00660706
Iter:  25, Energy:  -36.74869, Int:  -37.18555, Ext:   -0.43686, Loss_change:    0.00568390
Iter:  26, Energy:  -36.75396, Int:  -37.19088, Ext:   -0.43692, Loss_change:    0.00526810
Iter:  27, Energy:  -36.76044, Int:  -37.19732, Ext:   -0.43687, Loss_change:    0.00648117
Iter:  28, Energy:  -36.76478, Int:  -37.20171, Ext:   -0.43693, Loss_change:    0.00434113
Iter:  29, Energy:  -36.76982, Int:  -37.20669, Ext:   -0.43687, Loss_change:    0.00504303
Iter:  30, Energy:  -36.77264, Int:  -37.20961, Ext:   -0.43697, Loss_change:    0.00281525
Iter:  31, Energy:  -36.77662, Int:  -37.21360, Ext:   -0.43699, Loss_change:    0.00397491
Iter:  32, Energy:  -36.77924, Int:  -37.21621, Ext:   -0.43697, Loss_change:    0.00262451
Iter:  33, Energy:  -36.78167, Int:  -37.21868, Ext:   -0.43701, Loss_change:    0.00243378
Iter:  34, Energy:  -36.78378, Int:  -37.22073, Ext:   -0.43694, Loss_change:    0.00210953
Iter:  35, Energy:  -36.78579, Int:  -37.22282, Ext:   -0.43703, Loss_change:    0.00200653
Iter:  36, Energy:  -36.78697, Int:  -37.22406, Ext:   -0.43709, Loss_change:    0.00117874
Iter:  37, Energy:  -36.78879, Int:  -37.22577, Ext:   -0.43698, Loss_change:    0.00181961
Iter:  38, Energy:  -36.79126, Int:  -37.22826, Ext:   -0.43700, Loss_change:    0.00246811
Iter:  39, Energy:  -36.79218, Int:  -37.22917, Ext:   -0.43700, Loss_change:    0.00091934
Iter:  40, Energy:  -36.79466, Int:  -37.23172, Ext:   -0.43706, Loss_change:    0.00248718
Iter:  41, Energy:  -36.79692, Int:  -37.23397, Ext:   -0.43704, Loss_change:    0.00226212
Iter:  42, Energy:  -36.79889, Int:  -37.23591, Ext:   -0.43702, Loss_change:    0.00196075
Iter:  43, Energy:  -36.80050, Int:  -37.23756, Ext:   -0.43706, Loss_change:    0.00161362
Iter:  44, Energy:  -36.80193, Int:  -37.23900, Ext:   -0.43707, Loss_change:    0.00143433
Iter:  45, Energy:  -36.80306, Int:  -37.24011, Ext:   -0.43705, Loss_change:    0.00112915
Iter:  46, Energy:  -36.80470, Int:  -37.24173, Ext:   -0.43704, Loss_change:    0.00163269
Iter:  47, Energy:  -36.80639, Int:  -37.24347, Ext:   -0.43707, Loss_change:    0.00169754
Iter:  48, Energy:  -36.80885, Int:  -37.24593, Ext:   -0.43708, Loss_change:    0.00246048
Iter:  49, Energy:  -36.81014, Int:  -37.24720, Ext:   -0.43706, Loss_change:    0.00128937
Iter:  50, Energy:  -36.81265, Int:  -37.24971, Ext:   -0.43706, Loss_change:    0.00250626
0 [[0.00362727 0.00389769 0.0034308  0.00330558]
 [0.00210367 0.00287491 0.00297828 0.00283675]
 [0.00191669 0.00192818 0.0019332  0.00205093]
 [0.00185279 0.00175311 0.00166048 0.00172903]]
tid: 3591.46s
tid: 59.86m
tid: 1.00t
[[0.00362727 0.00389769 0.0034308  0.00330558]
 [0.00210367 0.00287491 0.00297828 0.00283675]
 [0.00191669 0.00192818 0.0019332  0.00205093]
 [0.00185279 0.00175311 0.00166048 0.00172903]]
