Best N: 10, nr. neurons: 10
Best N: 10, nr. neurons: 10
N: 10, nr. hidden neurons: 10

DEM:  1.01199   FEM:  1.15671
L2norm = -0.12511

Best N: 10, nr. neurons: 20
Best N: 10, nr. neurons: 20
N: 10, nr. hidden neurons: 20

DEM:  1.02489   FEM:  1.15671
L2norm = -0.11396

N: 10, nr. hidden neurons: 30

DEM:  1.02823   FEM:  1.15671
L2norm = -0.11107

N: 10, nr. hidden neurons: 40

DEM:  1.02869   FEM:  1.15671
L2norm = -0.11068

Best N: 20, nr. neurons: 10
Best N: 20, nr. neurons: 10
Best N: 20, nr. neurons: 10
Best N: 20, nr. neurons: 10
Best N: 20, nr. neurons: 10
N: 20, nr. hidden neurons: 10

DEM:  1.10652   FEM:  1.15671
L2norm = -0.04339

Best N: 20, nr. neurons: 20
N: 20, nr. hidden neurons: 20

DEM:  1.10850   FEM:  1.15671
L2norm = -0.04168

N: 20, nr. hidden neurons: 30

DEM:  1.10815   FEM:  1.15671
L2norm = -0.04198

N: 20, nr. hidden neurons: 40

DEM:  1.11041   FEM:  1.15671
L2norm = -0.04003

Best N: 30, nr. neurons: 10
N: 30, nr. hidden neurons: 10

DEM:  1.12123   FEM:  1.15671
L2norm = -0.03067

Best N: 30, nr. neurons: 20
Best N: 30, nr. neurons: 20
N: 30, nr. hidden neurons: 20

DEM:  1.13761   FEM:  1.15671
L2norm = -0.01651

Best N: 30, nr. neurons: 30
Best N: 30, nr. neurons: 30
N: 30, nr. hidden neurons: 30

DEM:  1.13815   FEM:  1.15671
L2norm = -0.01605

N: 30, nr. hidden neurons: 40

DEM:  1.14128   FEM:  1.15671
L2norm = -0.01334

losses
[[-0.12055142 -0.14716305 -0.14825837 -0.14881997]
 [-0.35286243 -0.36784032 -0.36959617 -0.37117982]
 [-0.43172001 -0.44878074 -0.4519082  -0.45141549]]
L2norms
[[-0.12187663 -0.1120582  -0.11229021 -0.11186922]
 [-0.04754629 -0.04176758 -0.04123484 -0.04101963]
 [-0.02272098 -0.01625735 -0.01536848 -0.01519473]]
