FEM: 0.05372000309226697
(900, 3)
time: 10.783 s
0.008100714389976045
time: 5.060 s
0.008037728631814395
time: 0.446 s
0.008037163809219943
time: 10.439 s
0.06945432054070776
time: 1.180 s
0.5227340937661288
time: 0.548 s
0.5227505889381628
time: 0.573 s
0.5227348232884368
time: 0.559 s
0.522705618435201
time: 0.562 s
0.5226734383788376
time: 5.909 s
0.5302710250157278
time: 10.065 s
0.5426366217893275
time: 0.257 s
0.9047336480239421
time: 0.241 s
0.9047336480239421
time: 0.240 s
0.9047336480239421
time: 0.252 s
0.9047336480239421
time: 0.239 s
0.9047336480239421
time: 0.240 s
0.9047336480239421
time: 0.240 s
0.9047336480239421
time: 0.240 s
0.9047336480239421
time: 0.252 s
0.9047336480239421
time: 0.240 s
0.9047336480239421
time: 0.240 s
0.9047336480239421
time: 0.240 s
0.9047336480239421
time: 0.240 s
0.9047336480239421
